#
# There is insufficient memory for the Java Runtime Environment to continue.
# Native memory allocation (malloc) failed to allocate 164096 bytes for Chunk::new
# Possible reasons:
#   The system is out of physical RAM or swap space
#   The process is running with CompressedOops enabled, and the Java Heap may be blocking the growth of the native heap
# Possible solutions:
#   Reduce memory load on the system
#   Increase physical memory or swap space
#   Check if swap backing store is full
#   Decrease Java heap size (-Xmx/-Xms)
#   Decrease number of Java threads
#   Decrease Java thread stack sizes (-Xss)
#   Set larger code cache with -XX:ReservedCodeCacheSize=
#   JVM is running with Zero Based Compressed Oops mode in which the Java heap is
#     placed in the first 32GB address space. The Java Heap base address is the
#     maximum limit for the native heap growth. Please use -XX:HeapBaseMinAddress
#     to set the Java Heap base and to place the Java Heap above 32GB virtual address.
# This output file may be truncated or incomplete.
#
#  Out of Memory Error (arena.cpp:189), pid=15496, tid=8832
#
# JRE version: Java(TM) SE Runtime Environment (17.0.3.1+2) (build 17.0.3.1+2-LTS-6)
# Java VM: Java HotSpot(TM) 64-Bit Server VM (17.0.3.1+2-LTS-6, mixed mode, sharing, tiered, compressed oops, compressed class ptrs, g1 gc, windows-amd64)
# No core dump will be written. Minidumps are not enabled by default on client versions of Windows
#

---------------  S U M M A R Y ------------

Command Line: -Dclassworlds.conf=D:\apache-maven-3.9.9\bin\m2.conf -Dmaven.home=D:\apache-maven-3.9.9 -Dlibrary.jansi.path=D:\apache-maven-3.9.9\lib\jansi-native -Dmaven.multiModuleProjectDirectory=D:\我的世界国家插件\Nation org.codehaus.plexus.classworlds.launcher.Launcher clean package

Host: 12th Gen Intel(R) Core(TM) i5-12400F, 12 cores, 15G,  Windows 10 , 64 bit Build 19041 (10.0.19041.928)
Time: Mon Dec  9 06:41:35 2024  Windows 10 , 64 bit Build 19041 (10.0.19041.928) elapsed time: 3.510087 seconds (0d 0h 0m 3s)

---------------  T H R E A D  ---------------

Current thread (0x0000023fcf45ffc0):  JavaThread "C2 CompilerThread1" daemon [_thread_in_native, id=8832, stack(0x00000057c4200000,0x00000057c4300000)]


Current CompileTask:
C2:   3510 4273       4       org.apache.maven.model.merge.ModelMerger::mergePlugin_GroupId (41 bytes)

Stack: [0x00000057c4200000,0x00000057c4300000]
Native frames: (J=compiled Java code, j=interpreted, Vv=VM code, C=native code)
V  [jvm.dll+0x6711ba]
V  [jvm.dll+0x7d0834]
V  [jvm.dll+0x7d1fde]
V  [jvm.dll+0x7d2643]
V  [jvm.dll+0x242c85]
V  [jvm.dll+0xaa57b]
V  [jvm.dll+0xaab0c]
V  [jvm.dll+0x2a99df]
V  [jvm.dll+0x579889]
V  [jvm.dll+0x21defd]
V  [jvm.dll+0x217749]
V  [jvm.dll+0x21507b]
V  [jvm.dll+0x1a1c3d]
V  [jvm.dll+0x2249c8]
V  [jvm.dll+0x222b2c]
V  [jvm.dll+0x78650b]
V  [jvm.dll+0x780aca]
V  [jvm.dll+0x670045]
C  [ucrtbase.dll+0x21bb2]
C  [KERNEL32.DLL+0x17034]
C  [ntdll.dll+0x52651]


---------------  P R O C E S S  ---------------

Threads class SMR info:
_java_thread_list=0x0000023fd075c780, length=15, elements={
0x0000023fab590830, 0x0000023fce67de70, 0x0000023fce67e9f0, 0x0000023fce69b240,
0x0000023fce69e730, 0x0000023fce69ec00, 0x0000023fce69f0d0, 0x0000023fce69f980,
0x0000023fce69ff40, 0x0000023fce6a6970, 0x0000023fcf121990, 0x0000023fcf12d890,
0x0000023fcf45ffc0, 0x0000023fd0490020, 0x0000023fd0125990
}

Java Threads: ( => current thread )
  0x0000023fab590830 JavaThread "main" [_thread_in_vm, id=20492, stack(0x00000057c2f00000,0x00000057c3000000)]
  0x0000023fce67de70 JavaThread "Reference Handler" daemon [_thread_blocked, id=21960, stack(0x00000057c3600000,0x00000057c3700000)]
  0x0000023fce67e9f0 JavaThread "Finalizer" daemon [_thread_blocked, id=2156, stack(0x00000057c3700000,0x00000057c3800000)]
  0x0000023fce69b240 JavaThread "Signal Dispatcher" daemon [_thread_blocked, id=11928, stack(0x00000057c3800000,0x00000057c3900000)]
  0x0000023fce69e730 JavaThread "Attach Listener" daemon [_thread_blocked, id=16296, stack(0x00000057c3900000,0x00000057c3a00000)]
  0x0000023fce69ec00 JavaThread "Service Thread" daemon [_thread_blocked, id=17488, stack(0x00000057c3a00000,0x00000057c3b00000)]
  0x0000023fce69f0d0 JavaThread "Monitor Deflation Thread" daemon [_thread_blocked, id=19908, stack(0x00000057c3b00000,0x00000057c3c00000)]
  0x0000023fce69f980 JavaThread "C2 CompilerThread0" daemon [_thread_in_native, id=22288, stack(0x00000057c3c00000,0x00000057c3d00000)]
  0x0000023fce69ff40 JavaThread "C1 CompilerThread0" daemon [_thread_in_vm, id=16000, stack(0x00000057c3d00000,0x00000057c3e00000)]
  0x0000023fce6a6970 JavaThread "Sweeper thread" daemon [_thread_blocked, id=13920, stack(0x00000057c3e00000,0x00000057c3f00000)]
  0x0000023fcf121990 JavaThread "Notification Thread" daemon [_thread_blocked, id=14828, stack(0x00000057c3f00000,0x00000057c4000000)]
  0x0000023fcf12d890 JavaThread "Common-Cleaner" daemon [_thread_blocked, id=19096, stack(0x00000057c4100000,0x00000057c4200000)]
=>0x0000023fcf45ffc0 JavaThread "C2 CompilerThread1" daemon [_thread_in_native, id=8832, stack(0x00000057c4200000,0x00000057c4300000)]
  0x0000023fd0490020 JavaThread "Thread-1" daemon [_thread_blocked, id=20212, stack(0x00000057c4c00000,0x00000057c4d00000)]
  0x0000023fd0125990 JavaThread "C2 CompilerThread2" daemon [_thread_in_native, id=22460, stack(0x00000057c4300000,0x00000057c4400000)]

Other Threads:
  0x0000023fce67a470 VMThread "VM Thread" [stack: 0x00000057c3500000,0x00000057c3600000] [id=13256]
  0x0000023fab61ac70 WatcherThread [stack: 0x00000057c4000000,0x00000057c4100000] [id=20996]
  0x0000023fab5fd300 GCTaskThread "GC Thread#0" [stack: 0x00000057c3000000,0x00000057c3100000] [id=17832]
  0x0000023fcfbf6bc0 GCTaskThread "GC Thread#1" [stack: 0x00000057c4400000,0x00000057c4500000] [id=14936]
  0x0000023fcfaf2080 GCTaskThread "GC Thread#2" [stack: 0x00000057c4500000,0x00000057c4600000] [id=20760]
  0x0000023fcfaf2330 GCTaskThread "GC Thread#3" [stack: 0x00000057c4600000,0x00000057c4700000] [id=16048]
  0x0000023fcfc3a760 GCTaskThread "GC Thread#4" [stack: 0x00000057c4700000,0x00000057c4800000] [id=4884]
  0x0000023fcfc3aa10 GCTaskThread "GC Thread#5" [stack: 0x00000057c4800000,0x00000057c4900000] [id=19524]
  0x0000023fcfcb3470 GCTaskThread "GC Thread#6" [stack: 0x00000057c4900000,0x00000057c4a00000] [id=18188]
  0x0000023fcfd9b740 GCTaskThread "GC Thread#7" [stack: 0x00000057c4a00000,0x00000057c4b00000] [id=16752]
  0x0000023fcfcd4560 GCTaskThread "GC Thread#8" [stack: 0x00000057c4b00000,0x00000057c4c00000] [id=9108]
  0x0000023fab60ee20 ConcurrentGCThread "G1 Main Marker" [stack: 0x00000057c3100000,0x00000057c3200000] [id=6236]
  0x0000023fab610650 ConcurrentGCThread "G1 Conc#0" [stack: 0x00000057c3200000,0x00000057c3300000] [id=20916]
  0x0000023fab66e220 ConcurrentGCThread "G1 Refine#0" [stack: 0x00000057c3300000,0x00000057c3400000] [id=22120]
  0x0000023fab66ea50 ConcurrentGCThread "G1 Service" [stack: 0x00000057c3400000,0x00000057c3500000] [id=18560]

Threads with active compile tasks:
C2 CompilerThread0     3521 4279   !   4       com.google.inject.internal.SingletonScope$1::get (425 bytes)
C1 CompilerThread0     3521 4290       3       java.util.Spliterators$IteratorSpliterator::forEachRemaining (58 bytes)
C2 CompilerThread1     3521 4273       4       org.apache.maven.model.merge.ModelMerger::mergePlugin_GroupId (41 bytes)
C2 CompilerThread2     3521 4291       4       java.util.HashMap::keysToArray (81 bytes)

VM state: not at safepoint (normal execution)

VM Mutex/Monitor currently owned by a thread: None

Heap address: 0x0000000702400000, size: 4060 MB, Compressed Oops mode: Zero based, Oop shift amount: 3

CDS archive(s) mapped at: [0x0000000800000000-0x0000000800bc0000-0x0000000800bc0000), size 12320768, SharedBaseAddress: 0x0000000800000000, ArchiveRelocationMode: 0.
Compressed class space mapped at: 0x0000000800c00000-0x0000000840c00000, reserved size: 1073741824
Narrow klass base: 0x0000000800000000, Narrow klass shift: 0, Narrow klass range: 0x100000000

GC Precious Log:
 CPUs: 12 total, 12 available
 Memory: 16237M
 Large Page Support: Disabled
 NUMA Support: Disabled
 Compressed Oops: Enabled (Zero based)
 Heap Region Size: 2M
 Heap Min Capacity: 8M
 Heap Initial Capacity: 254M
 Heap Max Capacity: 4060M
 Pre-touch: Disabled
 Parallel Workers: 10
 Concurrent Workers: 3
 Concurrent Refinement Workers: 10
 Periodic GC: Disabled

Heap:
 garbage-first heap   total 260096K, used 154587K [0x0000000702400000, 0x0000000800000000)
  region size 2048K, 75 young (153600K), 1 survivors (2048K)
 Metaspace       used 17266K, committed 17536K, reserved 1064960K
  class space    used 2031K, committed 2176K, reserved 1048576K

Heap Regions: E=young(eden), S=young(survivor), O=old, HS=humongous(starts), HC=humongous(continues), CS=collection set, F=free, OA=open archive, CA=closed archive, TAMS=top-at-mark-start (previous, next)
|   0|0x0000000702400000, 0x0000000702600000, 0x0000000702600000|100%| O|  |TAMS 0x0000000702400000, 0x0000000702400000| Untracked 
|   1|0x0000000702600000, 0x00000007027a2a00, 0x0000000702800000| 81%| O|  |TAMS 0x0000000702600000, 0x0000000702600000| Untracked 
|   2|0x0000000702800000, 0x0000000702800000, 0x0000000702a00000|  0%| F|  |TAMS 0x0000000702800000, 0x0000000702800000| Untracked 
|   3|0x0000000702a00000, 0x0000000702a00000, 0x0000000702c00000|  0%| F|  |TAMS 0x0000000702a00000, 0x0000000702a00000| Untracked 
|   4|0x0000000702c00000, 0x0000000702c00000, 0x0000000702e00000|  0%| F|  |TAMS 0x0000000702c00000, 0x0000000702c00000| Untracked 
|   5|0x0000000702e00000, 0x0000000702e00000, 0x0000000703000000|  0%| F|  |TAMS 0x0000000702e00000, 0x0000000702e00000| Untracked 
|   6|0x0000000703000000, 0x0000000703000000, 0x0000000703200000|  0%| F|  |TAMS 0x0000000703000000, 0x0000000703000000| Untracked 
|   7|0x0000000703200000, 0x0000000703200000, 0x0000000703400000|  0%| F|  |TAMS 0x0000000703200000, 0x0000000703200000| Untracked 
|   8|0x0000000703400000, 0x0000000703400000, 0x0000000703600000|  0%| F|  |TAMS 0x0000000703400000, 0x0000000703400000| Untracked 
|   9|0x0000000703600000, 0x0000000703600000, 0x0000000703800000|  0%| F|  |TAMS 0x0000000703600000, 0x0000000703600000| Untracked 
|  10|0x0000000703800000, 0x0000000703800000, 0x0000000703a00000|  0%| F|  |TAMS 0x0000000703800000, 0x0000000703800000| Untracked 
|  11|0x0000000703a00000, 0x0000000703a00000, 0x0000000703c00000|  0%| F|  |TAMS 0x0000000703a00000, 0x0000000703a00000| Untracked 
|  12|0x0000000703c00000, 0x0000000703c00000, 0x0000000703e00000|  0%| F|  |TAMS 0x0000000703c00000, 0x0000000703c00000| Untracked 
|  13|0x0000000703e00000, 0x0000000703e00000, 0x0000000704000000|  0%| F|  |TAMS 0x0000000703e00000, 0x0000000703e00000| Untracked 
|  14|0x0000000704000000, 0x0000000704000000, 0x0000000704200000|  0%| F|  |TAMS 0x0000000704000000, 0x0000000704000000| Untracked 
|  15|0x0000000704200000, 0x0000000704200000, 0x0000000704400000|  0%| F|  |TAMS 0x0000000704200000, 0x0000000704200000| Untracked 
|  16|0x0000000704400000, 0x0000000704400000, 0x0000000704600000|  0%| F|  |TAMS 0x0000000704400000, 0x0000000704400000| Untracked 
|  17|0x0000000704600000, 0x0000000704600000, 0x0000000704800000|  0%| F|  |TAMS 0x0000000704600000, 0x0000000704600000| Untracked 
|  18|0x0000000704800000, 0x0000000704800000, 0x0000000704a00000|  0%| F|  |TAMS 0x0000000704800000, 0x0000000704800000| Untracked 
|  19|0x0000000704a00000, 0x0000000704a00000, 0x0000000704c00000|  0%| F|  |TAMS 0x0000000704a00000, 0x0000000704a00000| Untracked 
|  20|0x0000000704c00000, 0x0000000704c00000, 0x0000000704e00000|  0%| F|  |TAMS 0x0000000704c00000, 0x0000000704c00000| Untracked 
|  21|0x0000000704e00000, 0x0000000704e00000, 0x0000000705000000|  0%| F|  |TAMS 0x0000000704e00000, 0x0000000704e00000| Untracked 
|  22|0x0000000705000000, 0x0000000705000000, 0x0000000705200000|  0%| F|  |TAMS 0x0000000705000000, 0x0000000705000000| Untracked 
|  23|0x0000000705200000, 0x0000000705200000, 0x0000000705400000|  0%| F|  |TAMS 0x0000000705200000, 0x0000000705200000| Untracked 
|  24|0x0000000705400000, 0x0000000705400000, 0x0000000705600000|  0%| F|  |TAMS 0x0000000705400000, 0x0000000705400000| Untracked 
|  25|0x0000000705600000, 0x0000000705600000, 0x0000000705800000|  0%| F|  |TAMS 0x0000000705600000, 0x0000000705600000| Untracked 
|  26|0x0000000705800000, 0x0000000705800000, 0x0000000705a00000|  0%| F|  |TAMS 0x0000000705800000, 0x0000000705800000| Untracked 
|  27|0x0000000705a00000, 0x0000000705a00000, 0x0000000705c00000|  0%| F|  |TAMS 0x0000000705a00000, 0x0000000705a00000| Untracked 
|  28|0x0000000705c00000, 0x0000000705c00000, 0x0000000705e00000|  0%| F|  |TAMS 0x0000000705c00000, 0x0000000705c00000| Untracked 
|  29|0x0000000705e00000, 0x0000000705e00000, 0x0000000706000000|  0%| F|  |TAMS 0x0000000705e00000, 0x0000000705e00000| Untracked 
|  30|0x0000000706000000, 0x0000000706000000, 0x0000000706200000|  0%| F|  |TAMS 0x0000000706000000, 0x0000000706000000| Untracked 
|  31|0x0000000706200000, 0x0000000706200000, 0x0000000706400000|  0%| F|  |TAMS 0x0000000706200000, 0x0000000706200000| Untracked 
|  32|0x0000000706400000, 0x0000000706400000, 0x0000000706600000|  0%| F|  |TAMS 0x0000000706400000, 0x0000000706400000| Untracked 
|  33|0x0000000706600000, 0x0000000706600000, 0x0000000706800000|  0%| F|  |TAMS 0x0000000706600000, 0x0000000706600000| Untracked 
|  34|0x0000000706800000, 0x0000000706800000, 0x0000000706a00000|  0%| F|  |TAMS 0x0000000706800000, 0x0000000706800000| Untracked 
|  35|0x0000000706a00000, 0x0000000706a00000, 0x0000000706c00000|  0%| F|  |TAMS 0x0000000706a00000, 0x0000000706a00000| Untracked 
|  36|0x0000000706c00000, 0x0000000706c00000, 0x0000000706e00000|  0%| F|  |TAMS 0x0000000706c00000, 0x0000000706c00000| Untracked 
|  37|0x0000000706e00000, 0x0000000706e00000, 0x0000000707000000|  0%| F|  |TAMS 0x0000000706e00000, 0x0000000706e00000| Untracked 
|  38|0x0000000707000000, 0x0000000707000000, 0x0000000707200000|  0%| F|  |TAMS 0x0000000707000000, 0x0000000707000000| Untracked 
|  39|0x0000000707200000, 0x0000000707200000, 0x0000000707400000|  0%| F|  |TAMS 0x0000000707200000, 0x0000000707200000| Untracked 
|  40|0x0000000707400000, 0x0000000707400000, 0x0000000707600000|  0%| F|  |TAMS 0x0000000707400000, 0x0000000707400000| Untracked 
|  41|0x0000000707600000, 0x0000000707600000, 0x0000000707800000|  0%| F|  |TAMS 0x0000000707600000, 0x0000000707600000| Untracked 
|  42|0x0000000707800000, 0x0000000707800000, 0x0000000707a00000|  0%| F|  |TAMS 0x0000000707800000, 0x0000000707800000| Untracked 
|  43|0x0000000707a00000, 0x0000000707a00000, 0x0000000707c00000|  0%| F|  |TAMS 0x0000000707a00000, 0x0000000707a00000| Untracked 
|  44|0x0000000707c00000, 0x0000000707c00000, 0x0000000707e00000|  0%| F|  |TAMS 0x0000000707c00000, 0x0000000707c00000| Untracked 
|  45|0x0000000707e00000, 0x0000000707e00000, 0x0000000708000000|  0%| F|  |TAMS 0x0000000707e00000, 0x0000000707e00000| Untracked 
|  46|0x0000000708000000, 0x0000000708000000, 0x0000000708200000|  0%| F|  |TAMS 0x0000000708000000, 0x0000000708000000| Untracked 
|  47|0x0000000708200000, 0x0000000708200000, 0x0000000708400000|  0%| F|  |TAMS 0x0000000708200000, 0x0000000708200000| Untracked 
|  48|0x0000000708400000, 0x0000000708400000, 0x0000000708600000|  0%| F|  |TAMS 0x0000000708400000, 0x0000000708400000| Untracked 
|  49|0x0000000708600000, 0x0000000708600000, 0x0000000708800000|  0%| F|  |TAMS 0x0000000708600000, 0x0000000708600000| Untracked 
|  50|0x0000000708800000, 0x0000000708800000, 0x0000000708a00000|  0%| F|  |TAMS 0x0000000708800000, 0x0000000708800000| Untracked 
|  51|0x0000000708a00000, 0x0000000708a00000, 0x0000000708c00000|  0%| F|  |TAMS 0x0000000708a00000, 0x0000000708a00000| Untracked 
|  52|0x0000000708c00000, 0x0000000708e00000, 0x0000000708e00000|100%| E|  |TAMS 0x0000000708c00000, 0x0000000708c00000| Complete 
|  53|0x0000000708e00000, 0x0000000709000000, 0x0000000709000000|100%| E|CS|TAMS 0x0000000708e00000, 0x0000000708e00000| Complete 
|  54|0x0000000709000000, 0x0000000709200000, 0x0000000709200000|100%| E|CS|TAMS 0x0000000709000000, 0x0000000709000000| Complete 
|  55|0x0000000709200000, 0x0000000709400000, 0x0000000709400000|100%| E|CS|TAMS 0x0000000709200000, 0x0000000709200000| Complete 
|  56|0x0000000709400000, 0x0000000709600000, 0x0000000709600000|100%| E|CS|TAMS 0x0000000709400000, 0x0000000709400000| Complete 
|  57|0x0000000709600000, 0x0000000709800000, 0x0000000709800000|100%| E|CS|TAMS 0x0000000709600000, 0x0000000709600000| Complete 
|  58|0x0000000709800000, 0x0000000709a00000, 0x0000000709a00000|100%| E|CS|TAMS 0x0000000709800000, 0x0000000709800000| Complete 
|  59|0x0000000709a00000, 0x0000000709c00000, 0x0000000709c00000|100%| E|CS|TAMS 0x0000000709a00000, 0x0000000709a00000| Complete 
|  60|0x0000000709c00000, 0x0000000709e00000, 0x0000000709e00000|100%| E|CS|TAMS 0x0000000709c00000, 0x0000000709c00000| Complete 
|  61|0x0000000709e00000, 0x000000070a000000, 0x000000070a000000|100%| E|CS|TAMS 0x0000000709e00000, 0x0000000709e00000| Complete 
|  62|0x000000070a000000, 0x000000070a200000, 0x000000070a200000|100%| E|CS|TAMS 0x000000070a000000, 0x000000070a000000| Complete 
|  63|0x000000070a200000, 0x000000070a400000, 0x000000070a400000|100%| E|CS|TAMS 0x000000070a200000, 0x000000070a200000| Complete 
|  64|0x000000070a400000, 0x000000070a600000, 0x000000070a600000|100%| E|CS|TAMS 0x000000070a400000, 0x000000070a400000| Complete 
|  65|0x000000070a600000, 0x000000070a800000, 0x000000070a800000|100%| E|CS|TAMS 0x000000070a600000, 0x000000070a600000| Complete 
|  66|0x000000070a800000, 0x000000070aa00000, 0x000000070aa00000|100%| E|CS|TAMS 0x000000070a800000, 0x000000070a800000| Complete 
|  67|0x000000070aa00000, 0x000000070ac00000, 0x000000070ac00000|100%| E|CS|TAMS 0x000000070aa00000, 0x000000070aa00000| Complete 
|  68|0x000000070ac00000, 0x000000070ae00000, 0x000000070ae00000|100%| E|CS|TAMS 0x000000070ac00000, 0x000000070ac00000| Complete 
|  69|0x000000070ae00000, 0x000000070b000000, 0x000000070b000000|100%| E|CS|TAMS 0x000000070ae00000, 0x000000070ae00000| Complete 
|  70|0x000000070b000000, 0x000000070b200000, 0x000000070b200000|100%| E|CS|TAMS 0x000000070b000000, 0x000000070b000000| Complete 
|  71|0x000000070b200000, 0x000000070b400000, 0x000000070b400000|100%| E|CS|TAMS 0x000000070b200000, 0x000000070b200000| Complete 
|  72|0x000000070b400000, 0x000000070b600000, 0x000000070b600000|100%| E|CS|TAMS 0x000000070b400000, 0x000000070b400000| Complete 
|  73|0x000000070b600000, 0x000000070b800000, 0x000000070b800000|100%| E|CS|TAMS 0x000000070b600000, 0x000000070b600000| Complete 
|  74|0x000000070b800000, 0x000000070ba00000, 0x000000070ba00000|100%| E|CS|TAMS 0x000000070b800000, 0x000000070b800000| Complete 
|  75|0x000000070ba00000, 0x000000070bc00000, 0x000000070bc00000|100%| E|CS|TAMS 0x000000070ba00000, 0x000000070ba00000| Complete 
|  76|0x000000070bc00000, 0x000000070be00000, 0x000000070be00000|100%| E|CS|TAMS 0x000000070bc00000, 0x000000070bc00000| Complete 
|  77|0x000000070be00000, 0x000000070c000000, 0x000000070c000000|100%| E|CS|TAMS 0x000000070be00000, 0x000000070be00000| Complete 
|  78|0x000000070c000000, 0x000000070c200000, 0x000000070c200000|100%| E|CS|TAMS 0x000000070c000000, 0x000000070c000000| Complete 
|  79|0x000000070c200000, 0x000000070c400000, 0x000000070c400000|100%| E|CS|TAMS 0x000000070c200000, 0x000000070c200000| Complete 
|  80|0x000000070c400000, 0x000000070c600000, 0x000000070c600000|100%| E|CS|TAMS 0x000000070c400000, 0x000000070c400000| Complete 
|  81|0x000000070c600000, 0x000000070c800000, 0x000000070c800000|100%| E|CS|TAMS 0x000000070c600000, 0x000000070c600000| Complete 
|  82|0x000000070c800000, 0x000000070ca00000, 0x000000070ca00000|100%| E|CS|TAMS 0x000000070c800000, 0x000000070c800000| Complete 
|  83|0x000000070ca00000, 0x000000070cc00000, 0x000000070cc00000|100%| E|CS|TAMS 0x000000070ca00000, 0x000000070ca00000| Complete 
|  84|0x000000070cc00000, 0x000000070ce00000, 0x000000070ce00000|100%| E|CS|TAMS 0x000000070cc00000, 0x000000070cc00000| Complete 
|  85|0x000000070ce00000, 0x000000070d000000, 0x000000070d000000|100%| E|CS|TAMS 0x000000070ce00000, 0x000000070ce00000| Complete 
|  86|0x000000070d000000, 0x000000070d200000, 0x000000070d200000|100%| E|CS|TAMS 0x000000070d000000, 0x000000070d000000| Complete 
|  87|0x000000070d200000, 0x000000070d400000, 0x000000070d400000|100%| E|CS|TAMS 0x000000070d200000, 0x000000070d200000| Complete 
|  88|0x000000070d400000, 0x000000070d600000, 0x000000070d600000|100%| E|CS|TAMS 0x000000070d400000, 0x000000070d400000| Complete 
|  89|0x000000070d600000, 0x000000070d800000, 0x000000070d800000|100%| E|CS|TAMS 0x000000070d600000, 0x000000070d600000| Complete 
|  90|0x000000070d800000, 0x000000070da00000, 0x000000070da00000|100%| E|CS|TAMS 0x000000070d800000, 0x000000070d800000| Complete 
|  91|0x000000070da00000, 0x000000070dc00000, 0x000000070dc00000|100%| E|CS|TAMS 0x000000070da00000, 0x000000070da00000| Complete 
|  92|0x000000070dc00000, 0x000000070de00000, 0x000000070de00000|100%| E|CS|TAMS 0x000000070dc00000, 0x000000070dc00000| Complete 
|  93|0x000000070de00000, 0x000000070e000000, 0x000000070e000000|100%| E|CS|TAMS 0x000000070de00000, 0x000000070de00000| Complete 
|  94|0x000000070e000000, 0x000000070e200000, 0x000000070e200000|100%| E|CS|TAMS 0x000000070e000000, 0x000000070e000000| Complete 
|  95|0x000000070e200000, 0x000000070e400000, 0x000000070e400000|100%| E|CS|TAMS 0x000000070e200000, 0x000000070e200000| Complete 
|  96|0x000000070e400000, 0x000000070e600000, 0x000000070e600000|100%| E|CS|TAMS 0x000000070e400000, 0x000000070e400000| Complete 
|  97|0x000000070e600000, 0x000000070e800000, 0x000000070e800000|100%| E|CS|TAMS 0x000000070e600000, 0x000000070e600000| Complete 
|  98|0x000000070e800000, 0x000000070ea00000, 0x000000070ea00000|100%| E|CS|TAMS 0x000000070e800000, 0x000000070e800000| Complete 
|  99|0x000000070ea00000, 0x000000070ec00000, 0x000000070ec00000|100%| E|CS|TAMS 0x000000070ea00000, 0x000000070ea00000| Complete 
| 100|0x000000070ec00000, 0x000000070ee00000, 0x000000070ee00000|100%| E|CS|TAMS 0x000000070ec00000, 0x000000070ec00000| Complete 
| 101|0x000000070ee00000, 0x000000070f000000, 0x000000070f000000|100%| E|CS|TAMS 0x000000070ee00000, 0x000000070ee00000| Complete 
| 102|0x000000070f000000, 0x000000070f200000, 0x000000070f200000|100%| E|CS|TAMS 0x000000070f000000, 0x000000070f000000| Complete 
| 103|0x000000070f200000, 0x000000070f400000, 0x000000070f400000|100%| E|CS|TAMS 0x000000070f200000, 0x000000070f200000| Complete 
| 104|0x000000070f400000, 0x000000070f600000, 0x000000070f600000|100%| E|CS|TAMS 0x000000070f400000, 0x000000070f400000| Complete 
| 105|0x000000070f600000, 0x000000070f800000, 0x000000070f800000|100%| E|CS|TAMS 0x000000070f600000, 0x000000070f600000| Complete 
| 106|0x000000070f800000, 0x000000070fa00000, 0x000000070fa00000|100%| E|CS|TAMS 0x000000070f800000, 0x000000070f800000| Complete 
| 107|0x000000070fa00000, 0x000000070fc00000, 0x000000070fc00000|100%| E|CS|TAMS 0x000000070fa00000, 0x000000070fa00000| Complete 
| 108|0x000000070fc00000, 0x000000070fe00000, 0x000000070fe00000|100%| E|CS|TAMS 0x000000070fc00000, 0x000000070fc00000| Complete 
| 109|0x000000070fe00000, 0x0000000710000000, 0x0000000710000000|100%| E|CS|TAMS 0x000000070fe00000, 0x000000070fe00000| Complete 
| 110|0x0000000710000000, 0x0000000710200000, 0x0000000710200000|100%| E|CS|TAMS 0x0000000710000000, 0x0000000710000000| Complete 
| 111|0x0000000710200000, 0x00000007103543a0, 0x0000000710400000| 66%| S|CS|TAMS 0x0000000710200000, 0x0000000710200000| Complete 
| 112|0x0000000710400000, 0x0000000710600000, 0x0000000710600000|100%| E|CS|TAMS 0x0000000710400000, 0x0000000710400000| Complete 
| 113|0x0000000710600000, 0x0000000710800000, 0x0000000710800000|100%| E|CS|TAMS 0x0000000710600000, 0x0000000710600000| Complete 
| 114|0x0000000710800000, 0x0000000710a00000, 0x0000000710a00000|100%| E|CS|TAMS 0x0000000710800000, 0x0000000710800000| Complete 
| 115|0x0000000710a00000, 0x0000000710c00000, 0x0000000710c00000|100%| E|CS|TAMS 0x0000000710a00000, 0x0000000710a00000| Complete 
| 116|0x0000000710c00000, 0x0000000710e00000, 0x0000000710e00000|100%| E|CS|TAMS 0x0000000710c00000, 0x0000000710c00000| Complete 
| 117|0x0000000710e00000, 0x0000000711000000, 0x0000000711000000|100%| E|CS|TAMS 0x0000000710e00000, 0x0000000710e00000| Complete 
| 118|0x0000000711000000, 0x0000000711200000, 0x0000000711200000|100%| E|CS|TAMS 0x0000000711000000, 0x0000000711000000| Complete 
| 119|0x0000000711200000, 0x0000000711400000, 0x0000000711400000|100%| E|CS|TAMS 0x0000000711200000, 0x0000000711200000| Complete 
| 120|0x0000000711400000, 0x0000000711600000, 0x0000000711600000|100%| E|CS|TAMS 0x0000000711400000, 0x0000000711400000| Complete 
| 121|0x0000000711600000, 0x0000000711800000, 0x0000000711800000|100%| E|CS|TAMS 0x0000000711600000, 0x0000000711600000| Complete 
| 122|0x0000000711800000, 0x0000000711a00000, 0x0000000711a00000|100%| E|CS|TAMS 0x0000000711800000, 0x0000000711800000| Complete 
| 123|0x0000000711a00000, 0x0000000711c00000, 0x0000000711c00000|100%| E|CS|TAMS 0x0000000711a00000, 0x0000000711a00000| Complete 
| 124|0x0000000711c00000, 0x0000000711e00000, 0x0000000711e00000|100%| E|CS|TAMS 0x0000000711c00000, 0x0000000711c00000| Complete 
| 125|0x0000000711e00000, 0x0000000712000000, 0x0000000712000000|100%| E|CS|TAMS 0x0000000711e00000, 0x0000000711e00000| Complete 
| 126|0x0000000712000000, 0x0000000712200000, 0x0000000712200000|100%| E|CS|TAMS 0x0000000712000000, 0x0000000712000000| Complete 

Card table byte_map: [0x0000023fc2b50000,0x0000023fc3340000] _byte_map_base: 0x0000023fbf33e000

Marking Bits (Prev, Next): (CMBitMap*) 0x0000023fab5fe730, (CMBitMap*) 0x0000023fab5fe770
 Prev Bits: [0x0000023fc3b30000, 0x0000023fc7aa0000)
 Next Bits: [0x0000023fc7aa0000, 0x0000023fcba10000)

Polling page: 0x0000023fa9390000

Metaspace:

Usage:
  Non-class:     14.88 MB used.
      Class:      1.98 MB used.
       Both:     16.86 MB used.

Virtual space:
  Non-class space:       16.00 MB reserved,      15.00 MB ( 94%) committed,  2 nodes.
      Class space:        1.00 GB reserved,       2.12 MB ( <1%) committed,  1 nodes.
             Both:        1.02 GB reserved,      17.12 MB (  2%) committed. 

Chunk freelists:
   Non-Class:  704.00 KB
       Class:  1.80 MB
        Both:  2.48 MB

MaxMetaspaceSize: unlimited
CompressedClassSpaceSize: 1.00 GB
Initial GC threshold: 21.00 MB
Current GC threshold: 21.00 MB
CDS: on
MetaspaceReclaimPolicy: balanced
 - commit_granule_bytes: 65536.
 - commit_granule_words: 8192.
 - virtual_space_node_default_size: 1048576.
 - enlarge_chunks_in_place: 1.
 - new_chunks_are_fully_committed: 0.
 - uncommit_free_chunks: 1.
 - use_allocation_guard: 0.
 - handle_deallocations: 1.


Internal statistics:

num_allocs_failed_limit: 0.
num_arena_births: 126.
num_arena_deaths: 0.
num_vsnodes_births: 3.
num_vsnodes_deaths: 0.
num_space_committed: 274.
num_space_uncommitted: 0.
num_chunks_returned_to_freelist: 0.
num_chunks_taken_from_freelist: 752.
num_chunk_merges: 0.
num_chunk_splits: 505.
num_chunks_enlarged: 395.
num_purges: 0.
num_inconsistent_stats: 0.

CodeHeap 'non-profiled nmethods': size=120000Kb used=2296Kb max_used=2296Kb free=117703Kb
 bounds [0x0000023fba8e0000, 0x0000023fbab50000, 0x0000023fc1e10000]
CodeHeap 'profiled nmethods': size=120000Kb used=8921Kb max_used=8921Kb free=111078Kb
 bounds [0x0000023fb33b0000, 0x0000023fb3c70000, 0x0000023fba8e0000]
CodeHeap 'non-nmethods': size=5760Kb used=1207Kb max_used=1240Kb free=4553Kb
 bounds [0x0000023fb2e10000, 0x0000023fb3080000, 0x0000023fb33b0000]
 total_blobs=4779 nmethods=4291 adapters=398
 compilation: enabled
              stopped_count=0, restarted_count=0
 full_count=0

Compilation events (20 events):
Event: 3.499 Thread 0x0000023fce69ff40 4264       3       org.apache.maven.model.merge.ModelMerger::mergeDeploymentRepository (19 bytes)
Event: 3.499 Thread 0x0000023fce69ff40 nmethod 4264 0x0000023fb3c52210 code [0x0000023fb3c523e0, 0x0000023fb3c52908]
Event: 3.499 Thread 0x0000023fce69ff40 4265       3       org.apache.maven.model.merge.ModelMerger::mergeRepository (28 bytes)
Event: 3.499 Thread 0x0000023fce69ff40 nmethod 4265 0x0000023fb3c52a90 code [0x0000023fb3c52c40, 0x0000023fb3c52fc8]
Event: 3.503 Thread 0x0000023fce69ff40 4266       3       org.apache.maven.model.building.DefaultModelBuilder::configureResolver (9 bytes)
Event: 3.504 Thread 0x0000023fce69ff40 nmethod 4266 0x0000023fb3c53110 code [0x0000023fb3c532a0, 0x0000023fb3c533e8]
Event: 3.504 Thread 0x0000023fce69ff40 4268       3       java.util.function.Function::andThen (13 bytes)
Event: 3.504 Thread 0x0000023fcf45ffc0 4273       4       org.apache.maven.model.merge.ModelMerger::mergePlugin_GroupId (41 bytes)
Event: 3.504 Thread 0x0000023fce69ff40 nmethod 4268 0x0000023fb3c53490 code [0x0000023fb3c536a0, 0x0000023fb3c53e98]
Event: 3.504 Thread 0x0000023fce69ff40 4272       3       org.apache.maven.model.ReportPlugin::getReportSets (23 bytes)
Event: 3.505 Thread 0x0000023fce69ff40 nmethod 4272 0x0000023fb3c54110 code [0x0000023fb3c542e0, 0x0000023fb3c546d8]
Event: 3.505 Thread 0x0000023fce69ff40 4269       3       java.util.function.Function$$Lambda$25/0x0000000800c59b60::<init> (15 bytes)
Event: 3.505 Thread 0x0000023fce69ff40 nmethod 4269 0x0000023fb3c54810 code [0x0000023fb3c549c0, 0x0000023fb3c54bf8]
Event: 3.505 Thread 0x0000023fce69ff40 4270       3       java.util.function.Function$$Lambda$25/0x0000000800c59b60::apply (15 bytes)
Event: 3.505 Thread 0x0000023fce69ff40 nmethod 4270 0x0000023fb3c54c90 code [0x0000023fb3c54e40, 0x0000023fb3c55028]
Event: 3.505 Thread 0x0000023fce69ff40 4271       3       java.util.function.Function::lambda$andThen$1 (14 bytes)
Event: 3.505 Thread 0x0000023fce69ff40 nmethod 4271 0x0000023fb3c55110 code [0x0000023fb3c552c0, 0x0000023fb3c55558]
Event: 3.505 Thread 0x0000023fce69ff40 4267       3       org.apache.maven.model.building.DefaultModelBuilder::readParent (284 bytes)
Event: 3.506 Thread 0x0000023fce69ff40 nmethod 4267 0x0000023fb3c55610 code [0x0000023fb3c55a80, 0x0000023fb3c57a18]
Event: 3.507 Thread 0x0000023fce69ff40 4275   !   3       org.eclipse.aether.internal.impl.collect.df.DfDependencyCollector::processDependency (684 bytes)

GC Heap History (4 events):
Event: 0.364 GC heap before
{Heap before GC invocations=0 (full 0):
 garbage-first heap   total 260096K, used 22528K [0x0000000702400000, 0x0000000800000000)
  region size 2048K, 11 young (22528K), 0 survivors (0K)
 Metaspace       used 5446K, committed 5632K, reserved 1056768K
  class space    used 659K, committed 768K, reserved 1048576K
}
Event: 0.368 GC heap after
{Heap after GC invocations=1 (full 0):
 garbage-first heap   total 260096K, used 3994K [0x0000000702400000, 0x0000000800000000)
  region size 2048K, 2 young (4096K), 2 survivors (4096K)
 Metaspace       used 5446K, committed 5632K, reserved 1056768K
  class space    used 659K, committed 768K, reserved 1048576K
}
Event: 0.662 GC heap before
{Heap before GC invocations=1 (full 0):
 garbage-first heap   total 260096K, used 28570K [0x0000000702400000, 0x0000000800000000)
  region size 2048K, 15 young (30720K), 2 survivors (4096K)
 Metaspace       used 8682K, committed 8896K, reserved 1064960K
  class space    used 1051K, committed 1152K, reserved 1048576K
}
Event: 0.665 GC heap after
{Heap after GC invocations=2 (full 0):
 garbage-first heap   total 260096K, used 5083K [0x0000000702400000, 0x0000000800000000)
  region size 2048K, 1 young (2048K), 1 survivors (2048K)
 Metaspace       used 8682K, committed 8896K, reserved 1064960K
  class space    used 1051K, committed 1152K, reserved 1048576K
}

Deoptimization events (20 events):
Event: 3.313 Thread 0x0000023fab590830 DEOPT PACKING pc=0x0000023fb3c2a2fc sp=0x00000057c2ffd600
Event: 3.313 Thread 0x0000023fab590830 DEOPT UNPACKING pc=0x0000023fb2e62b43 sp=0x00000057c2ffcb58 mode 0
Event: 3.313 Thread 0x0000023fab590830 DEOPT PACKING pc=0x0000023fb3c27c3b sp=0x00000057c2ffdad0
Event: 3.313 Thread 0x0000023fab590830 DEOPT UNPACKING pc=0x0000023fb2e62b43 sp=0x00000057c2ffcf88 mode 0
Event: 3.324 Thread 0x0000023fab590830 DEOPT PACKING pc=0x0000023fb3c27c3b sp=0x00000057c2ffdad0
Event: 3.324 Thread 0x0000023fab590830 DEOPT UNPACKING pc=0x0000023fb2e62b43 sp=0x00000057c2ffcf88 mode 0
Event: 3.374 Thread 0x0000023fab590830 Uncommon trap: trap_request=0xffffff45 fr.pc=0x0000023fbaaf8bf8 relative=0x00000000000000d8
Event: 3.374 Thread 0x0000023fab590830 Uncommon trap: reason=unstable_if action=reinterpret pc=0x0000023fbaaf8bf8 method=org.apache.maven.shared.filtering.MultiDelimiterInterpolatorFilterReaderLineEnding.read([CII)I @ 18 c2
Event: 3.374 Thread 0x0000023fab590830 DEOPT PACKING pc=0x0000023fbaaf8bf8 sp=0x00000057c2ffdaf0
Event: 3.374 Thread 0x0000023fab590830 DEOPT UNPACKING pc=0x0000023fb2e623a3 sp=0x00000057c2ffda88 mode 2
Event: 3.415 Thread 0x0000023fab590830 Uncommon trap: trap_request=0xffffffbe fr.pc=0x0000023fbaafcc54 relative=0x0000000000000234
Event: 3.415 Thread 0x0000023fab590830 Uncommon trap: reason=profile_predicate action=maybe_recompile pc=0x0000023fbaafcc54 method=java.util.HashMap.keysToArray([Ljava/lang/Object;)[Ljava/lang/Object; @ 48 c2
Event: 3.415 Thread 0x0000023fab590830 DEOPT PACKING pc=0x0000023fbaafcc54 sp=0x00000057c2ffc330
Event: 3.415 Thread 0x0000023fab590830 DEOPT UNPACKING pc=0x0000023fb2e623a3 sp=0x00000057c2ffc2d8 mode 2
Event: 3.415 Thread 0x0000023fab590830 Uncommon trap: trap_request=0xffffffbe fr.pc=0x0000023fbaafcc54 relative=0x0000000000000234
Event: 3.415 Thread 0x0000023fab590830 Uncommon trap: reason=profile_predicate action=maybe_recompile pc=0x0000023fbaafcc54 method=java.util.HashMap.keysToArray([Ljava/lang/Object;)[Ljava/lang/Object; @ 48 c2
Event: 3.415 Thread 0x0000023fab590830 DEOPT PACKING pc=0x0000023fbaafcc54 sp=0x00000057c2ffc240
Event: 3.415 Thread 0x0000023fab590830 DEOPT UNPACKING pc=0x0000023fb2e623a3 sp=0x00000057c2ffc1e8 mode 2
Event: 3.430 Thread 0x0000023fab590830 DEOPT PACKING pc=0x0000023fb393c8ca sp=0x00000057c2ffc070
Event: 3.430 Thread 0x0000023fab590830 DEOPT UNPACKING pc=0x0000023fb2e62b43 sp=0x00000057c2ffb598 mode 0

Classes unloaded (0 events):
No events

Classes redefined (0 events):
No events

Internal exceptions (20 events):
Event: 0.819 Thread 0x0000023fab590830 Exception <a 'java/lang/NoSuchMethodError'{0x0000000711889410}: 'void java.lang.invoke.DirectMethodHandle$Holder.invokeStaticInit(java.lang.Object, java.lang.Object, java.lang.Object)'> (0x0000000711889410) 
thrown [t:\workspace\open\src\hotspot\share\interpreter\linkResolver.cpp, line 766]
Event: 0.829 Thread 0x0000023fab590830 Exception <a 'java/lang/ExceptionInInitializerError'{0x00000007118b3f88}> (0x00000007118b3f88) 
thrown [t:\workspace\open\src\hotspot\share\oops\instanceKlass.cpp, line 1166]
Event: 0.873 Thread 0x0000023fab590830 Implicit null exception at 0x0000023fba95cc2f to 0x0000023fba95cdcc
Event: 0.875 Thread 0x0000023fab590830 Exception <a 'java/lang/NoSuchMethodError'{0x00000007119be4e0}: 'java.lang.Object java.lang.invoke.Invokers$Holder.invokeExact_MT(java.lang.Object, int, java.lang.Object)'> (0x00000007119be4e0) 
thrown [t:\workspace\open\src\hotspot\share\interpreter\linkResolver.cpp, line 766]
Event: 0.890 Thread 0x0000023fab590830 Exception <a 'java/lang/NoSuchMethodError'{0x000000071163b4b0}: 'int java.lang.invoke.DirectMethodHandle$Holder.invokeSpecial(java.lang.Object, java.lang.Object, java.lang.Object, java.lang.Object)'> (0x000000071163b4b0) 
thrown [t:\workspace\open\src\hotspot\share\interpreter\linkResolver.cpp, line 766]
Event: 1.084 Thread 0x0000023fab590830 Exception <a 'java/lang/NoClassDefFoundError'{0x0000000710e48148}: com/google/inject/servlet/ServletModuleTargetVisitor> (0x0000000710e48148) 
thrown [t:\workspace\open\src\hotspot\share\classfile\systemDictionary.cpp, line 245]
Event: 1.168 Thread 0x0000023fab590830 Exception <a 'java/lang/NoSuchMethodError'{0x0000000710fd7198}: 'void java.lang.invoke.DirectMethodHandle$Holder.invokeVirtual(java.lang.Object, java.lang.Object)'> (0x0000000710fd7198) 
thrown [t:\workspace\open\src\hotspot\share\interpreter\linkResolver.cpp, line 766]
Event: 1.186 Thread 0x0000023fab590830 Exception <a 'java/lang/NoSuchMethodError'{0x0000000710c4f920}: 'java.lang.Object java.lang.invoke.DirectMethodHandle$Holder.invokeStaticInit(java.lang.Object, int, int, int, int)'> (0x0000000710c4f920) 
thrown [t:\workspace\open\src\hotspot\share\interpreter\linkResolver.cpp, line 766]
Event: 1.298 Thread 0x0000023fab590830 Exception <a 'java/lang/NoSuchMethodError'{0x00000007106794d0}: 'void java.lang.invoke.DirectMethodHandle$Holder.invokeSpecial(java.lang.Object, java.lang.Object, java.lang.Object, java.lang.Object, java.lang.Object)'> (0x00000007106794d0) 
thrown [t:\workspace\open\src\hotspot\share\interpreter\linkResolver.cpp, line 766]
Event: 1.301 Thread 0x0000023fab590830 Exception <a 'java/lang/NoSuchMethodError'{0x0000000710696860}: 'java.lang.Object java.lang.invoke.DirectMethodHandle$Holder.invokeVirtual(java.lang.Object, java.lang.Object, java.lang.Object)'> (0x0000000710696860) 
thrown [t:\workspace\open\src\hotspot\share\interpreter\linkResolver.cpp, line 766]
Event: 1.303 Thread 0x0000023fab590830 Exception <a 'java/lang/NoSuchMethodError'{0x00000007106aa028}: 'void java.lang.invoke.DirectMethodHandle$Holder.invokeSpecial(java.lang.Object, java.lang.Object, java.lang.Object, java.lang.Object, java.lang.Object, java.lang.Object)'> (0x00000007106aa028) 
thrown [t:\workspace\open\src\hotspot\share\interpreter\linkResolver.cpp, line 766]
Event: 1.695 Thread 0x0000023fab590830 Implicit null exception at 0x0000023fba988258 to 0x0000023fba9882ee
Event: 1.697 Thread 0x0000023fab590830 Implicit null exception at 0x0000023fba994c6d to 0x0000023fba994e44
Event: 1.701 Thread 0x0000023fab590830 Implicit null exception at 0x0000023fba991bed to 0x0000023fba991dbc
Event: 1.703 Thread 0x0000023fab590830 Implicit null exception at 0x0000023fba95608f to 0x0000023fba956109
Event: 2.677 Thread 0x0000023fab590830 Exception <a 'java/lang/NoSuchMethodError'{0x000000070d33f848}: 'java.lang.Object java.lang.invoke.DirectMethodHandle$Holder.newInvokeSpecial(java.lang.Object, java.lang.Object, java.lang.Object, java.lang.Object, java.lang.Object, java.lang.Object, java.lang.Object)'> (0x000000070d33f848) 
thrown [t:\workspace\open\src\hotspot\share\interpreter\linkResolver.cpp, line 766]
Event: 2.677 Thread 0x0000023fab590830 Exception <a 'java/lang/NoSuchMethodError'{0x000000070d344158}: 'java.lang.Object java.lang.invoke.Invokers$Holder.linkToTargetMethod(java.lang.Object, java.lang.Object, java.lang.Object, java.lang.Object, java.lang.Object, java.lang.Object, java.lang.Object)'> (0x000000070d344158) 
thrown [t:\workspace\open\src\hotspot\share\interpreter\linkResolver.cpp, line 766]
Event: 2.820 Thread 0x0000023fab590830 Exception <a 'java/lang/NoSuchMethodError'{0x000000070cf292f8}: 'int java.lang.invoke.DirectMethodHandle$Holder.invokeVirtual(java.lang.Object, java.lang.Object)'> (0x000000070cf292f8) 
thrown [t:\workspace\open\src\hotspot\share\interpreter\linkResolver.cpp, line 766]
Event: 2.862 Thread 0x0000023fab590830 Exception <a 'java/lang/NoSuchMethodError'{0x000000070ccbcba8}: 'void java.lang.invoke.DirectMethodHandle$Holder.invokeInterface(java.lang.Object, java.lang.Object, java.lang.Object)'> (0x000000070ccbcba8) 
thrown [t:\workspace\open\src\hotspot\share\interpreter\linkResolver.cpp, line 766]
Event: 3.135 Thread 0x0000023fab590830 Exception <a 'java/lang/NoSuchMethodError'{0x000000070c590650}: 'int java.lang.invoke.DirectMethodHandle$Holder.invokeStatic(java.lang.Object, java.lang.Object, int)'> (0x000000070c590650) 
thrown [t:\workspace\open\src\hotspot\share\interpreter\linkResolver.cpp, line 766]

VM Operations (20 events):
Event: 1.176 Executing VM operation: HandshakeAllThreads
Event: 1.176 Executing VM operation: HandshakeAllThreads done
Event: 1.200 Executing VM operation: HandshakeAllThreads
Event: 1.200 Executing VM operation: HandshakeAllThreads done
Event: 1.255 Executing VM operation: HandshakeAllThreads
Event: 1.255 Executing VM operation: HandshakeAllThreads done
Event: 1.256 Executing VM operation: HandshakeAllThreads
Event: 1.256 Executing VM operation: HandshakeAllThreads done
Event: 1.304 Executing VM operation: ICBufferFull
Event: 1.304 Executing VM operation: ICBufferFull done
Event: 1.661 Executing VM operation: ICBufferFull
Event: 1.661 Executing VM operation: ICBufferFull done
Event: 1.751 Executing VM operation: HandshakeAllThreads
Event: 1.751 Executing VM operation: HandshakeAllThreads done
Event: 1.925 Executing VM operation: ICBufferFull
Event: 1.926 Executing VM operation: ICBufferFull done
Event: 2.679 Executing VM operation: ICBufferFull
Event: 2.679 Executing VM operation: ICBufferFull done
Event: 3.037 Executing VM operation: ICBufferFull
Event: 3.037 Executing VM operation: ICBufferFull done

Events (20 events):
Event: 2.841 loading class java/time/zone/Ser
Event: 2.842 loading class java/io/Externalizable
Event: 2.842 loading class java/io/Externalizable done
Event: 2.842 loading class java/time/zone/Ser done
Event: 2.842 loading class java/time/zone/ZoneOffsetTransition
Event: 2.842 loading class java/time/zone/ZoneOffsetTransition done
Event: 2.855 loading class jdk/internal/reflect/UnsafeBooleanFieldAccessorImpl
Event: 2.856 loading class jdk/internal/reflect/UnsafeBooleanFieldAccessorImpl done
Event: 2.918 Thread 0x0000023fcfb5c230 Thread exited: 0x0000023fcfb5c230
Event: 3.160 loading class sun/nio/cs/UTF_8$Encoder
Event: 3.160 loading class sun/nio/cs/UTF_8$Encoder done
Event: 3.160 loading class sun/nio/fs/WindowsChannelFactory$2
Event: 3.160 loading class sun/nio/fs/WindowsChannelFactory$2 done
Event: 3.161 loading class java/nio/channels/Channels$1
Event: 3.161 loading class java/nio/channels/Channels$1 done
Event: 3.164 loading class java/io/CharArrayWriter
Event: 3.164 loading class java/io/CharArrayWriter done
Event: 3.178 loading class java/nio/file/attribute/PosixFileAttributes
Event: 3.178 loading class java/nio/file/attribute/PosixFileAttributes done
Event: 3.179 Thread 0x0000023fd0125990 Thread added: 0x0000023fd0125990


Dynamic libraries:
0x00007ff7b92c0000 - 0x00007ff7b92d0000 	C:\Program Files\Java\jdk-17.0.3.1\bin\java.exe
0x00007ffef7fd0000 - 0x00007ffef81c5000 	C:\Windows\SYSTEM32\ntdll.dll
0x00007ffef7ca0000 - 0x00007ffef7d5d000 	C:\Windows\System32\KERNEL32.DLL
0x00007ffef5850000 - 0x00007ffef5b18000 	C:\Windows\System32\KERNELBASE.dll
0x00007ffef5b20000 - 0x00007ffef5c20000 	C:\Windows\System32\ucrtbase.dll
0x00007ffee7750000 - 0x00007ffee7768000 	C:\Program Files\Java\jdk-17.0.3.1\bin\jli.dll
0x00007ffedc890000 - 0x00007ffedc8aa000 	C:\Program Files\Java\jdk-17.0.3.1\bin\VCRUNTIME140.dll
0x00007ffef66c0000 - 0x00007ffef676c000 	C:\Windows\System32\ADVAPI32.dll
0x00007ffef7860000 - 0x00007ffef78fe000 	C:\Windows\System32\msvcrt.dll
0x00007ffef6210000 - 0x00007ffef62ab000 	C:\Windows\System32\sechost.dll
0x00007ffef7b70000 - 0x00007ffef7c9b000 	C:\Windows\System32\RPCRT4.dll
0x00007ffef79d0000 - 0x00007ffef7b70000 	C:\Windows\System32\USER32.dll
0x00007ffef5c20000 - 0x00007ffef5c42000 	C:\Windows\System32\win32u.dll
0x00007ffef7830000 - 0x00007ffef785a000 	C:\Windows\System32\GDI32.dll
0x00007ffee9430000 - 0x00007ffee96ca000 	C:\Windows\WinSxS\amd64_microsoft.windows.common-controls_6595b64144ccf1df_6.0.19041.844_none_ca00b6081b84eb1d\COMCTL32.dll
0x00007ffef5740000 - 0x00007ffef584b000 	C:\Windows\System32\gdi32full.dll
0x00007ffef5dd0000 - 0x00007ffef5e6d000 	C:\Windows\System32\msvcp_win.dll
0x00007ffeed900000 - 0x00007ffeed90a000 	C:\Windows\SYSTEM32\VERSION.dll
0x00007ffef7800000 - 0x00007ffef7830000 	C:\Windows\System32\IMM32.DLL
0x00007ffeef240000 - 0x00007ffeef24c000 	C:\Program Files\Java\jdk-17.0.3.1\bin\vcruntime140_1.dll
0x00007ffebe200000 - 0x00007ffebe28d000 	C:\Program Files\Java\jdk-17.0.3.1\bin\msvcp140.dll
0x00007ffe7a8c0000 - 0x00007ffe7b480000 	C:\Program Files\Java\jdk-17.0.3.1\bin\server\jvm.dll
0x00007ffef6050000 - 0x00007ffef6058000 	C:\Windows\System32\PSAPI.DLL
0x00007ffed80f0000 - 0x00007ffed80f9000 	C:\Windows\SYSTEM32\WSOCK32.dll
0x00007ffee5b60000 - 0x00007ffee5b87000 	C:\Windows\SYSTEM32\WINMM.dll
0x00007ffef7f20000 - 0x00007ffef7f8b000 	C:\Windows\System32\WS2_32.dll
0x00007ffef3670000 - 0x00007ffef3682000 	C:\Windows\SYSTEM32\kernel.appcore.dll
0x00007ffee9190000 - 0x00007ffee919a000 	C:\Program Files\Java\jdk-17.0.3.1\bin\jimage.dll
0x00007ffee42d0000 - 0x00007ffee44b4000 	C:\Windows\SYSTEM32\DBGHELP.DLL
0x00007ffec90e0000 - 0x00007ffec910c000 	C:\Windows\SYSTEM32\dbgcore.DLL
0x00007ffef5d50000 - 0x00007ffef5dd0000 	C:\Windows\System32\bcryptPrimitives.dll
0x00007ffed2690000 - 0x00007ffed26b5000 	C:\Program Files\Java\jdk-17.0.3.1\bin\java.dll
0x00007ffeb6a20000 - 0x00007ffeb6af6000 	C:\Program Files\Java\jdk-17.0.3.1\bin\jsvml.dll
0x00007ffef6910000 - 0x00007ffef7052000 	C:\Windows\System32\SHELL32.dll
0x00007ffef3870000 - 0x00007ffef4001000 	C:\Windows\SYSTEM32\windows.storage.dll
0x00007ffef6360000 - 0x00007ffef66b5000 	C:\Windows\System32\combase.dll
0x00007ffef5180000 - 0x00007ffef51ac000 	C:\Windows\SYSTEM32\Wldp.dll
0x00007ffef62b0000 - 0x00007ffef635e000 	C:\Windows\System32\SHCORE.dll
0x00007ffef7ec0000 - 0x00007ffef7f15000 	C:\Windows\System32\shlwapi.dll
0x00007ffef5650000 - 0x00007ffef566f000 	C:\Windows\SYSTEM32\profapi.dll
0x00007ffed4bf0000 - 0x00007ffed4c09000 	C:\Program Files\Java\jdk-17.0.3.1\bin\net.dll
0x00007ffeeed10000 - 0x00007ffeeee1b000 	C:\Windows\SYSTEM32\WINHTTP.dll
0x00007ffef4ef0000 - 0x00007ffef4f5a000 	C:\Windows\system32\mswsock.dll
0x00007ffed2670000 - 0x00007ffed2686000 	C:\Program Files\Java\jdk-17.0.3.1\bin\nio.dll
0x00007ffed0d70000 - 0x00007ffed0d88000 	C:\Program Files\Java\jdk-17.0.3.1\bin\zip.dll
0x00007ffec9b10000 - 0x00007ffec9b34000 	D:\apache-maven-3.9.9\lib\jansi-native\Windows\x86_64\jansi.dll
0x00007ffed7d30000 - 0x00007ffed7d40000 	C:\Program Files\Java\jdk-17.0.3.1\bin\verify.dll

dbghelp: loaded successfully - version: 4.0.5 - missing functions: none
symbol engine: initialized successfully - sym options: 0x614 - pdb path: .;C:\Program Files\Java\jdk-17.0.3.1\bin;C:\Windows\SYSTEM32;C:\Windows\WinSxS\amd64_microsoft.windows.common-controls_6595b64144ccf1df_6.0.19041.844_none_ca00b6081b84eb1d;C:\Program Files\Java\jdk-17.0.3.1\bin\server;D:\apache-maven-3.9.9\lib\jansi-native\Windows\x86_64

VM Arguments:
jvm_args: -Dclassworlds.conf=D:\apache-maven-3.9.9\bin\m2.conf -Dmaven.home=D:\apache-maven-3.9.9 -Dlibrary.jansi.path=D:\apache-maven-3.9.9\lib\jansi-native -Dmaven.multiModuleProjectDirectory=D:\我的世界国家插件\Nation 
java_command: org.codehaus.plexus.classworlds.launcher.Launcher clean package
java_class_path (initial): D:\apache-maven-3.9.9\boot\plexus-classworlds-2.8.0.jar
Launcher Type: SUN_STANDARD

[Global flags]
     intx CICompilerCount                          = 4                                         {product} {ergonomic}
     uint ConcGCThreads                            = 3                                         {product} {ergonomic}
     uint G1ConcRefinementThreads                  = 10                                        {product} {ergonomic}
   size_t G1HeapRegionSize                         = 2097152                                   {product} {ergonomic}
    uintx GCDrainStackTargetSize                   = 64                                        {product} {ergonomic}
   size_t InitialHeapSize                          = 266338304                                 {product} {ergonomic}
   size_t MarkStackSize                            = 4194304                                   {product} {ergonomic}
   size_t MaxHeapSize                              = 4257218560                                {product} {ergonomic}
   size_t MaxNewSize                               = 2554331136                                {product} {ergonomic}
   size_t MinHeapDeltaBytes                        = 2097152                                   {product} {ergonomic}
   size_t MinHeapSize                              = 8388608                                   {product} {ergonomic}
    uintx NonNMethodCodeHeapSize                   = 5839372                                {pd product} {ergonomic}
    uintx NonProfiledCodeHeapSize                  = 122909434                              {pd product} {ergonomic}
    uintx ProfiledCodeHeapSize                     = 122909434                              {pd product} {ergonomic}
    uintx ReservedCodeCacheSize                    = 251658240                              {pd product} {ergonomic}
     bool SegmentedCodeCache                       = true                                      {product} {ergonomic}
   size_t SoftMaxHeapSize                          = 4257218560                             {manageable} {ergonomic}
     bool UseCompressedClassPointers               = true                           {product lp64_product} {ergonomic}
     bool UseCompressedOops                        = true                           {product lp64_product} {ergonomic}
     bool UseG1GC                                  = true                                      {product} {ergonomic}
     bool UseLargePagesIndividualAllocation        = false                                  {pd product} {ergonomic}

Logging:
Log output configuration:
 #0: stdout all=warning uptime,level,tags
 #1: stderr all=off uptime,level,tags

Environment Variables:
JAVA_HOME=C:\Program Files\Java\jdk-17.0.3.1
PATH=C:\Program Files\Java\jdk-17.0.3.1\bin;C:\Program Files\Common Files\Oracle\Java\javapath;C:\Program Files (x86)\Common Files\Oracle\Java\java8path;C:\Program Files (x86)\Common Files\Oracle\Java\javapath;c:\Users\Administrator\AppData\Local\Programs\cursor\resources\app\bin;E:\Oracle\product\11.2.0\dbhome_1\bin;C:\Windows\system32;C:\Windows;C:\Windows\System32\Wbem;C:\Windows\System32\WindowsPowerShell\v1.0\;C:\Windows\System32\OpenSSH\;C:\Program Files (x86)\NVIDIA Corporation\PhysX\Common;C:\Program Files\NVIDIA Corporation\NVIDIA NvDLISR;C:\Program Files\Microsoft SQL Server\150\Tools\Binn\;C:\Program Files\Microsoft SQL Server\Client SDK\ODBC\170\Tools\Binn\;C:\Program Files\dotnet\;D:\SVN\bin;C:\Users\Administrator\AppData\Local\Microsoft\WindowsApps;C:\Users\Administrator\.dotnet\tools;c:\Users\Administrator\AppData\Local\Programs\cursor\resources\app\bin;D:\NodeJS\;D:\apache-maven-3.9.9\bin;C:\Users\Administrator\AppData\Local\Microsoft\WindowsApps;C:\Users\Administrator\.dotnet\;C:\Users\Administrator\AppData\Local\Microsoft\WindowsApps;C:\Users\Administrator\.dotnet\tools;D:\Microsoft VS Code\bin;C:\Users\Administrator\AppData\Roaming\npm;D:\IntelliJ IDEA 2024.3\bin;;C:\Users\Administrator\AppData\Local\GitHubDesktop\bin;D:\Windsurf\bin
USERNAME=Administrator
LANG=zh_CN.UTF-8
OS=Windows_NT
PROCESSOR_IDENTIFIER=Intel64 Family 6 Model 151 Stepping 5, GenuineIntel



---------------  S Y S T E M  ---------------

OS:
 Windows 10 , 64 bit Build 19041 (10.0.19041.928)
OS uptime: 0 days 12:49 hours

CPU: total 12 (initial active 12) (6 cores per cpu, 2 threads per core) family 6 model 151 stepping 5 microcode 0x32, cx8, cmov, fxsr, ht, mmx, 3dnowpref, sse, sse2, sse3, ssse3, sse4.1, sse4.2, popcnt, lzcnt, tsc, tscinvbit, avx, avx2, aes, erms, clmul, bmi1, bmi2, adx, sha, fma, vzeroupper, clflush, clflushopt, clwb

Memory: 4k page, system-wide physical 16237M (1885M free)
TotalPageFile size 26611M (AvailPageFile size 3M)
current process WorkingSet (physical memory assigned to process): 253M, peak: 259M
current process commit charge ("private bytes"): 406M, peak: 418M

vm_info: Java HotSpot(TM) 64-Bit Server VM (17.0.3.1+2-LTS-6) for windows-amd64 JRE (17.0.3.1+2-LTS-6), built on Apr 25 2022 22:04:21 by "mach5one" with MS VC++ 16.8 / 16.9 (VS2019)

END.
