#
# There is insufficient memory for the Java Runtime Environment to continue.
# Native memory allocation (mmap) failed to map 37748736 bytes for G1 virtual space
# Possible reasons:
#   The system is out of physical RAM or swap space
#   The process is running with CompressedOops enabled, and the Java Heap may be blocking the growth of the native heap
# Possible solutions:
#   Reduce memory load on the system
#   Increase physical memory or swap space
#   Check if swap backing store is full
#   Decrease Java heap size (-Xmx/-Xms)
#   Decrease number of Java threads
#   Decrease Java thread stack sizes (-Xss)
#   Set larger code cache with -XX:ReservedCodeCacheSize=
#   JVM is running with Zero Based Compressed Oops mode in which the Java heap is
#     placed in the first 32GB address space. The Java Heap base address is the
#     maximum limit for the native heap growth. Please use -XX:HeapBaseMinAddress
#     to set the Java Heap base and to place the Java Heap above 32GB virtual address.
# This output file may be truncated or incomplete.
#
#  Out of Memory Error (os_windows.cpp:3535), pid=14660, tid=992
#
# JRE version: Java(TM) SE Runtime Environment (17.0.3.1+2) (build 17.0.3.1+2-LTS-6)
# Java VM: Java HotSpot(TM) 64-Bit Server VM (17.0.3.1+2-LTS-6, mixed mode, sharing, tiered, compressed oops, compressed class ptrs, g1 gc, windows-amd64)
# No core dump will be written. Minidumps are not enabled by default on client versions of Windows
#

---------------  S U M M A R Y ------------

Command Line: -Dclassworlds.conf=D:\apache-maven-3.9.9\bin\m2.conf -Dmaven.home=D:\apache-maven-3.9.9 -Dlibrary.jansi.path=D:\apache-maven-3.9.9\lib\jansi-native -Dmaven.multiModuleProjectDirectory=D:\我的世界国家插件\Nation org.codehaus.plexus.classworlds.launcher.Launcher clean package

Host: 12th Gen Intel(R) Core(TM) i5-12400F, 12 cores, 15G,  Windows 10 , 64 bit Build 19041 (10.0.19041.928)
Time: Mon Dec  9 07:35:10 2024  Windows 10 , 64 bit Build 19041 (10.0.19041.928) elapsed time: 4.372091 seconds (0d 0h 0m 4s)

---------------  T H R E A D  ---------------

Current thread (0x000001b441823b60):  VMThread "VM Thread" [stack: 0x00000094d4300000,0x00000094d4400000] [id=992]

Stack: [0x00000094d4300000,0x00000094d4400000]
Native frames: (J=compiled Java code, j=interpreted, Vv=VM code, C=native code)
V  [jvm.dll+0x6711ba]
V  [jvm.dll+0x7d0834]
V  [jvm.dll+0x7d1fde]
V  [jvm.dll+0x7d2643]
V  [jvm.dll+0x242c85]
V  [jvm.dll+0x66e0d9]
V  [jvm.dll+0x662a22]
V  [jvm.dll+0x300ddb]
V  [jvm.dll+0x308376]
V  [jvm.dll+0x357f7e]
V  [jvm.dll+0x3581af]
V  [jvm.dll+0x2d7ff8]
V  [jvm.dll+0x2d62c4]
V  [jvm.dll+0x2d58cc]
V  [jvm.dll+0x31933b]
V  [jvm.dll+0x7d6b1b]
V  [jvm.dll+0x7d7854]
V  [jvm.dll+0x7d7d6c]
V  [jvm.dll+0x7d8144]
V  [jvm.dll+0x7d8210]
V  [jvm.dll+0x780aca]
V  [jvm.dll+0x670045]
C  [ucrtbase.dll+0x21bb2]
C  [KERNEL32.DLL+0x17034]
C  [ntdll.dll+0x52651]

VM_Operation (0x00000094d3df98f0): G1CollectForAllocation, mode: safepoint, requested by thread 0x000001b41c50d9c0


---------------  P R O C E S S  ---------------

Threads class SMR info:
_java_thread_list=0x000001b44368c060, length=15, elements={
0x000001b41c50d9c0, 0x000001b441827f90, 0x000001b441828e00, 0x000001b441842de0,
0x000001b4418466c0, 0x000001b441847070, 0x000001b4418481c0, 0x000001b441849640,
0x000001b44184e470, 0x000001b441850a00, 0x000001b44251bd50, 0x000001b44252cd10,
0x000001b44289a670, 0x000001b442ef3be0, 0x000001b443649ed0
}

Java Threads: ( => current thread )
  0x000001b41c50d9c0 JavaThread "main" [_thread_blocked, id=22176, stack(0x00000094d3d00000,0x00000094d3e00000)]
  0x000001b441827f90 JavaThread "Reference Handler" daemon [_thread_blocked, id=21976, stack(0x00000094d4400000,0x00000094d4500000)]
  0x000001b441828e00 JavaThread "Finalizer" daemon [_thread_blocked, id=15492, stack(0x00000094d4500000,0x00000094d4600000)]
  0x000001b441842de0 JavaThread "Signal Dispatcher" daemon [_thread_blocked, id=3088, stack(0x00000094d4600000,0x00000094d4700000)]
  0x000001b4418466c0 JavaThread "Attach Listener" daemon [_thread_blocked, id=3284, stack(0x00000094d4700000,0x00000094d4800000)]
  0x000001b441847070 JavaThread "Service Thread" daemon [_thread_blocked, id=20828, stack(0x00000094d4800000,0x00000094d4900000)]
  0x000001b4418481c0 JavaThread "Monitor Deflation Thread" daemon [_thread_blocked, id=16212, stack(0x00000094d4900000,0x00000094d4a00000)]
  0x000001b441849640 JavaThread "C2 CompilerThread0" daemon [_thread_in_native, id=19876, stack(0x00000094d4a00000,0x00000094d4b00000)]
  0x000001b44184e470 JavaThread "C1 CompilerThread0" daemon [_thread_blocked, id=11608, stack(0x00000094d4b00000,0x00000094d4c00000)]
  0x000001b441850a00 JavaThread "Sweeper thread" daemon [_thread_blocked, id=16028, stack(0x00000094d4c00000,0x00000094d4d00000)]
  0x000001b44251bd50 JavaThread "Notification Thread" daemon [_thread_blocked, id=17320, stack(0x00000094d4d00000,0x00000094d4e00000)]
  0x000001b44252cd10 JavaThread "Common-Cleaner" daemon [_thread_blocked, id=15444, stack(0x00000094d4f00000,0x00000094d5000000)]
  0x000001b44289a670 JavaThread "C2 CompilerThread1" daemon [_thread_blocked, id=1640, stack(0x00000094d5000000,0x00000094d5100000)]
  0x000001b442ef3be0 JavaThread "C2 CompilerThread2" daemon [_thread_blocked, id=2228, stack(0x00000094d5100000,0x00000094d5200000)]
  0x000001b443649ed0 JavaThread "Thread-1" daemon [_thread_blocked, id=12976, stack(0x00000094d5a00000,0x00000094d5b00000)]

Other Threads:
=>0x000001b441823b60 VMThread "VM Thread" [stack: 0x00000094d4300000,0x00000094d4400000] [id=992]
  0x000001b44252aa70 WatcherThread [stack: 0x00000094d4e00000,0x00000094d4f00000] [id=17780]
  0x000001b41e799b80 GCTaskThread "GC Thread#0" [stack: 0x00000094d3e00000,0x00000094d3f00000] [id=14704]
  0x000001b442dba730 GCTaskThread "GC Thread#1" [stack: 0x00000094d5200000,0x00000094d5300000] [id=12352]
  0x000001b442dba9e0 GCTaskThread "GC Thread#2" [stack: 0x00000094d5300000,0x00000094d5400000] [id=17816]
  0x000001b442dba1d0 GCTaskThread "GC Thread#3" [stack: 0x00000094d5400000,0x00000094d5500000] [id=21496]
  0x000001b442dba480 GCTaskThread "GC Thread#4" [stack: 0x00000094d5500000,0x00000094d5600000] [id=7948]
  0x000001b442db9460 GCTaskThread "GC Thread#5" [stack: 0x00000094d5600000,0x00000094d5700000] [id=16484]
  0x000001b442db9f20 GCTaskThread "GC Thread#6" [stack: 0x00000094d5700000,0x00000094d5800000] [id=20316]
  0x000001b4435308d0 GCTaskThread "GC Thread#7" [stack: 0x00000094d5800000,0x00000094d5900000] [id=3548]
  0x000001b44352f600 GCTaskThread "GC Thread#8" [stack: 0x00000094d5900000,0x00000094d5a00000] [id=22492]
  0x000001b44352e5e0 GCTaskThread "GC Thread#9" [stack: 0x00000094d5b00000,0x00000094d5c00000] [id=11408]
  0x000001b41e7aa880 ConcurrentGCThread "G1 Main Marker" [stack: 0x00000094d3f00000,0x00000094d4000000] [id=12944]
  0x000001b41e7ada50 ConcurrentGCThread "G1 Conc#0" [stack: 0x00000094d4000000,0x00000094d4100000] [id=14168]
  0x000001b4435310e0 ConcurrentGCThread "G1 Conc#1" [stack: 0x00000094d5c00000,0x00000094d5d00000] [id=18184]
  0x000001b443531ba0 ConcurrentGCThread "G1 Conc#2" [stack: 0x00000094d5d00000,0x00000094d5e00000] [id=18388]
  0x000001b4416e30e0 ConcurrentGCThread "G1 Refine#0" [stack: 0x00000094d4100000,0x00000094d4200000] [id=8280]
  0x000001b44275ecf0 ConcurrentGCThread "G1 Refine#1" [stack: 0x00000094d5e00000,0x00000094d5f00000] [id=21620]
  0x000001b4427de300 ConcurrentGCThread "G1 Refine#2" [stack: 0x00000094d5f00000,0x00000094d6000000] [id=16600]
  0x000001b4427c1e50 ConcurrentGCThread "G1 Refine#3" [stack: 0x00000094d6000000,0x00000094d6100000] [id=16200]
  0x000001b44482e700 ConcurrentGCThread "G1 Refine#4" [stack: 0x00000094d6100000,0x00000094d6200000] [id=19896]
  0x000001b4416e3b00 ConcurrentGCThread "G1 Service" [stack: 0x00000094d4200000,0x00000094d4300000] [id=1480]

Threads with active compile tasks:
C2 CompilerThread0     4379 7932       4       jdk.internal.jimage.ImageLocation::verifyName (161 bytes)
C2 CompilerThread1     4379 7946   !   4       jdk.internal.jrtfs.JrtFileSystem::lookup (23 bytes)

VM state: at safepoint (normal execution)

VM Mutex/Monitor currently owned by a thread:  ([mutex/lock_event])
[0x000001b41e72cfb0] Threads_lock - owner thread: 0x000001b441823b60
[0x000001b41e72d280] Heap_lock - owner thread: 0x000001b41c50d9c0

Heap address: 0x0000000702400000, size: 4060 MB, Compressed Oops mode: Zero based, Oop shift amount: 3

CDS archive(s) mapped at: [0x0000000800000000-0x0000000800bc0000-0x0000000800bc0000), size 12320768, SharedBaseAddress: 0x0000000800000000, ArchiveRelocationMode: 0.
Compressed class space mapped at: 0x0000000800c00000-0x0000000840c00000, reserved size: 1073741824
Narrow klass base: 0x0000000800000000, Narrow klass shift: 0, Narrow klass range: 0x100000000

GC Precious Log:
 CPUs: 12 total, 12 available
 Memory: 16237M
 Large Page Support: Disabled
 NUMA Support: Disabled
 Compressed Oops: Enabled (Zero based)
 Heap Region Size: 2M
 Heap Min Capacity: 8M
 Heap Initial Capacity: 254M
 Heap Max Capacity: 4060M
 Pre-touch: Disabled
 Parallel Workers: 10
 Concurrent Workers: 3
 Concurrent Refinement Workers: 10
 Periodic GC: Disabled

Heap:
 garbage-first heap   total 229376K, used 44874K [0x0000000702400000, 0x0000000800000000)
  region size 2048K, 2 young (4096K), 2 survivors (4096K)
 Metaspace       used 30935K, committed 31232K, reserved 1081344K
  class space    used 3514K, committed 3648K, reserved 1048576K

Heap Regions: E=young(eden), S=young(survivor), O=old, HS=humongous(starts), HC=humongous(continues), CS=collection set, F=free, OA=open archive, CA=closed archive, TAMS=top-at-mark-start (previous, next)
|   0|0x0000000702400000, 0x0000000702600000, 0x0000000702600000|100%| O|  |TAMS 0x0000000702600000, 0x0000000702400000| Untracked 
|   1|0x0000000702600000, 0x0000000702800000, 0x0000000702800000|100%|HS|  |TAMS 0x0000000702600000, 0x0000000702600000| Complete 
|   2|0x0000000702800000, 0x0000000702a00000, 0x0000000702a00000|100%| O|  |TAMS 0x0000000702800000, 0x0000000702800000| Untracked 
|   3|0x0000000702a00000, 0x0000000702c00000, 0x0000000702c00000|100%| O|  |TAMS 0x0000000702a00000, 0x0000000702a00000| Untracked 
|   4|0x0000000702c00000, 0x0000000702e00000, 0x0000000702e00000|100%| O|  |TAMS 0x0000000702c00000, 0x0000000702c00000| Untracked 
|   5|0x0000000702e00000, 0x0000000703000000, 0x0000000703000000|100%|HS|  |TAMS 0x0000000702e00000, 0x0000000702e00000| Complete 
|   6|0x0000000703000000, 0x0000000703200000, 0x0000000703200000|100%| O|  |TAMS 0x0000000703000000, 0x0000000703000000| Untracked 
|   7|0x0000000703200000, 0x0000000703400000, 0x0000000703400000|100%| O|  |TAMS 0x0000000703200000, 0x0000000703200000| Untracked 
|   8|0x0000000703400000, 0x0000000703600000, 0x0000000703600000|100%| O|  |TAMS 0x0000000703400000, 0x0000000703400000| Untracked 
|   9|0x0000000703600000, 0x0000000703800000, 0x0000000703800000|100%| O|  |TAMS 0x0000000703600000, 0x0000000703600000| Untracked 
|  10|0x0000000703800000, 0x0000000703a00000, 0x0000000703a00000|100%| O|  |TAMS 0x0000000703800000, 0x0000000703800000| Untracked 
|  11|0x0000000703a00000, 0x0000000703c00000, 0x0000000703c00000|100%| O|  |TAMS 0x0000000703a00000, 0x0000000703a00000| Untracked 
|  12|0x0000000703c00000, 0x0000000703e00000, 0x0000000703e00000|100%| O|  |TAMS 0x0000000703c00000, 0x0000000703c00000| Untracked 
|  13|0x0000000703e00000, 0x0000000704000000, 0x0000000704000000|100%| O|  |TAMS 0x0000000703e00000, 0x0000000703e00000| Untracked 
|  14|0x0000000704000000, 0x0000000704200000, 0x0000000704200000|100%| O|  |TAMS 0x0000000704000000, 0x0000000704000000| Untracked 
|  15|0x0000000704200000, 0x0000000704400000, 0x0000000704400000|100%| O|  |TAMS 0x0000000704200000, 0x0000000704200000| Untracked 
|  16|0x0000000704400000, 0x0000000704600000, 0x0000000704600000|100%| O|  |TAMS 0x0000000704400000, 0x0000000704400000| Untracked 
|  17|0x0000000704600000, 0x0000000704752c00, 0x0000000704800000| 66%| O|  |TAMS 0x0000000704600000, 0x0000000704600000| Untracked 
|  18|0x0000000704800000, 0x0000000704800000, 0x0000000704a00000|  0%| F|  |TAMS 0x0000000704800000, 0x0000000704800000| Untracked 
|  19|0x0000000704a00000, 0x0000000704a00000, 0x0000000704c00000|  0%| F|  |TAMS 0x0000000704a00000, 0x0000000704a00000| Untracked 
|  20|0x0000000704c00000, 0x0000000704c00000, 0x0000000704e00000|  0%| F|  |TAMS 0x0000000704c00000, 0x0000000704c00000| Untracked 
|  21|0x0000000704e00000, 0x0000000704e00000, 0x0000000705000000|  0%| F|  |TAMS 0x0000000704e00000, 0x0000000704e00000| Untracked 
|  22|0x0000000705000000, 0x0000000705000000, 0x0000000705200000|  0%| F|  |TAMS 0x0000000705000000, 0x0000000705000000| Untracked 
|  23|0x0000000705200000, 0x0000000705200000, 0x0000000705400000|  0%| F|  |TAMS 0x0000000705200000, 0x0000000705200000| Untracked 
|  24|0x0000000705400000, 0x0000000705400000, 0x0000000705600000|  0%| F|  |TAMS 0x0000000705400000, 0x0000000705400000| Untracked 
|  25|0x0000000705600000, 0x0000000705600000, 0x0000000705800000|  0%| F|  |TAMS 0x0000000705600000, 0x0000000705600000| Untracked 
|  26|0x0000000705800000, 0x0000000705800000, 0x0000000705a00000|  0%| F|  |TAMS 0x0000000705800000, 0x0000000705800000| Untracked 
|  27|0x0000000705a00000, 0x0000000705a00000, 0x0000000705c00000|  0%| F|  |TAMS 0x0000000705a00000, 0x0000000705a00000| Untracked 
|  28|0x0000000705c00000, 0x0000000705c00000, 0x0000000705e00000|  0%| F|  |TAMS 0x0000000705c00000, 0x0000000705c00000| Untracked 
|  29|0x0000000705e00000, 0x0000000705e00000, 0x0000000706000000|  0%| F|  |TAMS 0x0000000705e00000, 0x0000000705e00000| Untracked 
|  30|0x0000000706000000, 0x0000000706000000, 0x0000000706200000|  0%| F|  |TAMS 0x0000000706000000, 0x0000000706000000| Untracked 
|  31|0x0000000706200000, 0x0000000706200000, 0x0000000706400000|  0%| F|  |TAMS 0x0000000706200000, 0x0000000706200000| Untracked 
|  32|0x0000000706400000, 0x0000000706400000, 0x0000000706600000|  0%| F|  |TAMS 0x0000000706400000, 0x0000000706400000| Untracked 
|  33|0x0000000706600000, 0x000000070667fc60, 0x0000000706800000| 24%| S|CS|TAMS 0x0000000706600000, 0x0000000706600000| Complete 
|  34|0x0000000706800000, 0x0000000706a00000, 0x0000000706a00000|100%| S|CS|TAMS 0x0000000706800000, 0x0000000706800000| Complete 
|  35|0x0000000706a00000, 0x0000000706a00000, 0x0000000706c00000|  0%| F|  |TAMS 0x0000000706a00000, 0x0000000706a00000| Untracked 
|  36|0x0000000706c00000, 0x0000000706c00000, 0x0000000706e00000|  0%| F|  |TAMS 0x0000000706c00000, 0x0000000706c00000| Untracked 
|  37|0x0000000706e00000, 0x0000000706e00000, 0x0000000707000000|  0%| F|  |TAMS 0x0000000706e00000, 0x0000000706e00000| Untracked 
|  38|0x0000000707000000, 0x0000000707000000, 0x0000000707200000|  0%| F|  |TAMS 0x0000000707000000, 0x0000000707000000| Untracked 
|  39|0x0000000707200000, 0x0000000707200000, 0x0000000707400000|  0%| F|  |TAMS 0x0000000707200000, 0x0000000707200000| Untracked 
|  40|0x0000000707400000, 0x0000000707400000, 0x0000000707600000|  0%| F|  |TAMS 0x0000000707400000, 0x0000000707400000| Untracked 
|  41|0x0000000707600000, 0x0000000707600000, 0x0000000707800000|  0%| F|  |TAMS 0x0000000707600000, 0x0000000707600000| Untracked 
|  42|0x0000000707800000, 0x0000000707800000, 0x0000000707a00000|  0%| F|  |TAMS 0x0000000707800000, 0x0000000707800000| Untracked 
|  43|0x0000000707a00000, 0x0000000707a00000, 0x0000000707c00000|  0%| F|  |TAMS 0x0000000707a00000, 0x0000000707a00000| Untracked 
|  44|0x0000000707c00000, 0x0000000707c00000, 0x0000000707e00000|  0%| F|  |TAMS 0x0000000707c00000, 0x0000000707c00000| Untracked 
|  45|0x0000000707e00000, 0x0000000707e00000, 0x0000000708000000|  0%| F|  |TAMS 0x0000000707e00000, 0x0000000707e00000| Untracked 
|  46|0x0000000708000000, 0x0000000708000000, 0x0000000708200000|  0%| F|  |TAMS 0x0000000708000000, 0x0000000708000000| Untracked 
|  47|0x0000000708200000, 0x0000000708200000, 0x0000000708400000|  0%| F|  |TAMS 0x0000000708200000, 0x0000000708200000| Untracked 
|  48|0x0000000708400000, 0x0000000708400000, 0x0000000708600000|  0%| F|  |TAMS 0x0000000708400000, 0x0000000708400000| Untracked 
|  49|0x0000000708600000, 0x0000000708600000, 0x0000000708800000|  0%| F|  |TAMS 0x0000000708600000, 0x0000000708600000| Untracked 
|  50|0x0000000708800000, 0x0000000708800000, 0x0000000708a00000|  0%| F|  |TAMS 0x0000000708800000, 0x0000000708800000| Untracked 
|  51|0x0000000708a00000, 0x0000000708a00000, 0x0000000708c00000|  0%| F|  |TAMS 0x0000000708a00000, 0x0000000708a00000| Untracked 
|  52|0x0000000708c00000, 0x0000000708c00000, 0x0000000708e00000|  0%| F|  |TAMS 0x0000000708c00000, 0x0000000708c00000| Untracked 
|  53|0x0000000708e00000, 0x0000000708e00000, 0x0000000709000000|  0%| F|  |TAMS 0x0000000708e00000, 0x0000000708e00000| Untracked 
|  54|0x0000000709000000, 0x0000000709000000, 0x0000000709200000|  0%| F|  |TAMS 0x0000000709000000, 0x0000000709000000| Untracked 
|  55|0x0000000709200000, 0x0000000709200000, 0x0000000709400000|  0%| F|  |TAMS 0x0000000709200000, 0x0000000709200000| Untracked 
|  56|0x0000000709400000, 0x0000000709400000, 0x0000000709600000|  0%| F|  |TAMS 0x0000000709400000, 0x0000000709400000| Untracked 
|  57|0x0000000709600000, 0x0000000709600000, 0x0000000709800000|  0%| F|  |TAMS 0x0000000709600000, 0x0000000709600000| Untracked 
|  58|0x0000000709800000, 0x0000000709800000, 0x0000000709a00000|  0%| F|  |TAMS 0x0000000709800000, 0x0000000709800000| Untracked 
|  59|0x0000000709a00000, 0x0000000709a00000, 0x0000000709c00000|  0%| F|  |TAMS 0x0000000709a00000, 0x0000000709a00000| Untracked 
|  60|0x0000000709c00000, 0x0000000709c00000, 0x0000000709e00000|  0%| F|  |TAMS 0x0000000709c00000, 0x0000000709c00000| Untracked 
|  61|0x0000000709e00000, 0x0000000709e00000, 0x000000070a000000|  0%| F|  |TAMS 0x0000000709e00000, 0x0000000709e00000| Untracked 
|  62|0x000000070a000000, 0x000000070a000000, 0x000000070a200000|  0%| F|  |TAMS 0x000000070a000000, 0x000000070a000000| Untracked 
|  63|0x000000070a200000, 0x000000070a200000, 0x000000070a400000|  0%| F|  |TAMS 0x000000070a200000, 0x000000070a200000| Untracked 
|  64|0x000000070a400000, 0x000000070a400000, 0x000000070a600000|  0%| F|  |TAMS 0x000000070a400000, 0x000000070a400000| Untracked 
|  65|0x000000070a600000, 0x000000070a600000, 0x000000070a800000|  0%| F|  |TAMS 0x000000070a600000, 0x000000070a600000| Untracked 
|  66|0x000000070a800000, 0x000000070a800000, 0x000000070aa00000|  0%| F|  |TAMS 0x000000070a800000, 0x000000070a800000| Untracked 
|  67|0x000000070aa00000, 0x000000070aa00000, 0x000000070ac00000|  0%| F|  |TAMS 0x000000070aa00000, 0x000000070aa00000| Untracked 
|  68|0x000000070ac00000, 0x000000070ac00000, 0x000000070ae00000|  0%| F|  |TAMS 0x000000070ac00000, 0x000000070ac00000| Untracked 
|  69|0x000000070ae00000, 0x000000070ae00000, 0x000000070b000000|  0%| F|  |TAMS 0x000000070ae00000, 0x000000070ae00000| Untracked 
|  70|0x000000070b000000, 0x000000070b000000, 0x000000070b200000|  0%| F|  |TAMS 0x000000070b000000, 0x000000070b000000| Untracked 
|  71|0x000000070b200000, 0x000000070b200000, 0x000000070b400000|  0%| F|  |TAMS 0x000000070b200000, 0x000000070b200000| Untracked 
|  72|0x000000070b400000, 0x000000070b400000, 0x000000070b600000|  0%| F|  |TAMS 0x000000070b400000, 0x000000070b400000| Untracked 
|  73|0x000000070b600000, 0x000000070b600000, 0x000000070b800000|  0%| F|  |TAMS 0x000000070b600000, 0x000000070b600000| Untracked 
|  74|0x000000070b800000, 0x000000070b800000, 0x000000070ba00000|  0%| F|  |TAMS 0x000000070b800000, 0x000000070b800000| Untracked 
|  75|0x000000070ba00000, 0x000000070ba00000, 0x000000070bc00000|  0%| F|  |TAMS 0x000000070ba00000, 0x000000070ba00000| Untracked 
|  76|0x000000070bc00000, 0x000000070bc00000, 0x000000070be00000|  0%| F|  |TAMS 0x000000070bc00000, 0x000000070bc00000| Untracked 
|  77|0x000000070be00000, 0x000000070be00000, 0x000000070c000000|  0%| F|  |TAMS 0x000000070be00000, 0x000000070be00000| Untracked 
|  78|0x000000070c000000, 0x000000070c000000, 0x000000070c200000|  0%| F|  |TAMS 0x000000070c000000, 0x000000070c000000| Untracked 
|  79|0x000000070c200000, 0x000000070c200000, 0x000000070c400000|  0%| F|  |TAMS 0x000000070c200000, 0x000000070c200000| Untracked 
|  80|0x000000070c400000, 0x000000070c400000, 0x000000070c600000|  0%| F|  |TAMS 0x000000070c400000, 0x000000070c400000| Untracked 
|  81|0x000000070c600000, 0x000000070c600000, 0x000000070c800000|  0%| F|  |TAMS 0x000000070c600000, 0x000000070c600000| Untracked 
|  82|0x000000070c800000, 0x000000070c800000, 0x000000070ca00000|  0%| F|  |TAMS 0x000000070c800000, 0x000000070c800000| Untracked 
|  83|0x000000070ca00000, 0x000000070ca00000, 0x000000070cc00000|  0%| F|  |TAMS 0x000000070ca00000, 0x000000070ca00000| Untracked 
|  84|0x000000070cc00000, 0x000000070cc00000, 0x000000070ce00000|  0%| F|  |TAMS 0x000000070cc00000, 0x000000070cc00000| Untracked 
|  85|0x000000070ce00000, 0x000000070ce00000, 0x000000070d000000|  0%| F|  |TAMS 0x000000070ce00000, 0x000000070ce00000| Untracked 
|  86|0x000000070d000000, 0x000000070d000000, 0x000000070d200000|  0%| F|  |TAMS 0x000000070d000000, 0x000000070d000000| Untracked 
|  87|0x000000070d200000, 0x000000070d200000, 0x000000070d400000|  0%| F|  |TAMS 0x000000070d200000, 0x000000070d200000| Untracked 
|  88|0x000000070d400000, 0x000000070d400000, 0x000000070d600000|  0%| F|  |TAMS 0x000000070d400000, 0x000000070d400000| Untracked 
|  89|0x000000070d600000, 0x000000070d600000, 0x000000070d800000|  0%| F|  |TAMS 0x000000070d600000, 0x000000070d600000| Untracked 
|  90|0x000000070d800000, 0x000000070d800000, 0x000000070da00000|  0%| F|  |TAMS 0x000000070d800000, 0x000000070d800000| Untracked 
|  91|0x000000070da00000, 0x000000070da00000, 0x000000070dc00000|  0%| F|  |TAMS 0x000000070da00000, 0x000000070da00000| Untracked 
|  92|0x000000070dc00000, 0x000000070dc00000, 0x000000070de00000|  0%| F|  |TAMS 0x000000070dc00000, 0x000000070dc00000| Untracked 
|  93|0x000000070de00000, 0x000000070de00000, 0x000000070e000000|  0%| F|  |TAMS 0x000000070de00000, 0x000000070de00000| Untracked 
|  94|0x000000070e000000, 0x000000070e000000, 0x000000070e200000|  0%| F|  |TAMS 0x000000070e000000, 0x000000070e000000| Untracked 
|  95|0x000000070e200000, 0x000000070e200000, 0x000000070e400000|  0%| F|  |TAMS 0x000000070e200000, 0x000000070e200000| Untracked 
|  96|0x000000070e400000, 0x000000070e400000, 0x000000070e600000|  0%| F|  |TAMS 0x000000070e400000, 0x000000070e400000| Untracked 
|  97|0x000000070e600000, 0x000000070e600000, 0x000000070e800000|  0%| F|  |TAMS 0x000000070e600000, 0x000000070e600000| Untracked 
|  98|0x000000070e800000, 0x000000070e800000, 0x000000070ea00000|  0%| F|  |TAMS 0x000000070e800000, 0x000000070e800000| Untracked 
|  99|0x000000070ea00000, 0x000000070ea00000, 0x000000070ec00000|  0%| F|  |TAMS 0x000000070ea00000, 0x000000070ea00000| Untracked 
| 100|0x000000070ec00000, 0x000000070ec00000, 0x000000070ee00000|  0%| F|  |TAMS 0x000000070ec00000, 0x000000070ec00000| Untracked 
| 101|0x000000070ee00000, 0x000000070ee00000, 0x000000070f000000|  0%| F|  |TAMS 0x000000070ee00000, 0x000000070ee00000| Untracked 
| 102|0x000000070f000000, 0x000000070f000000, 0x000000070f200000|  0%| F|  |TAMS 0x000000070f000000, 0x000000070f000000| Untracked 
| 103|0x000000070f200000, 0x000000070f200000, 0x000000070f400000|  0%| F|  |TAMS 0x000000070f200000, 0x000000070f200000| Untracked 
| 104|0x000000070f400000, 0x000000070f400000, 0x000000070f600000|  0%| F|  |TAMS 0x000000070f400000, 0x000000070f400000| Untracked 
| 105|0x000000070f600000, 0x000000070f600000, 0x000000070f800000|  0%| F|  |TAMS 0x000000070f600000, 0x000000070f600000| Untracked 
| 106|0x000000070f800000, 0x000000070f800000, 0x000000070fa00000|  0%| F|  |TAMS 0x000000070f800000, 0x000000070f800000| Untracked 
| 107|0x000000070fa00000, 0x000000070fa00000, 0x000000070fc00000|  0%| F|  |TAMS 0x000000070fa00000, 0x000000070fa00000| Untracked 
| 126|0x0000000712000000, 0x0000000712000000, 0x0000000712200000|  0%| F|  |TAMS 0x0000000712000000, 0x0000000712000000| Untracked 
|2027|0x00000007ffa00000, 0x00000007ffc00000, 0x00000007ffc00000|100%| O|  |TAMS 0x00000007ffa00000, 0x00000007ffa00000| Untracked 
|2028|0x00000007ffc00000, 0x00000007ffe00000, 0x00000007ffe00000|100%| O|  |TAMS 0x00000007ffc00000, 0x00000007ffc00000| Untracked 
|2029|0x00000007ffe00000, 0x0000000800000000, 0x0000000800000000|100%| O|  |TAMS 0x00000007ffe00000, 0x00000007ffe00000| Untracked 

Card table byte_map: [0x000001b435cf0000,0x000001b4364e0000] _byte_map_base: 0x000001b4324de000

Marking Bits (Prev, Next): (CMBitMap*) 0x000001b41e79a1d0, (CMBitMap*) 0x000001b41e79a190
 Prev Bits: [0x000001b43ac40000, 0x000001b43ebb0000)
 Next Bits: [0x000001b436cd0000, 0x000001b43ac40000)

Polling page: 0x000001b41c6e0000

Metaspace:

Usage:
  Non-class:     26.78 MB used.
      Class:      3.43 MB used.
       Both:     30.21 MB used.

Virtual space:
  Non-class space:       32.00 MB reserved,      26.94 MB ( 84%) committed,  4 nodes.
      Class space:        1.00 GB reserved,       3.56 MB ( <1%) committed,  1 nodes.
             Both:        1.03 GB reserved,      30.50 MB (  3%) committed. 

Chunk freelists:
   Non-Class:  976.00 KB
       Class:  400.00 KB
        Both:  1.34 MB

MaxMetaspaceSize: unlimited
CompressedClassSpaceSize: 1.00 GB
Initial GC threshold: 21.00 MB
Current GC threshold: 35.12 MB
CDS: on
MetaspaceReclaimPolicy: balanced
 - commit_granule_bytes: 65536.
 - commit_granule_words: 8192.
 - virtual_space_node_default_size: 1048576.
 - enlarge_chunks_in_place: 1.
 - new_chunks_are_fully_committed: 0.
 - uncommit_free_chunks: 1.
 - use_allocation_guard: 0.
 - handle_deallocations: 1.


Internal statistics:

num_allocs_failed_limit: 3.
num_arena_births: 218.
num_arena_deaths: 0.
num_vsnodes_births: 5.
num_vsnodes_deaths: 0.
num_space_committed: 488.
num_space_uncommitted: 0.
num_chunks_returned_to_freelist: 3.
num_chunks_taken_from_freelist: 1365.
num_chunk_merges: 3.
num_chunk_splits: 953.
num_chunks_enlarged: 742.
num_purges: 0.
num_inconsistent_stats: 0.

CodeHeap 'non-profiled nmethods': size=120000Kb used=4468Kb max_used=4468Kb free=115531Kb
 bounds [0x000001b42da80000, 0x000001b42dee0000, 0x000001b434fb0000]
CodeHeap 'profiled nmethods': size=120000Kb used=15097Kb max_used=15097Kb free=104902Kb
 bounds [0x000001b426550000, 0x000001b427410000, 0x000001b42da80000]
CodeHeap 'non-nmethods': size=5760Kb used=1222Kb max_used=1325Kb free=4537Kb
 bounds [0x000001b425fb0000, 0x000001b426220000, 0x000001b426550000]
 total_blobs=7577 nmethods=7053 adapters=436
 compilation: enabled
              stopped_count=0, restarted_count=0
 full_count=0

Compilation events (20 events):
Event: 4.361 Thread 0x000001b44289a670 nmethod 7935 0x000001b42dedcb10 code [0x000001b42dedcca0, 0x000001b42dedcd78]
Event: 4.361 Thread 0x000001b442ef3be0 nmethod 7936 0x000001b42dedce90 code [0x000001b42dedd020, 0x000001b42dedd0f8]
Event: 4.361 Thread 0x000001b44184e470 nmethod 7934 0x000001b42740a310 code [0x000001b42740a580, 0x000001b42740b288]
Event: 4.362 Thread 0x000001b44184e470 7938       3       com.sun.tools.javac.tree.JCTree$JCLambda::getTag (4 bytes)
Event: 4.362 Thread 0x000001b44184e470 nmethod 7938 0x000001b42740b610 code [0x000001b42740b7a0, 0x000001b42740b8b8]
Event: 4.362 Thread 0x000001b44184e470 7939       3       com.sun.tools.javac.code.Scope$CompoundScope$$Lambda$395/0x0000000800f5f3c8::apply (16 bytes)
Event: 4.362 Thread 0x000001b44184e470 nmethod 7939 0x000001b42740b990 code [0x000001b42740bb60, 0x000001b42740bf78]
Event: 4.362 Thread 0x000001b44184e470 7940       3       com.sun.tools.javac.code.Scope$CompoundScope::lambda$getSymbols$0 (12 bytes)
Event: 4.362 Thread 0x000001b44184e470 nmethod 7940 0x000001b42740c090 code [0x000001b42740c240, 0x000001b42740c4d8]
Event: 4.362 Thread 0x000001b44184e470 7941       3       com.sun.tools.javac.tree.JCTree$JCConditional::accept (6 bytes)
Event: 4.362 Thread 0x000001b44184e470 nmethod 7941 0x000001b42740c610 code [0x000001b42740c7c0, 0x000001b42740c9a8]
Event: 4.363 Thread 0x000001b44184e470 7942       3       com.sun.tools.javac.tree.TreeTranslator::visitSelect (21 bytes)
Event: 4.363 Thread 0x000001b44184e470 nmethod 7942 0x000001b42740ca90 code [0x000001b42740cc40, 0x000001b42740d008]
Event: 4.363 Thread 0x000001b44184e470 7943       3       com.sun.tools.javac.comp.LambdaToMethod::translate (32 bytes)
Event: 4.363 Thread 0x000001b44184e470 nmethod 7943 0x000001b42740d110 code [0x000001b42740d2e0, 0x000001b42740d678]
Event: 4.363 Thread 0x000001b44184e470 7944   !   3       com.sun.tools.javac.comp.LambdaToMethod::translate (35 bytes)
Event: 4.363 Thread 0x000001b44184e470 nmethod 7944 0x000001b42740d790 code [0x000001b42740d940, 0x000001b42740dd88]
Event: 4.364 Thread 0x000001b44184e470 7945       3       com.sun.tools.javac.tree.TreeTranslator::visitApply (33 bytes)
Event: 4.364 Thread 0x000001b44184e470 nmethod 7945 0x000001b42740df10 code [0x000001b42740e0e0, 0x000001b42740e5b8]
Event: 4.365 Thread 0x000001b44289a670 7946   !   4       jdk.internal.jrtfs.JrtFileSystem::lookup (23 bytes)

GC Heap History (20 events):
Event: 0.308 GC heap after
{Heap after GC invocations=1 (full 0):
 garbage-first heap   total 260096K, used 3992K [0x0000000702400000, 0x0000000800000000)
  region size 2048K, 2 young (4096K), 2 survivors (4096K)
 Metaspace       used 5446K, committed 5632K, reserved 1056768K
  class space    used 659K, committed 768K, reserved 1048576K
}
Event: 0.553 GC heap before
{Heap before GC invocations=1 (full 0):
 garbage-first heap   total 260096K, used 32664K [0x0000000702400000, 0x0000000800000000)
  region size 2048K, 16 young (32768K), 2 survivors (4096K)
 Metaspace       used 9074K, committed 9216K, reserved 1064960K
  class space    used 1106K, committed 1152K, reserved 1048576K
}
Event: 0.556 GC heap after
{Heap after GC invocations=2 (full 0):
 garbage-first heap   total 260096K, used 5393K [0x0000000702400000, 0x0000000800000000)
  region size 2048K, 1 young (2048K), 1 survivors (2048K)
 Metaspace       used 9074K, committed 9216K, reserved 1064960K
  class space    used 1106K, committed 1152K, reserved 1048576K
}
Event: 1.827 GC heap before
{Heap before GC invocations=2 (full 0):
 garbage-first heap   total 260096K, used 158993K [0x0000000702400000, 0x0000000800000000)
  region size 2048K, 76 young (155648K), 1 survivors (2048K)
 Metaspace       used 17278K, committed 17600K, reserved 1064960K
  class space    used 2028K, committed 2176K, reserved 1048576K
}
Event: 1.833 GC heap after
{Heap after GC invocations=3 (full 0):
 garbage-first heap   total 260096K, used 11845K [0x0000000702400000, 0x0000000800000000)
  region size 2048K, 4 young (8192K), 4 survivors (8192K)
 Metaspace       used 17278K, committed 17600K, reserved 1064960K
  class space    used 2028K, committed 2176K, reserved 1048576K
}
Event: 2.177 GC heap before
{Heap before GC invocations=3 (full 0):
 garbage-first heap   total 260096K, used 50757K [0x0000000702400000, 0x0000000800000000)
  region size 2048K, 23 young (47104K), 4 survivors (8192K)
 Metaspace       used 21238K, committed 21504K, reserved 1073152K
  class space    used 2508K, committed 2624K, reserved 1048576K
}
Event: 2.181 GC heap after
{Heap after GC invocations=4 (full 0):
 garbage-first heap   total 260096K, used 13933K [0x0000000702400000, 0x0000000800000000)
  region size 2048K, 5 young (10240K), 5 survivors (10240K)
 Metaspace       used 21238K, committed 21504K, reserved 1073152K
  class space    used 2508K, committed 2624K, reserved 1048576K
}
Event: 2.518 GC heap before
{Heap before GC invocations=5 (full 0):
 garbage-first heap   total 55296K, used 40557K [0x0000000702400000, 0x0000000800000000)
  region size 2048K, 19 young (38912K), 5 survivors (10240K)
 Metaspace       used 25428K, committed 25792K, reserved 1073152K
  class space    used 2942K, committed 3136K, reserved 1048576K
}
Event: 2.530 GC heap after
{Heap after GC invocations=6 (full 0):
 garbage-first heap   total 61440K, used 20974K [0x0000000702400000, 0x0000000800000000)
  region size 2048K, 3 young (6144K), 3 survivors (6144K)
 Metaspace       used 25428K, committed 25792K, reserved 1073152K
  class space    used 2942K, committed 3136K, reserved 1048576K
}
Event: 2.569 GC heap before
{Heap before GC invocations=6 (full 0):
 garbage-first heap   total 61440K, used 23022K [0x0000000702400000, 0x0000000800000000)
  region size 2048K, 4 young (8192K), 3 survivors (6144K)
 Metaspace       used 25829K, committed 26112K, reserved 1073152K
  class space    used 2985K, committed 3136K, reserved 1048576K
}
Event: 2.577 GC heap after
{Heap after GC invocations=7 (full 0):
 garbage-first heap   total 161792K, used 23308K [0x0000000702400000, 0x0000000800000000)
  region size 2048K, 1 young (2048K), 1 survivors (2048K)
 Metaspace       used 25829K, committed 26112K, reserved 1073152K
  class space    used 2985K, committed 3136K, reserved 1048576K
}
Event: 3.223 GC heap before
{Heap before GC invocations=7 (full 0):
 garbage-first heap   total 161792K, used 113420K [0x0000000702400000, 0x0000000800000000)
  region size 2048K, 43 young (88064K), 1 survivors (2048K)
 Metaspace       used 27784K, committed 28032K, reserved 1081344K
  class space    used 3154K, committed 3264K, reserved 1048576K
}
Event: 3.241 GC heap after
{Heap after GC invocations=8 (full 0):
 garbage-first heap   total 161792K, used 41953K [0x0000000702400000, 0x0000000800000000)
  region size 2048K, 6 young (12288K), 6 survivors (12288K)
 Metaspace       used 27784K, committed 28032K, reserved 1081344K
  class space    used 3154K, committed 3264K, reserved 1048576K
}
Event: 3.547 GC heap before
{Heap before GC invocations=8 (full 0):
 garbage-first heap   total 161792K, used 113633K [0x0000000702400000, 0x0000000800000000)
  region size 2048K, 41 young (83968K), 6 survivors (12288K)
 Metaspace       used 28902K, committed 29248K, reserved 1081344K
  class space    used 3263K, committed 3392K, reserved 1048576K
}
Event: 3.558 GC heap after
{Heap after GC invocations=9 (full 0):
 garbage-first heap   total 161792K, used 44148K [0x0000000702400000, 0x0000000800000000)
  region size 2048K, 1 young (2048K), 1 survivors (2048K)
 Metaspace       used 28902K, committed 29248K, reserved 1081344K
  class space    used 3263K, committed 3392K, reserved 1048576K
}
Event: 3.762 GC heap before
{Heap before GC invocations=9 (full 0):
 garbage-first heap   total 161792K, used 117876K [0x0000000702400000, 0x0000000800000000)
  region size 2048K, 37 young (75776K), 1 survivors (2048K)
 Metaspace       used 29228K, committed 29504K, reserved 1081344K
  class space    used 3309K, committed 3456K, reserved 1048576K
}
Event: 3.764 GC heap after
{Heap after GC invocations=10 (full 0):
 garbage-first heap   total 161792K, used 43405K [0x0000000702400000, 0x0000000800000000)
  region size 2048K, 1 young (2048K), 1 survivors (2048K)
 Metaspace       used 29228K, committed 29504K, reserved 1081344K
  class space    used 3309K, committed 3456K, reserved 1048576K
}
Event: 3.969 GC heap before
{Heap before GC invocations=10 (full 0):
 garbage-first heap   total 161792K, used 121229K [0x0000000702400000, 0x0000000800000000)
  region size 2048K, 39 young (79872K), 1 survivors (2048K)
 Metaspace       used 29415K, committed 29696K, reserved 1081344K
  class space    used 3312K, committed 3456K, reserved 1048576K
}
Event: 3.974 GC heap after
{Heap after GC invocations=11 (full 0):
 garbage-first heap   total 161792K, used 44120K [0x0000000702400000, 0x0000000800000000)
  region size 2048K, 1 young (2048K), 1 survivors (2048K)
 Metaspace       used 29415K, committed 29696K, reserved 1081344K
  class space    used 3312K, committed 3456K, reserved 1048576K
}
Event: 4.365 GC heap before
{Heap before GC invocations=11 (full 0):
 garbage-first heap   total 161792K, used 126040K [0x0000000702400000, 0x0000000800000000)
  region size 2048K, 41 young (83968K), 1 survivors (2048K)
 Metaspace       used 30935K, committed 31232K, reserved 1081344K
  class space    used 3514K, committed 3648K, reserved 1048576K
}

Deoptimization events (20 events):
Event: 4.324 Thread 0x000001b41c50d9c0 Uncommon trap: trap_request=0xffffffc6 fr.pc=0x000001b42deb7674 relative=0x00000000000008d4
Event: 4.324 Thread 0x000001b41c50d9c0 Uncommon trap: reason=bimorphic_or_optimized_type_check action=maybe_recompile pc=0x000001b42deb7674 method=com.sun.tools.javac.comp.Check.checkType(Lcom/sun/tools/javac/util/JCDiagnostic$DiagnosticPosition;Lcom/sun/tools/javac/code/Type;Lcom/sun/tools/ja
Event: 4.324 Thread 0x000001b41c50d9c0 DEOPT PACKING pc=0x000001b42deb7674 sp=0x00000094d3dfa470
Event: 4.324 Thread 0x000001b41c50d9c0 DEOPT UNPACKING pc=0x000001b4260023a3 sp=0x00000094d3dfa3d0 mode 2
Event: 4.324 Thread 0x000001b41c50d9c0 Uncommon trap: trap_request=0xffffffc6 fr.pc=0x000001b42debb148 relative=0x0000000000000528
Event: 4.324 Thread 0x000001b41c50d9c0 Uncommon trap: reason=bimorphic_or_optimized_type_check action=maybe_recompile pc=0x000001b42debb148 method=com.sun.tools.javac.comp.Check.checkType(Lcom/sun/tools/javac/util/JCDiagnostic$DiagnosticPosition;Lcom/sun/tools/javac/code/Type;Lcom/sun/tools/ja
Event: 4.324 Thread 0x000001b41c50d9c0 DEOPT PACKING pc=0x000001b42debb148 sp=0x00000094d3dfa6b0
Event: 4.324 Thread 0x000001b41c50d9c0 DEOPT UNPACKING pc=0x000001b4260023a3 sp=0x00000094d3dfa698 mode 2
Event: 4.325 Thread 0x000001b41c50d9c0 Uncommon trap: trap_request=0xffffffde fr.pc=0x000001b42dead5f8 relative=0x0000000000000c98
Event: 4.325 Thread 0x000001b41c50d9c0 Uncommon trap: reason=class_check action=maybe_recompile pc=0x000001b42dead5f8 method=java.util.HashMap.removeNode(ILjava/lang/Object;Ljava/lang/Object;ZZ)Ljava/util/HashMap$Node; @ 143 c2
Event: 4.325 Thread 0x000001b41c50d9c0 DEOPT PACKING pc=0x000001b42dead5f8 sp=0x00000094d3dfb960
Event: 4.325 Thread 0x000001b41c50d9c0 DEOPT UNPACKING pc=0x000001b4260023a3 sp=0x00000094d3dfb8f8 mode 2
Event: 4.339 Thread 0x000001b41c50d9c0 Uncommon trap: trap_request=0xffffff45 fr.pc=0x000001b42dcd4090 relative=0x00000000000001b0
Event: 4.339 Thread 0x000001b41c50d9c0 Uncommon trap: reason=unstable_if action=reinterpret pc=0x000001b42dcd4090 method=java.util.WeakHashMap.matchesKey(Ljava/util/WeakHashMap$Entry;Ljava/lang/Object;)Z @ 24 c2
Event: 4.339 Thread 0x000001b41c50d9c0 DEOPT PACKING pc=0x000001b42dcd4090 sp=0x00000094d3df9f30
Event: 4.339 Thread 0x000001b41c50d9c0 DEOPT UNPACKING pc=0x000001b4260023a3 sp=0x00000094d3df9e90 mode 2
Event: 4.354 Thread 0x000001b41c50d9c0 Uncommon trap: trap_request=0xffffffde fr.pc=0x000001b42de8517c relative=0x00000000000001dc
Event: 4.354 Thread 0x000001b41c50d9c0 Uncommon trap: reason=class_check action=maybe_recompile pc=0x000001b42de8517c method=com.sun.tools.javac.code.Scope$ScopeListenerList.walkReferences(Lcom/sun/tools/javac/code/Symbol;Lcom/sun/tools/javac/code/Scope;Z)V @ 20 c2
Event: 4.354 Thread 0x000001b41c50d9c0 DEOPT PACKING pc=0x000001b42de8517c sp=0x00000094d3dfc4a0
Event: 4.354 Thread 0x000001b41c50d9c0 DEOPT UNPACKING pc=0x000001b4260023a3 sp=0x00000094d3dfc440 mode 2

Classes unloaded (0 events):
No events

Classes redefined (0 events):
No events

Internal exceptions (20 events):
Event: 4.308 Thread 0x000001b41c50d9c0 Exception <a 'sun/nio/fs/WindowsException'{0x0000000706f25e30}> (0x0000000706f25e30) 
thrown [t:\workspace\open\src\hotspot\share\prims\jni.cpp, line 516]
Event: 4.308 Thread 0x000001b41c50d9c0 Exception <a 'sun/nio/fs/WindowsException'{0x0000000706f276c8}> (0x0000000706f276c8) 
thrown [t:\workspace\open\src\hotspot\share\prims\jni.cpp, line 516]
Event: 4.308 Thread 0x000001b41c50d9c0 Exception <a 'sun/nio/fs/WindowsException'{0x0000000706f27c10}> (0x0000000706f27c10) 
thrown [t:\workspace\open\src\hotspot\share\prims\jni.cpp, line 516]
Event: 4.308 Thread 0x000001b41c50d9c0 Exception <a 'sun/nio/fs/WindowsException'{0x0000000706f2acf8}> (0x0000000706f2acf8) 
thrown [t:\workspace\open\src\hotspot\share\prims\jni.cpp, line 516]
Event: 4.308 Thread 0x000001b41c50d9c0 Exception <a 'sun/nio/fs/WindowsException'{0x0000000706f2b168}> (0x0000000706f2b168) 
thrown [t:\workspace\open\src\hotspot\share\prims\jni.cpp, line 516]
Event: 4.308 Thread 0x000001b41c50d9c0 Exception <a 'sun/nio/fs/WindowsException'{0x0000000706f2d388}> (0x0000000706f2d388) 
thrown [t:\workspace\open\src\hotspot\share\prims\jni.cpp, line 516]
Event: 4.308 Thread 0x000001b41c50d9c0 Exception <a 'sun/nio/fs/WindowsException'{0x0000000706f2d758}> (0x0000000706f2d758) 
thrown [t:\workspace\open\src\hotspot\share\prims\jni.cpp, line 516]
Event: 4.308 Thread 0x000001b41c50d9c0 Exception <a 'sun/nio/fs/WindowsException'{0x0000000706f30038}> (0x0000000706f30038) 
thrown [t:\workspace\open\src\hotspot\share\prims\jni.cpp, line 516]
Event: 4.308 Thread 0x000001b41c50d9c0 Exception <a 'sun/nio/fs/WindowsException'{0x0000000706f30498}> (0x0000000706f30498) 
thrown [t:\workspace\open\src\hotspot\share\prims\jni.cpp, line 516]
Event: 4.308 Thread 0x000001b41c50d9c0 Exception <a 'sun/nio/fs/WindowsException'{0x0000000706f31d40}> (0x0000000706f31d40) 
thrown [t:\workspace\open\src\hotspot\share\prims\jni.cpp, line 516]
Event: 4.308 Thread 0x000001b41c50d9c0 Exception <a 'sun/nio/fs/WindowsException'{0x0000000706f322b8}> (0x0000000706f322b8) 
thrown [t:\workspace\open\src\hotspot\share\prims\jni.cpp, line 516]
Event: 4.312 Thread 0x000001b41c50d9c0 Implicit null exception at 0x000001b42deb8684 to 0x000001b42deb8a78
Event: 4.337 Thread 0x000001b41c50d9c0 Exception <a 'sun/nio/fs/WindowsException'{0x0000000706a837a8}> (0x0000000706a837a8) 
thrown [t:\workspace\open\src\hotspot\share\prims\jni.cpp, line 516]
Event: 4.337 Thread 0x000001b41c50d9c0 Exception <a 'sun/nio/fs/WindowsException'{0x0000000706a83bc0}> (0x0000000706a83bc0) 
thrown [t:\workspace\open\src\hotspot\share\prims\jni.cpp, line 516]
Event: 4.337 Thread 0x000001b41c50d9c0 Exception <a 'sun/nio/fs/WindowsException'{0x0000000706a8a3b8}> (0x0000000706a8a3b8) 
thrown [t:\workspace\open\src\hotspot\share\prims\jni.cpp, line 516]
Event: 4.337 Thread 0x000001b41c50d9c0 Exception <a 'sun/nio/fs/WindowsException'{0x0000000706a8a730}> (0x0000000706a8a730) 
thrown [t:\workspace\open\src\hotspot\share\prims\jni.cpp, line 516]
Event: 4.337 Thread 0x000001b41c50d9c0 Exception <a 'sun/nio/fs/WindowsException'{0x0000000706a96fa0}> (0x0000000706a96fa0) 
thrown [t:\workspace\open\src\hotspot\share\prims\jni.cpp, line 516]
Event: 4.337 Thread 0x000001b41c50d9c0 Exception <a 'sun/nio/fs/WindowsException'{0x0000000706a973b0}> (0x0000000706a973b0) 
thrown [t:\workspace\open\src\hotspot\share\prims\jni.cpp, line 516]
Event: 4.337 Thread 0x000001b41c50d9c0 Exception <a 'sun/nio/fs/WindowsException'{0x0000000706a99420}> (0x0000000706a99420) 
thrown [t:\workspace\open\src\hotspot\share\prims\jni.cpp, line 516]
Event: 4.337 Thread 0x000001b41c50d9c0 Exception <a 'sun/nio/fs/WindowsException'{0x0000000706a99940}> (0x0000000706a99940) 
thrown [t:\workspace\open\src\hotspot\share\prims\jni.cpp, line 516]

VM Operations (20 events):
Event: 3.959 Executing VM operation: ICBufferFull done
Event: 3.969 Executing VM operation: G1CollectForAllocation
Event: 3.974 Executing VM operation: G1CollectForAllocation done
Event: 4.185 Executing VM operation: HandshakeAllThreads
Event: 4.185 Executing VM operation: HandshakeAllThreads done
Event: 4.188 Executing VM operation: HandshakeAllThreads
Event: 4.188 Executing VM operation: HandshakeAllThreads done
Event: 4.208 Executing VM operation: HandshakeAllThreads
Event: 4.208 Executing VM operation: HandshakeAllThreads done
Event: 4.220 Executing VM operation: HandshakeAllThreads
Event: 4.221 Executing VM operation: HandshakeAllThreads done
Event: 4.233 Executing VM operation: ICBufferFull
Event: 4.233 Executing VM operation: ICBufferFull done
Event: 4.271 Executing VM operation: HandshakeAllThreads
Event: 4.271 Executing VM operation: HandshakeAllThreads done
Event: 4.290 Executing VM operation: ICBufferFull
Event: 4.290 Executing VM operation: ICBufferFull done
Event: 4.352 Executing VM operation: ICBufferFull
Event: 4.352 Executing VM operation: ICBufferFull done
Event: 4.365 Executing VM operation: G1CollectForAllocation

Events (20 events):
Event: 3.737 Thread 0x000001b441850a00 flushing nmethod 0x000001b426fff510
Event: 3.737 Thread 0x000001b441850a00 flushing nmethod 0x000001b426fff890
Event: 3.737 Thread 0x000001b441850a00 flushing nmethod 0x000001b426fffe90
Event: 3.737 Thread 0x000001b441850a00 flushing nmethod 0x000001b427000490
Event: 4.205 loading class java/util/function/ToIntBiFunction
Event: 4.205 loading class java/util/function/ToIntBiFunction done
Event: 4.215 loading class java/nio/file/Path$1
Event: 4.215 loading class java/nio/file/Path$1 done
Event: 4.249 loading class java/util/EnumMap$EntrySet
Event: 4.249 loading class java/util/EnumMap$EntrySet done
Event: 4.249 loading class java/util/EnumMap$EntryIterator
Event: 4.249 loading class java/util/EnumMap$EnumMapIterator
Event: 4.249 loading class java/util/EnumMap$EnumMapIterator done
Event: 4.249 loading class java/util/EnumMap$EntryIterator done
Event: 4.249 loading class java/util/EnumMap$EntryIterator$Entry
Event: 4.249 loading class java/util/EnumMap$EntryIterator$Entry done
Event: 4.363 loading class java/util/stream/ReduceOps$2
Event: 4.363 loading class java/util/stream/ReduceOps$2 done
Event: 4.363 loading class java/util/stream/ReduceOps$2ReducingSink
Event: 4.363 loading class java/util/stream/ReduceOps$2ReducingSink done


Dynamic libraries:
0x00007ff7b92c0000 - 0x00007ff7b92d0000 	C:\Program Files\Java\jdk-17.0.3.1\bin\java.exe
0x00007ffef7fd0000 - 0x00007ffef81c5000 	C:\Windows\SYSTEM32\ntdll.dll
0x00007ffef7ca0000 - 0x00007ffef7d5d000 	C:\Windows\System32\KERNEL32.DLL
0x00007ffef5850000 - 0x00007ffef5b18000 	C:\Windows\System32\KERNELBASE.dll
0x00007ffef5b20000 - 0x00007ffef5c20000 	C:\Windows\System32\ucrtbase.dll
0x00007ffee7750000 - 0x00007ffee7768000 	C:\Program Files\Java\jdk-17.0.3.1\bin\jli.dll
0x00007ffedc890000 - 0x00007ffedc8aa000 	C:\Program Files\Java\jdk-17.0.3.1\bin\VCRUNTIME140.dll
0x00007ffef66c0000 - 0x00007ffef676c000 	C:\Windows\System32\ADVAPI32.dll
0x00007ffef7860000 - 0x00007ffef78fe000 	C:\Windows\System32\msvcrt.dll
0x00007ffef6210000 - 0x00007ffef62ab000 	C:\Windows\System32\sechost.dll
0x00007ffef7b70000 - 0x00007ffef7c9b000 	C:\Windows\System32\RPCRT4.dll
0x00007ffef79d0000 - 0x00007ffef7b70000 	C:\Windows\System32\USER32.dll
0x00007ffef5c20000 - 0x00007ffef5c42000 	C:\Windows\System32\win32u.dll
0x00007ffef7830000 - 0x00007ffef785a000 	C:\Windows\System32\GDI32.dll
0x00007ffee9430000 - 0x00007ffee96ca000 	C:\Windows\WinSxS\amd64_microsoft.windows.common-controls_6595b64144ccf1df_6.0.19041.844_none_ca00b6081b84eb1d\COMCTL32.dll
0x00007ffef5740000 - 0x00007ffef584b000 	C:\Windows\System32\gdi32full.dll
0x00007ffef5dd0000 - 0x00007ffef5e6d000 	C:\Windows\System32\msvcp_win.dll
0x00007ffeed900000 - 0x00007ffeed90a000 	C:\Windows\SYSTEM32\VERSION.dll
0x00007ffef7800000 - 0x00007ffef7830000 	C:\Windows\System32\IMM32.DLL
0x00007ffeef240000 - 0x00007ffeef24c000 	C:\Program Files\Java\jdk-17.0.3.1\bin\vcruntime140_1.dll
0x00007ffebe200000 - 0x00007ffebe28d000 	C:\Program Files\Java\jdk-17.0.3.1\bin\msvcp140.dll
0x00007ffe7a8c0000 - 0x00007ffe7b480000 	C:\Program Files\Java\jdk-17.0.3.1\bin\server\jvm.dll
0x00007ffef6050000 - 0x00007ffef6058000 	C:\Windows\System32\PSAPI.DLL
0x00007ffed80f0000 - 0x00007ffed80f9000 	C:\Windows\SYSTEM32\WSOCK32.dll
0x00007ffee5b60000 - 0x00007ffee5b87000 	C:\Windows\SYSTEM32\WINMM.dll
0x00007ffef7f20000 - 0x00007ffef7f8b000 	C:\Windows\System32\WS2_32.dll
0x00007ffef3670000 - 0x00007ffef3682000 	C:\Windows\SYSTEM32\kernel.appcore.dll
0x00007ffee9190000 - 0x00007ffee919a000 	C:\Program Files\Java\jdk-17.0.3.1\bin\jimage.dll
0x00007ffee42d0000 - 0x00007ffee44b4000 	C:\Windows\SYSTEM32\DBGHELP.DLL
0x00007ffec90e0000 - 0x00007ffec910c000 	C:\Windows\SYSTEM32\dbgcore.DLL
0x00007ffef5d50000 - 0x00007ffef5dd0000 	C:\Windows\System32\bcryptPrimitives.dll
0x00007ffed2690000 - 0x00007ffed26b5000 	C:\Program Files\Java\jdk-17.0.3.1\bin\java.dll
0x00007ffeb6a20000 - 0x00007ffeb6af6000 	C:\Program Files\Java\jdk-17.0.3.1\bin\jsvml.dll
0x00007ffef6910000 - 0x00007ffef7052000 	C:\Windows\System32\SHELL32.dll
0x00007ffef3870000 - 0x00007ffef4001000 	C:\Windows\SYSTEM32\windows.storage.dll
0x00007ffef6360000 - 0x00007ffef66b5000 	C:\Windows\System32\combase.dll
0x00007ffef5180000 - 0x00007ffef51ac000 	C:\Windows\SYSTEM32\Wldp.dll
0x00007ffef62b0000 - 0x00007ffef635e000 	C:\Windows\System32\SHCORE.dll
0x00007ffef7ec0000 - 0x00007ffef7f15000 	C:\Windows\System32\shlwapi.dll
0x00007ffef5650000 - 0x00007ffef566f000 	C:\Windows\SYSTEM32\profapi.dll
0x00007ffed4bf0000 - 0x00007ffed4c09000 	C:\Program Files\Java\jdk-17.0.3.1\bin\net.dll
0x00007ffeeed10000 - 0x00007ffeeee1b000 	C:\Windows\SYSTEM32\WINHTTP.dll
0x00007ffef4ef0000 - 0x00007ffef4f5a000 	C:\Windows\system32\mswsock.dll
0x00007ffed2670000 - 0x00007ffed2686000 	C:\Program Files\Java\jdk-17.0.3.1\bin\nio.dll
0x00007ffed0d70000 - 0x00007ffed0d88000 	C:\Program Files\Java\jdk-17.0.3.1\bin\zip.dll
0x00007ffef1590000 - 0x00007ffef15b4000 	D:\apache-maven-3.9.9\lib\jansi-native\Windows\x86_64\jansi.dll
0x00007ffed7d30000 - 0x00007ffed7d40000 	C:\Program Files\Java\jdk-17.0.3.1\bin\verify.dll

dbghelp: loaded successfully - version: 4.0.5 - missing functions: none
symbol engine: initialized successfully - sym options: 0x614 - pdb path: .;C:\Program Files\Java\jdk-17.0.3.1\bin;C:\Windows\SYSTEM32;C:\Windows\WinSxS\amd64_microsoft.windows.common-controls_6595b64144ccf1df_6.0.19041.844_none_ca00b6081b84eb1d;C:\Program Files\Java\jdk-17.0.3.1\bin\server;D:\apache-maven-3.9.9\lib\jansi-native\Windows\x86_64

VM Arguments:
jvm_args: -Dclassworlds.conf=D:\apache-maven-3.9.9\bin\m2.conf -Dmaven.home=D:\apache-maven-3.9.9 -Dlibrary.jansi.path=D:\apache-maven-3.9.9\lib\jansi-native -Dmaven.multiModuleProjectDirectory=D:\我的世界国家插件\Nation 
java_command: org.codehaus.plexus.classworlds.launcher.Launcher clean package
java_class_path (initial): D:\apache-maven-3.9.9\boot\plexus-classworlds-2.8.0.jar
Launcher Type: SUN_STANDARD

[Global flags]
     intx CICompilerCount                          = 4                                         {product} {ergonomic}
     uint ConcGCThreads                            = 3                                         {product} {ergonomic}
     uint G1ConcRefinementThreads                  = 10                                        {product} {ergonomic}
   size_t G1HeapRegionSize                         = 2097152                                   {product} {ergonomic}
    uintx GCDrainStackTargetSize                   = 64                                        {product} {ergonomic}
   size_t InitialHeapSize                          = 266338304                                 {product} {ergonomic}
   size_t MarkStackSize                            = 4194304                                   {product} {ergonomic}
   size_t MaxHeapSize                              = 4257218560                                {product} {ergonomic}
   size_t MaxNewSize                               = 2554331136                                {product} {ergonomic}
   size_t MinHeapDeltaBytes                        = 2097152                                   {product} {ergonomic}
   size_t MinHeapSize                              = 8388608                                   {product} {ergonomic}
    uintx NonNMethodCodeHeapSize                   = 5839372                                {pd product} {ergonomic}
    uintx NonProfiledCodeHeapSize                  = 122909434                              {pd product} {ergonomic}
    uintx ProfiledCodeHeapSize                     = 122909434                              {pd product} {ergonomic}
    uintx ReservedCodeCacheSize                    = 251658240                              {pd product} {ergonomic}
     bool SegmentedCodeCache                       = true                                      {product} {ergonomic}
   size_t SoftMaxHeapSize                          = 4257218560                             {manageable} {ergonomic}
     bool UseCompressedClassPointers               = true                           {product lp64_product} {ergonomic}
     bool UseCompressedOops                        = true                           {product lp64_product} {ergonomic}
     bool UseG1GC                                  = true                                      {product} {ergonomic}
     bool UseLargePagesIndividualAllocation        = false                                  {pd product} {ergonomic}

Logging:
Log output configuration:
 #0: stdout all=warning uptime,level,tags
 #1: stderr all=off uptime,level,tags

Environment Variables:
JAVA_HOME=C:\Program Files\Java\jdk-17.0.3.1
PATH=C:\Program Files\Java\jdk-17.0.3.1\bin;C:\Program Files\Common Files\Oracle\Java\javapath;C:\Program Files (x86)\Common Files\Oracle\Java\java8path;C:\Program Files (x86)\Common Files\Oracle\Java\javapath;c:\Users\Administrator\AppData\Local\Programs\cursor\resources\app\bin;E:\Oracle\product\11.2.0\dbhome_1\bin;C:\Windows\system32;C:\Windows;C:\Windows\System32\Wbem;C:\Windows\System32\WindowsPowerShell\v1.0\;C:\Windows\System32\OpenSSH\;C:\Program Files (x86)\NVIDIA Corporation\PhysX\Common;C:\Program Files\NVIDIA Corporation\NVIDIA NvDLISR;C:\Program Files\Microsoft SQL Server\150\Tools\Binn\;C:\Program Files\Microsoft SQL Server\Client SDK\ODBC\170\Tools\Binn\;C:\Program Files\dotnet\;D:\SVN\bin;C:\Users\Administrator\AppData\Local\Microsoft\WindowsApps;C:\Users\Administrator\.dotnet\tools;c:\Users\Administrator\AppData\Local\Programs\cursor\resources\app\bin;D:\NodeJS\;D:\apache-maven-3.9.9\bin;C:\Users\Administrator\AppData\Local\Microsoft\WindowsApps;C:\Users\Administrator\.dotnet\;C:\Users\Administrator\AppData\Local\Microsoft\WindowsApps;C:\Users\Administrator\.dotnet\tools;D:\Microsoft VS Code\bin;C:\Users\Administrator\AppData\Roaming\npm;D:\IntelliJ IDEA 2024.3\bin;;C:\Users\Administrator\AppData\Local\GitHubDesktop\bin;D:\Windsurf\bin
USERNAME=Administrator
LANG=zh_CN.UTF-8
OS=Windows_NT
PROCESSOR_IDENTIFIER=Intel64 Family 6 Model 151 Stepping 5, GenuineIntel



---------------  S Y S T E M  ---------------

OS:
 Windows 10 , 64 bit Build 19041 (10.0.19041.928)
OS uptime: 0 days 13:43 hours

CPU: total 12 (initial active 12) (6 cores per cpu, 2 threads per core) family 6 model 151 stepping 5 microcode 0x32, cx8, cmov, fxsr, ht, mmx, 3dnowpref, sse, sse2, sse3, ssse3, sse4.1, sse4.2, popcnt, lzcnt, tsc, tscinvbit, avx, avx2, aes, erms, clmul, bmi1, bmi2, adx, sha, fma, vzeroupper, clflush, clflushopt, clwb

Memory: 4k page, system-wide physical 16237M (4205M free)
TotalPageFile size 26611M (AvailPageFile size 28M)
current process WorkingSet (physical memory assigned to process): 317M, peak: 325M
current process commit charge ("private bytes"): 435M, peak: 471M

vm_info: Java HotSpot(TM) 64-Bit Server VM (17.0.3.1+2-LTS-6) for windows-amd64 JRE (17.0.3.1+2-LTS-6), built on Apr 25 2022 22:04:21 by "mach5one" with MS VC++ 16.8 / 16.9 (VS2019)

END.
