#
# There is insufficient memory for the Java Runtime Environment to continue.
# Native memory allocation (malloc) failed to allocate 790576 bytes for Chunk::new
# Possible reasons:
#   The system is out of physical RAM or swap space
#   The process is running with CompressedOops enabled, and the Java Heap may be blocking the growth of the native heap
# Possible solutions:
#   Reduce memory load on the system
#   Increase physical memory or swap space
#   Check if swap backing store is full
#   Decrease Java heap size (-Xmx/-Xms)
#   Decrease number of Java threads
#   Decrease Java thread stack sizes (-Xss)
#   Set larger code cache with -XX:ReservedCodeCacheSize=
#   JVM is running with Zero Based Compressed Oops mode in which the Java heap is
#     placed in the first 32GB address space. The Java Heap base address is the
#     maximum limit for the native heap growth. Please use -XX:HeapBaseMinAddress
#     to set the Java Heap base and to place the Java Heap above 32GB virtual address.
# This output file may be truncated or incomplete.
#
#  Out of Memory Error (arena.cpp:189), pid=12824, tid=15572
#
# JRE version: Java(TM) SE Runtime Environment (17.0.3.1+2) (build 17.0.3.1+2-LTS-6)
# Java VM: Java HotSpot(TM) 64-Bit Server VM (17.0.3.1+2-LTS-6, mixed mode, sharing, tiered, compressed oops, compressed class ptrs, g1 gc, windows-amd64)
# No core dump will be written. Minidumps are not enabled by default on client versions of Windows
#

---------------  S U M M A R Y ------------

Command Line: -Dclassworlds.conf=D:\apache-maven-3.9.9\bin\m2.conf -Dmaven.home=D:\apache-maven-3.9.9 -Dlibrary.jansi.path=D:\apache-maven-3.9.9\lib\jansi-native -Dmaven.multiModuleProjectDirectory=D:\我的世界国家插件\Nation org.codehaus.plexus.classworlds.launcher.Launcher clean package

Host: 12th Gen Intel(R) Core(TM) i5-12400F, 12 cores, 15G,  Windows 10 , 64 bit Build 19041 (10.0.19041.928)
Time: Mon Dec  9 07:35:46 2024  Windows 10 , 64 bit Build 19041 (10.0.19041.928) elapsed time: 6.820750 seconds (0d 0h 0m 6s)

---------------  T H R E A D  ---------------

Current thread (0x0000029e9cd5e890):  JavaThread "C2 CompilerThread1" daemon [_thread_in_native, id=15572, stack(0x000000ed99200000,0x000000ed99300000)]


Current CompileTask:
C2:   6820 11378       4       org.apache.maven.plugins.shade.DefaultShader$DefaultPackageMapper::map (206 bytes)

Stack: [0x000000ed99200000,0x000000ed99300000]
Native frames: (J=compiled Java code, j=interpreted, Vv=VM code, C=native code)
V  [jvm.dll+0x6711ba]
V  [jvm.dll+0x7d0834]
V  [jvm.dll+0x7d1fde]
V  [jvm.dll+0x7d2643]
V  [jvm.dll+0x242c85]
V  [jvm.dll+0xaa57b]
V  [jvm.dll+0xaab0c]
V  [jvm.dll+0x2a99df]
V  [jvm.dll+0x579889]
V  [jvm.dll+0x21defd]
V  [jvm.dll+0x217954]
V  [jvm.dll+0x21507b]
V  [jvm.dll+0x1a1c3d]
V  [jvm.dll+0x2249c8]
V  [jvm.dll+0x222b2c]
V  [jvm.dll+0x78650b]
V  [jvm.dll+0x780aca]
V  [jvm.dll+0x670045]
C  [ucrtbase.dll+0x21bb2]
C  [KERNEL32.DLL+0x17034]
C  [ntdll.dll+0x52651]


---------------  P R O C E S S  ---------------

Threads class SMR info:
_java_thread_list=0x0000029e9eb51120, length=15, elements={
0x0000029ef699fcc0, 0x0000029e9c406940, 0x0000029e9c4096d0, 0x0000029e9c424f90,
0x0000029e9c428970, 0x0000029e9c429230, 0x0000029e9c429af0, 0x0000029e9c42acf0,
0x0000029e9c433a10, 0x0000029e9c43b250, 0x0000029e9c58c500, 0x0000029e9c58feb0,
0x0000029e9cd5e890, 0x0000029e9d431dc0, 0x0000029e9f542590
}

Java Threads: ( => current thread )
  0x0000029ef699fcc0 JavaThread "main" [_thread_in_Java, id=16948, stack(0x000000ed97f00000,0x000000ed98000000)]
  0x0000029e9c406940 JavaThread "Reference Handler" daemon [_thread_blocked, id=17296, stack(0x000000ed98600000,0x000000ed98700000)]
  0x0000029e9c4096d0 JavaThread "Finalizer" daemon [_thread_blocked, id=17292, stack(0x000000ed98700000,0x000000ed98800000)]
  0x0000029e9c424f90 JavaThread "Signal Dispatcher" daemon [_thread_blocked, id=17284, stack(0x000000ed98800000,0x000000ed98900000)]
  0x0000029e9c428970 JavaThread "Attach Listener" daemon [_thread_blocked, id=17288, stack(0x000000ed98900000,0x000000ed98a00000)]
  0x0000029e9c429230 JavaThread "Service Thread" daemon [_thread_blocked, id=17280, stack(0x000000ed98a00000,0x000000ed98b00000)]
  0x0000029e9c429af0 JavaThread "Monitor Deflation Thread" daemon [_thread_blocked, id=17276, stack(0x000000ed98b00000,0x000000ed98c00000)]
  0x0000029e9c42acf0 JavaThread "C2 CompilerThread0" daemon [_thread_in_native, id=17272, stack(0x000000ed98c00000,0x000000ed98d00000)]
  0x0000029e9c433a10 JavaThread "C1 CompilerThread0" daemon [_thread_blocked, id=16088, stack(0x000000ed98d00000,0x000000ed98e00000)]
  0x0000029e9c43b250 JavaThread "Sweeper thread" daemon [_thread_blocked, id=17248, stack(0x000000ed98e00000,0x000000ed98f00000)]
  0x0000029e9c58c500 JavaThread "Notification Thread" daemon [_thread_blocked, id=17244, stack(0x000000ed98f00000,0x000000ed99000000)]
  0x0000029e9c58feb0 JavaThread "Common-Cleaner" daemon [_thread_blocked, id=16944, stack(0x000000ed99100000,0x000000ed99200000)]
=>0x0000029e9cd5e890 JavaThread "C2 CompilerThread1" daemon [_thread_in_native, id=15572, stack(0x000000ed99200000,0x000000ed99300000)]
  0x0000029e9d431dc0 JavaThread "Thread-1" daemon [_thread_blocked, id=14172, stack(0x000000ed99c00000,0x000000ed99d00000)]
  0x0000029e9f542590 JavaThread "C2 CompilerThread2" daemon [_thread_in_native, id=14380, stack(0x000000ed99300000,0x000000ed99400000)]

Other Threads:
  0x0000029e9c4030a0 VMThread "VM Thread" [stack: 0x000000ed98500000,0x000000ed98600000] [id=17308]
  0x0000029e9c58f810 WatcherThread [stack: 0x000000ed99000000,0x000000ed99100000] [id=15848]
  0x0000029ef6a0b810 GCTaskThread "GC Thread#0" [stack: 0x000000ed98000000,0x000000ed98100000] [id=17264]
  0x0000029e9d13c990 GCTaskThread "GC Thread#1" [stack: 0x000000ed99400000,0x000000ed99500000] [id=13436]
  0x0000029e9d1e5960 GCTaskThread "GC Thread#2" [stack: 0x000000ed99500000,0x000000ed99600000] [id=16872]
  0x0000029e9d1e5c10 GCTaskThread "GC Thread#3" [stack: 0x000000ed99600000,0x000000ed99700000] [id=9448]
  0x0000029e9d192850 GCTaskThread "GC Thread#4" [stack: 0x000000ed99700000,0x000000ed99800000] [id=5804]
  0x0000029e9d193b20 GCTaskThread "GC Thread#5" [stack: 0x000000ed99800000,0x000000ed99900000] [id=7480]
  0x0000029e9cef1550 GCTaskThread "GC Thread#6" [stack: 0x000000ed99900000,0x000000ed99a00000] [id=13768]
  0x0000029e9d48fce0 GCTaskThread "GC Thread#7" [stack: 0x000000ed99a00000,0x000000ed99b00000] [id=17368]
  0x0000029e9d203890 GCTaskThread "GC Thread#8" [stack: 0x000000ed99b00000,0x000000ed99c00000] [id=15544]
  0x0000029e9defe860 GCTaskThread "GC Thread#9" [stack: 0x000000ed99d00000,0x000000ed99e00000] [id=16532]
  0x0000029ef6a1c420 ConcurrentGCThread "G1 Main Marker" [stack: 0x000000ed98100000,0x000000ed98200000] [id=17268]
  0x0000029ef6a1dd50 ConcurrentGCThread "G1 Conc#0" [stack: 0x000000ed98200000,0x000000ed98300000] [id=16184]
  0x0000029e9deff5d0 ConcurrentGCThread "G1 Conc#1" [stack: 0x000000ed99e00000,0x000000ed99f00000] [id=6832]
  0x0000029e9deffb30 ConcurrentGCThread "G1 Conc#2" [stack: 0x000000ed99f00000,0x000000ed9a000000] [id=7024]
  0x0000029e9b8968e0 ConcurrentGCThread "G1 Refine#0" [stack: 0x000000ed98300000,0x000000ed98400000] [id=14368]
  0x0000029e9cf58240 ConcurrentGCThread "G1 Refine#1" [stack: 0x000000ed9a000000,0x000000ed9a100000] [id=3248]
  0x0000029e9f56d010 ConcurrentGCThread "G1 Refine#2" [stack: 0x000000ed9a100000,0x000000ed9a200000] [id=1824]
  0x0000029e9eda14b0 ConcurrentGCThread "G1 Refine#3" [stack: 0x000000ed9a200000,0x000000ed9a300000] [id=14868]
  0x0000029e9f0c8930 ConcurrentGCThread "G1 Refine#4" [stack: 0x000000ed9a300000,0x000000ed9a400000] [id=21064]
  0x0000029e9edba030 ConcurrentGCThread "G1 Refine#5" [stack: 0x000000ed9a400000,0x000000ed9a500000] [id=15568]
  0x0000029e9d04f8a0 ConcurrentGCThread "G1 Refine#6" [stack: 0x000000ed9a500000,0x000000ed9a600000] [id=17912]
  0x0000029e9b897210 ConcurrentGCThread "G1 Service" [stack: 0x000000ed98400000,0x000000ed98500000] [id=16092]

Threads with active compile tasks:
C2 CompilerThread0     6827 10924       4       org.codehaus.plexus.classworlds.realm.ClassRealm::loadClass (7 bytes)
C2 CompilerThread1     6827 11378       4       org.apache.maven.plugins.shade.DefaultShader$DefaultPackageMapper::map (206 bytes)
C2 CompilerThread2     6827 10617   !   4       java.lang.ClassLoader::loadClass (121 bytes)

VM state: not at safepoint (normal execution)

VM Mutex/Monitor currently owned by a thread: None

Heap address: 0x0000000702400000, size: 4060 MB, Compressed Oops mode: Zero based, Oop shift amount: 3

CDS archive(s) mapped at: [0x0000000800000000-0x0000000800bc0000-0x0000000800bc0000), size 12320768, SharedBaseAddress: 0x0000000800000000, ArchiveRelocationMode: 0.
Compressed class space mapped at: 0x0000000800c00000-0x0000000840c00000, reserved size: 1073741824
Narrow klass base: 0x0000000800000000, Narrow klass shift: 0, Narrow klass range: 0x100000000

GC Precious Log:
 CPUs: 12 total, 12 available
 Memory: 16237M
 Large Page Support: Disabled
 NUMA Support: Disabled
 Compressed Oops: Enabled (Zero based)
 Heap Region Size: 2M
 Heap Min Capacity: 8M
 Heap Initial Capacity: 254M
 Heap Max Capacity: 4060M
 Pre-touch: Disabled
 Parallel Workers: 10
 Concurrent Workers: 3
 Concurrent Refinement Workers: 10
 Periodic GC: Disabled

Heap:
 garbage-first heap   total 200704K, used 137191K [0x0000000702400000, 0x0000000800000000)
  region size 2048K, 42 young (86016K), 2 survivors (4096K)
 Metaspace       used 37677K, committed 38080K, reserved 1089536K
  class space    used 4141K, committed 4352K, reserved 1048576K

Heap Regions: E=young(eden), S=young(survivor), O=old, HS=humongous(starts), HC=humongous(continues), CS=collection set, F=free, OA=open archive, CA=closed archive, TAMS=top-at-mark-start (previous, next)
|   0|0x0000000702400000, 0x0000000702600000, 0x0000000702600000|100%| O|  |TAMS 0x0000000702600000, 0x0000000702400000| Untracked 
|   1|0x0000000702600000, 0x0000000702800000, 0x0000000702800000|100%|HS|  |TAMS 0x0000000702800000, 0x0000000702600000| Complete 
|   2|0x0000000702800000, 0x0000000702a00000, 0x0000000702a00000|100%| O|  |TAMS 0x0000000702a00000, 0x0000000702800000| Untracked 
|   3|0x0000000702a00000, 0x0000000702c00000, 0x0000000702c00000|100%| O|  |TAMS 0x0000000702c00000, 0x0000000702a00000| Untracked 
|   4|0x0000000702c00000, 0x0000000702e00000, 0x0000000702e00000|100%| O|  |TAMS 0x0000000702e00000, 0x0000000702c00000| Untracked 
|   5|0x0000000702e00000, 0x0000000703000000, 0x0000000703000000|100%| O|  |TAMS 0x0000000703000000, 0x0000000702e00000| Untracked 
|   6|0x0000000703000000, 0x0000000703200000, 0x0000000703200000|100%| O|  |TAMS 0x0000000703200000, 0x0000000703000000| Untracked 
|   7|0x0000000703200000, 0x0000000703400000, 0x0000000703400000|100%| O|  |TAMS 0x0000000703400000, 0x0000000703200000| Untracked 
|   8|0x0000000703400000, 0x0000000703600000, 0x0000000703600000|100%| O|  |TAMS 0x0000000703512200, 0x0000000703400000| Untracked 
|   9|0x0000000703600000, 0x0000000703800000, 0x0000000703800000|100%| O|  |TAMS 0x0000000703800000, 0x0000000703600000| Untracked 
|  10|0x0000000703800000, 0x0000000703a00000, 0x0000000703a00000|100%| O|  |TAMS 0x0000000703a00000, 0x0000000703800000| Untracked 
|  11|0x0000000703a00000, 0x0000000703c00000, 0x0000000703c00000|100%| O|  |TAMS 0x0000000703c00000, 0x0000000703a00000| Untracked 
|  12|0x0000000703c00000, 0x0000000703e00000, 0x0000000703e00000|100%| O|  |TAMS 0x0000000703e00000, 0x0000000703c00000| Untracked 
|  13|0x0000000703e00000, 0x0000000704000000, 0x0000000704000000|100%| O|  |TAMS 0x0000000703e00000, 0x0000000703e00000| Untracked 
|  14|0x0000000704000000, 0x0000000704057c00, 0x0000000704200000| 17%| O|  |TAMS 0x0000000704000000, 0x0000000704000000| Untracked 
|  15|0x0000000704200000, 0x0000000704400000, 0x0000000704400000|100%|HS|  |TAMS 0x0000000704200000, 0x0000000704200000| Complete 
|  16|0x0000000704400000, 0x0000000704600000, 0x0000000704600000|100%| O|  |TAMS 0x0000000704400000, 0x0000000704400000| Untracked 
|  17|0x0000000704600000, 0x0000000704800000, 0x0000000704800000|100%| O|  |TAMS 0x0000000704600000, 0x0000000704600000| Untracked 
|  18|0x0000000704800000, 0x0000000704a00000, 0x0000000704a00000|100%| O|  |TAMS 0x0000000704800000, 0x0000000704800000| Untracked 
|  19|0x0000000704a00000, 0x0000000704c00000, 0x0000000704c00000|100%| O|  |TAMS 0x0000000704a00000, 0x0000000704a00000| Untracked 
|  20|0x0000000704c00000, 0x0000000704e00000, 0x0000000704e00000|100%| O|  |TAMS 0x0000000704c00000, 0x0000000704c00000| Untracked 
|  21|0x0000000704e00000, 0x0000000705000000, 0x0000000705000000|100%| O|  |TAMS 0x0000000704e00000, 0x0000000704e00000| Untracked 
|  22|0x0000000705000000, 0x0000000705200000, 0x0000000705200000|100%| O|  |TAMS 0x0000000705000000, 0x0000000705000000| Untracked 
|  23|0x0000000705200000, 0x0000000705400000, 0x0000000705400000|100%| O|  |TAMS 0x0000000705200000, 0x0000000705200000| Untracked 
|  24|0x0000000705400000, 0x0000000705600000, 0x0000000705600000|100%| O|  |TAMS 0x0000000705400000, 0x0000000705400000| Untracked 
|  25|0x0000000705600000, 0x0000000705600000, 0x0000000705800000|  0%| F|  |TAMS 0x0000000705600000, 0x0000000705600000| Untracked 
|  26|0x0000000705800000, 0x0000000705800000, 0x0000000705a00000|  0%| F|  |TAMS 0x0000000705800000, 0x0000000705800000| Untracked 
|  27|0x0000000705a00000, 0x0000000705a00000, 0x0000000705c00000|  0%| F|  |TAMS 0x0000000705a00000, 0x0000000705a00000| Untracked 
|  28|0x0000000705c00000, 0x0000000705c00000, 0x0000000705e00000|  0%| F|  |TAMS 0x0000000705c00000, 0x0000000705c00000| Untracked 
|  29|0x0000000705e00000, 0x0000000705e00000, 0x0000000706000000|  0%| F|  |TAMS 0x0000000705e00000, 0x0000000705e00000| Untracked 
|  30|0x0000000706000000, 0x0000000706000000, 0x0000000706200000|  0%| F|  |TAMS 0x0000000706000000, 0x0000000706000000| Untracked 
|  31|0x0000000706200000, 0x0000000706200000, 0x0000000706400000|  0%| F|  |TAMS 0x0000000706200000, 0x0000000706200000| Untracked 
|  32|0x0000000706400000, 0x0000000706400000, 0x0000000706600000|  0%| F|  |TAMS 0x0000000706400000, 0x0000000706400000| Untracked 
|  33|0x0000000706600000, 0x0000000706600000, 0x0000000706800000|  0%| F|  |TAMS 0x0000000706600000, 0x0000000706600000| Untracked 
|  34|0x0000000706800000, 0x0000000706800000, 0x0000000706a00000|  0%| F|  |TAMS 0x0000000706800000, 0x0000000706800000| Untracked 
|  35|0x0000000706a00000, 0x0000000706ba2320, 0x0000000706c00000| 81%| S|CS|TAMS 0x0000000706a00000, 0x0000000706a00000| Complete 
|  36|0x0000000706c00000, 0x0000000706e00000, 0x0000000706e00000|100%| S|CS|TAMS 0x0000000706c00000, 0x0000000706c00000| Complete 
|  37|0x0000000706e00000, 0x0000000706e00000, 0x0000000707000000|  0%| F|  |TAMS 0x0000000706e00000, 0x0000000706e00000| Untracked 
|  38|0x0000000707000000, 0x0000000707000000, 0x0000000707200000|  0%| F|  |TAMS 0x0000000707000000, 0x0000000707000000| Untracked 
|  39|0x0000000707200000, 0x0000000707200000, 0x0000000707400000|  0%| F|  |TAMS 0x0000000707200000, 0x0000000707200000| Untracked 
|  40|0x0000000707400000, 0x0000000707400000, 0x0000000707600000|  0%| F|  |TAMS 0x0000000707400000, 0x0000000707400000| Untracked 
|  41|0x0000000707600000, 0x0000000707600000, 0x0000000707800000|  0%| F|  |TAMS 0x0000000707600000, 0x0000000707600000| Untracked 
|  42|0x0000000707800000, 0x0000000707800000, 0x0000000707a00000|  0%| F|  |TAMS 0x0000000707800000, 0x0000000707800000| Untracked 
|  43|0x0000000707a00000, 0x0000000707a00000, 0x0000000707c00000|  0%| F|  |TAMS 0x0000000707a00000, 0x0000000707a00000| Untracked 
|  44|0x0000000707c00000, 0x0000000707c00000, 0x0000000707e00000|  0%| F|  |TAMS 0x0000000707c00000, 0x0000000707c00000| Untracked 
|  45|0x0000000707e00000, 0x0000000707e00000, 0x0000000708000000|  0%| F|  |TAMS 0x0000000707e00000, 0x0000000707e00000| Untracked 
|  46|0x0000000708000000, 0x0000000708000000, 0x0000000708200000|  0%| F|  |TAMS 0x0000000708000000, 0x0000000708000000| Untracked 
|  47|0x0000000708200000, 0x0000000708200000, 0x0000000708400000|  0%| F|  |TAMS 0x0000000708200000, 0x0000000708200000| Untracked 
|  48|0x0000000708400000, 0x0000000708400000, 0x0000000708600000|  0%| F|  |TAMS 0x0000000708400000, 0x0000000708400000| Untracked 
|  49|0x0000000708600000, 0x0000000708600000, 0x0000000708800000|  0%| F|  |TAMS 0x0000000708600000, 0x0000000708600000| Untracked 
|  50|0x0000000708800000, 0x0000000708800000, 0x0000000708a00000|  0%| F|  |TAMS 0x0000000708800000, 0x0000000708800000| Untracked 
|  51|0x0000000708a00000, 0x0000000708a00000, 0x0000000708c00000|  0%| F|  |TAMS 0x0000000708a00000, 0x0000000708a00000| Untracked 
|  52|0x0000000708c00000, 0x0000000708c00000, 0x0000000708e00000|  0%| F|  |TAMS 0x0000000708c00000, 0x0000000708c00000| Untracked 
|  53|0x0000000708e00000, 0x0000000708e00000, 0x0000000709000000|  0%| F|  |TAMS 0x0000000708e00000, 0x0000000708e00000| Untracked 
|  54|0x0000000709000000, 0x0000000709000000, 0x0000000709200000|  0%| F|  |TAMS 0x0000000709000000, 0x0000000709000000| Untracked 
|  55|0x0000000709200000, 0x0000000709300800, 0x0000000709400000| 50%| E|  |TAMS 0x0000000709200000, 0x0000000709200000| Complete 
|  56|0x0000000709400000, 0x0000000709600000, 0x0000000709600000|100%| E|CS|TAMS 0x0000000709400000, 0x0000000709400000| Complete 
|  57|0x0000000709600000, 0x0000000709800000, 0x0000000709800000|100%| E|CS|TAMS 0x0000000709600000, 0x0000000709600000| Complete 
|  58|0x0000000709800000, 0x0000000709a00000, 0x0000000709a00000|100%| E|CS|TAMS 0x0000000709800000, 0x0000000709800000| Complete 
|  59|0x0000000709a00000, 0x0000000709c00000, 0x0000000709c00000|100%| E|CS|TAMS 0x0000000709a00000, 0x0000000709a00000| Complete 
|  60|0x0000000709c00000, 0x0000000709e00000, 0x0000000709e00000|100%| E|CS|TAMS 0x0000000709c00000, 0x0000000709c00000| Complete 
|  61|0x0000000709e00000, 0x000000070a000000, 0x000000070a000000|100%| E|CS|TAMS 0x0000000709e00000, 0x0000000709e00000| Complete 
|  62|0x000000070a000000, 0x000000070a200000, 0x000000070a200000|100%| E|CS|TAMS 0x000000070a000000, 0x000000070a000000| Complete 
|  63|0x000000070a200000, 0x000000070a400000, 0x000000070a400000|100%| E|CS|TAMS 0x000000070a200000, 0x000000070a200000| Complete 
|  64|0x000000070a400000, 0x000000070a600000, 0x000000070a600000|100%| E|CS|TAMS 0x000000070a400000, 0x000000070a400000| Complete 
|  65|0x000000070a600000, 0x000000070a800000, 0x000000070a800000|100%| E|CS|TAMS 0x000000070a600000, 0x000000070a600000| Complete 
|  66|0x000000070a800000, 0x000000070aa00000, 0x000000070aa00000|100%| E|CS|TAMS 0x000000070a800000, 0x000000070a800000| Complete 
|  67|0x000000070aa00000, 0x000000070ac00000, 0x000000070ac00000|100%| E|CS|TAMS 0x000000070aa00000, 0x000000070aa00000| Complete 
|  68|0x000000070ac00000, 0x000000070ae00000, 0x000000070ae00000|100%| E|CS|TAMS 0x000000070ac00000, 0x000000070ac00000| Complete 
|  69|0x000000070ae00000, 0x000000070b000000, 0x000000070b000000|100%| E|CS|TAMS 0x000000070ae00000, 0x000000070ae00000| Complete 
|  70|0x000000070b000000, 0x000000070b200000, 0x000000070b200000|100%| E|CS|TAMS 0x000000070b000000, 0x000000070b000000| Complete 
|  71|0x000000070b200000, 0x000000070b400000, 0x000000070b400000|100%| E|CS|TAMS 0x000000070b200000, 0x000000070b200000| Complete 
|  72|0x000000070b400000, 0x000000070b600000, 0x000000070b600000|100%| E|CS|TAMS 0x000000070b400000, 0x000000070b400000| Complete 
|  73|0x000000070b600000, 0x000000070b800000, 0x000000070b800000|100%| E|CS|TAMS 0x000000070b600000, 0x000000070b600000| Complete 
|  74|0x000000070b800000, 0x000000070ba00000, 0x000000070ba00000|100%| E|CS|TAMS 0x000000070b800000, 0x000000070b800000| Complete 
|  75|0x000000070ba00000, 0x000000070bc00000, 0x000000070bc00000|100%| E|CS|TAMS 0x000000070ba00000, 0x000000070ba00000| Complete 
|  76|0x000000070bc00000, 0x000000070be00000, 0x000000070be00000|100%| E|CS|TAMS 0x000000070bc00000, 0x000000070bc00000| Complete 
|  77|0x000000070be00000, 0x000000070c000000, 0x000000070c000000|100%| E|CS|TAMS 0x000000070be00000, 0x000000070be00000| Complete 
|  78|0x000000070c000000, 0x000000070c200000, 0x000000070c200000|100%| E|CS|TAMS 0x000000070c000000, 0x000000070c000000| Complete 
|  79|0x000000070c200000, 0x000000070c400000, 0x000000070c400000|100%| E|CS|TAMS 0x000000070c200000, 0x000000070c200000| Complete 
|  80|0x000000070c400000, 0x000000070c600000, 0x000000070c600000|100%| E|CS|TAMS 0x000000070c400000, 0x000000070c400000| Complete 
|  81|0x000000070c600000, 0x000000070c800000, 0x000000070c800000|100%| E|CS|TAMS 0x000000070c600000, 0x000000070c600000| Complete 
|  82|0x000000070c800000, 0x000000070ca00000, 0x000000070ca00000|100%| E|CS|TAMS 0x000000070c800000, 0x000000070c800000| Complete 
|  83|0x000000070ca00000, 0x000000070cc00000, 0x000000070cc00000|100%| E|CS|TAMS 0x000000070ca00000, 0x000000070ca00000| Complete 
|  84|0x000000070cc00000, 0x000000070ce00000, 0x000000070ce00000|100%| E|CS|TAMS 0x000000070cc00000, 0x000000070cc00000| Complete 
|  85|0x000000070ce00000, 0x000000070d000000, 0x000000070d000000|100%| E|CS|TAMS 0x000000070ce00000, 0x000000070ce00000| Complete 
|  86|0x000000070d000000, 0x000000070d200000, 0x000000070d200000|100%| E|CS|TAMS 0x000000070d000000, 0x000000070d000000| Complete 
|  87|0x000000070d200000, 0x000000070d400000, 0x000000070d400000|100%| E|CS|TAMS 0x000000070d200000, 0x000000070d200000| Complete 
|  88|0x000000070d400000, 0x000000070d600000, 0x000000070d600000|100%| E|CS|TAMS 0x000000070d400000, 0x000000070d400000| Complete 
|  89|0x000000070d600000, 0x000000070d800000, 0x000000070d800000|100%| E|CS|TAMS 0x000000070d600000, 0x000000070d600000| Complete 
|  90|0x000000070d800000, 0x000000070da00000, 0x000000070da00000|100%| E|CS|TAMS 0x000000070d800000, 0x000000070d800000| Complete 
|  91|0x000000070da00000, 0x000000070dc00000, 0x000000070dc00000|100%| E|CS|TAMS 0x000000070da00000, 0x000000070da00000| Complete 
|  92|0x000000070dc00000, 0x000000070de00000, 0x000000070de00000|100%| E|CS|TAMS 0x000000070dc00000, 0x000000070dc00000| Complete 
|  93|0x000000070de00000, 0x000000070e000000, 0x000000070e000000|100%| E|CS|TAMS 0x000000070de00000, 0x000000070de00000| Complete 
| 107|0x000000070fa00000, 0x000000070fc00000, 0x000000070fc00000|100%| E|CS|TAMS 0x000000070fa00000, 0x000000070fa00000| Complete 
| 126|0x0000000712000000, 0x0000000712200000, 0x0000000712200000|100%| E|CS|TAMS 0x0000000712000000, 0x0000000712000000| Complete 
|2028|0x00000007ffc00000, 0x00000007ffe00000, 0x00000007ffe00000|100%| O|  |TAMS 0x00000007ffe00000, 0x00000007ffc00000| Untracked 
|2029|0x00000007ffe00000, 0x0000000800000000, 0x0000000800000000|100%| O|  |TAMS 0x0000000800000000, 0x00000007ffe00000| Untracked 

Card table byte_map: [0x0000029e8ff80000,0x0000029e90770000] _byte_map_base: 0x0000029e8c76e000

Marking Bits (Prev, Next): (CMBitMap*) 0x0000029ef6a0bd30, (CMBitMap*) 0x0000029ef6a0bd70
 Prev Bits: [0x0000029e90f60000, 0x0000029e94ed0000)
 Next Bits: [0x0000029e94ed0000, 0x0000029e98e40000)

Polling page: 0x0000029eff9d0000

Metaspace:

Usage:
  Non-class:     32.75 MB used.
      Class:      4.04 MB used.
       Both:     36.79 MB used.

Virtual space:
  Non-class space:       40.00 MB reserved,      32.94 MB ( 82%) committed,  5 nodes.
      Class space:        1.00 GB reserved,       4.25 MB ( <1%) committed,  1 nodes.
             Both:        1.04 GB reserved,      37.19 MB (  3%) committed. 

Chunk freelists:
   Non-Class:  2.89 MB
       Class:  3.58 MB
        Both:  6.47 MB

MaxMetaspaceSize: unlimited
CompressedClassSpaceSize: 1.00 GB
Initial GC threshold: 21.00 MB
Current GC threshold: 43.75 MB
CDS: on
MetaspaceReclaimPolicy: balanced
 - commit_granule_bytes: 65536.
 - commit_granule_words: 8192.
 - virtual_space_node_default_size: 1048576.
 - enlarge_chunks_in_place: 1.
 - new_chunks_are_fully_committed: 0.
 - uncommit_free_chunks: 1.
 - use_allocation_guard: 0.
 - handle_deallocations: 1.


Internal statistics:

num_allocs_failed_limit: 3.
num_arena_births: 260.
num_arena_deaths: 0.
num_vsnodes_births: 6.
num_vsnodes_deaths: 0.
num_space_committed: 595.
num_space_uncommitted: 0.
num_chunks_returned_to_freelist: 3.
num_chunks_taken_from_freelist: 1642.
num_chunk_merges: 3.
num_chunk_splits: 1171.
num_chunks_enlarged: 917.
num_purges: 0.
num_inconsistent_stats: 0.

CodeHeap 'non-profiled nmethods': size=120000Kb used=6523Kb max_used=6523Kb free=113476Kb
 bounds [0x0000029e87ad0000, 0x0000029e88130000, 0x0000029e8f000000]
CodeHeap 'profiled nmethods': size=120000Kb used=20619Kb max_used=20619Kb free=99380Kb
 bounds [0x0000029e805a0000, 0x0000029e819d0000, 0x0000029e87ad0000]
CodeHeap 'non-nmethods': size=5760Kb used=1247Kb max_used=1304Kb free=4512Kb
 bounds [0x0000029e80000000, 0x0000029e80270000, 0x0000029e805a0000]
 total_blobs=10156 nmethods=9598 adapters=470
 compilation: enabled
              stopped_count=0, restarted_count=0
 full_count=0

Compilation events (20 events):
Event: 6.794 Thread 0x0000029e9c433a10 11385       2       org.objectweb.asm.commons.SignatureRemapper::visitClassBound (10 bytes)
Event: 6.794 Thread 0x0000029e9c433a10 nmethod 11385 0x0000029e819ba010 code [0x0000029e819ba1a0, 0x0000029e819ba2e8]
Event: 6.794 Thread 0x0000029e9c433a10 11386       2       org.objectweb.asm.signature.SignatureWriter::visitClassBound (2 bytes)
Event: 6.794 Thread 0x0000029e9c433a10 nmethod 11386 0x0000029e819ba390 code [0x0000029e819ba520, 0x0000029e819ba638]
Event: 6.805 Thread 0x0000029e9c433a10 11389       2       org.objectweb.asm.SymbolTable::putBootstrapMethods (56 bytes)
Event: 6.806 Thread 0x0000029e9c433a10 nmethod 11389 0x0000029e819ba710 code [0x0000029e819ba8e0, 0x0000029e819bab08]
Event: 6.807 Thread 0x0000029e9c433a10 11390       3       org.objectweb.asm.MethodWriter::visitFrame (811 bytes)
Event: 6.809 Thread 0x0000029e9c433a10 nmethod 11390 0x0000029e819bad10 code [0x0000029e819bb220, 0x0000029e819bd448]
Event: 6.809 Thread 0x0000029e9c433a10 11391       2       org.objectweb.asm.AnnotationWriter::computeAnnotationsSize (42 bytes)
Event: 6.810 Thread 0x0000029e9c433a10 nmethod 11391 0x0000029e819be310 code [0x0000029e819be4c0, 0x0000029e819be688]
Event: 6.811 Thread 0x0000029e9c433a10 11392       2       org.objectweb.asm.AnnotationWriter::putAnnotations (110 bytes)
Event: 6.811 Thread 0x0000029e9c433a10 nmethod 11392 0x0000029e819be810 code [0x0000029e819bea00, 0x0000029e819bed08]
Event: 6.814 Thread 0x0000029e9c433a10 11393       3       org.objectweb.asm.MethodWriter::putFrame (549 bytes)
Event: 6.815 Thread 0x0000029e9c433a10 nmethod 11393 0x0000029e819bef90 code [0x0000029e819bf3e0, 0x0000029e819c0f18]
Event: 6.817 Thread 0x0000029e9c433a10 11395       2       org.objectweb.asm.TypePath::put (42 bytes)
Event: 6.818 Thread 0x0000029e9c433a10 nmethod 11395 0x0000029e819c1b90 code [0x0000029e819c1d40, 0x0000029e819c1ef8]
Event: 6.818 Thread 0x0000029e9c433a10 11396       2       org.objectweb.asm.AnnotationWriter::create (50 bytes)
Event: 6.818 Thread 0x0000029e9c433a10 nmethod 11396 0x0000029e819c2090 code [0x0000029e819c2280, 0x0000029e819c2658]
Event: 6.818 Thread 0x0000029e9c433a10 11397       2       org.objectweb.asm.TypeReference::putTarget (385 bytes)
Event: 6.818 Thread 0x0000029e9c433a10 nmethod 11397 0x0000029e819c2890 code [0x0000029e819c2a80, 0x0000029e819c2dc8]

GC Heap History (20 events):
Event: 3.716 GC heap before
{Heap before GC invocations=12 (full 0):
 garbage-first heap   total 137216K, used 92130K [0x0000000702400000, 0x0000000800000000)
  region size 2048K, 28 young (57344K), 4 survivors (8192K)
 Metaspace       used 28889K, committed 29184K, reserved 1081344K
  class space    used 3266K, committed 3392K, reserved 1048576K
}
Event: 3.722 GC heap after
{Heap after GC invocations=13 (full 0):
 garbage-first heap   total 137216K, used 44009K [0x0000000702400000, 0x0000000800000000)
  region size 2048K, 1 young (2048K), 1 survivors (2048K)
 Metaspace       used 28889K, committed 29184K, reserved 1081344K
  class space    used 3266K, committed 3392K, reserved 1048576K
}
Event: 3.906 GC heap before
{Heap before GC invocations=13 (full 0):
 garbage-first heap   total 137216K, used 93161K [0x0000000702400000, 0x0000000800000000)
  region size 2048K, 26 young (53248K), 1 survivors (2048K)
 Metaspace       used 29166K, committed 29504K, reserved 1081344K
  class space    used 3310K, committed 3456K, reserved 1048576K
}
Event: 3.907 GC heap after
{Heap after GC invocations=14 (full 0):
 garbage-first heap   total 137216K, used 43480K [0x0000000702400000, 0x0000000800000000)
  region size 2048K, 1 young (2048K), 1 survivors (2048K)
 Metaspace       used 29166K, committed 29504K, reserved 1081344K
  class space    used 3310K, committed 3456K, reserved 1048576K
}
Event: 3.997 GC heap before
{Heap before GC invocations=14 (full 0):
 garbage-first heap   total 137216K, used 98776K [0x0000000702400000, 0x0000000800000000)
  region size 2048K, 28 young (57344K), 1 survivors (2048K)
 Metaspace       used 29217K, committed 29504K, reserved 1081344K
  class space    used 3314K, committed 3456K, reserved 1048576K
}
Event: 3.998 GC heap after
{Heap after GC invocations=15 (full 0):
 garbage-first heap   total 137216K, used 43318K [0x0000000702400000, 0x0000000800000000)
  region size 2048K, 1 young (2048K), 1 survivors (2048K)
 Metaspace       used 29217K, committed 29504K, reserved 1081344K
  class space    used 3314K, committed 3456K, reserved 1048576K
}
Event: 4.145 GC heap before
{Heap before GC invocations=15 (full 0):
 garbage-first heap   total 137216K, used 102710K [0x0000000702400000, 0x0000000800000000)
  region size 2048K, 30 young (61440K), 1 survivors (2048K)
 Metaspace       used 29399K, committed 29696K, reserved 1081344K
  class space    used 3318K, committed 3456K, reserved 1048576K
}
Event: 4.148 GC heap after
{Heap after GC invocations=16 (full 0):
 garbage-first heap   total 137216K, used 44114K [0x0000000702400000, 0x0000000800000000)
  region size 2048K, 1 young (2048K), 1 survivors (2048K)
 Metaspace       used 29399K, committed 29696K, reserved 1081344K
  class space    used 3318K, committed 3456K, reserved 1048576K
}
Event: 4.294 GC heap before
{Heap before GC invocations=16 (full 0):
 garbage-first heap   total 137216K, used 105554K [0x0000000702400000, 0x0000000800000000)
  region size 2048K, 31 young (63488K), 1 survivors (2048K)
 Metaspace       used 30217K, committed 30592K, reserved 1081344K
  class space    used 3425K, committed 3584K, reserved 1048576K
}
Event: 4.297 GC heap after
{Heap after GC invocations=17 (full 0):
 garbage-first heap   total 137216K, used 44304K [0x0000000702400000, 0x0000000800000000)
  region size 2048K, 1 young (2048K), 1 survivors (2048K)
 Metaspace       used 30217K, committed 30592K, reserved 1081344K
  class space    used 3425K, committed 3584K, reserved 1048576K
}
Event: 4.944 GC heap before
{Heap before GC invocations=17 (full 0):
 garbage-first heap   total 137216K, used 107792K [0x0000000702400000, 0x0000000800000000)
  region size 2048K, 32 young (65536K), 1 survivors (2048K)
 Metaspace       used 32069K, committed 32384K, reserved 1081344K
  class space    used 3567K, committed 3712K, reserved 1048576K
}
Event: 4.951 GC heap after
{Heap after GC invocations=18 (full 0):
 garbage-first heap   total 165888K, used 47506K [0x0000000702400000, 0x0000000800000000)
  region size 2048K, 3 young (6144K), 3 survivors (6144K)
 Metaspace       used 32069K, committed 32384K, reserved 1081344K
  class space    used 3567K, committed 3712K, reserved 1048576K
}
Event: 5.486 GC heap before
{Heap before GC invocations=18 (full 0):
 garbage-first heap   total 165888K, used 127378K [0x0000000702400000, 0x0000000800000000)
  region size 2048K, 42 young (86016K), 3 survivors (6144K)
 Metaspace       used 32444K, committed 32832K, reserved 1081344K
  class space    used 3579K, committed 3776K, reserved 1048576K
}
Event: 5.493 GC heap after
{Heap after GC invocations=19 (full 0):
 garbage-first heap   total 165888K, used 49944K [0x0000000702400000, 0x0000000800000000)
  region size 2048K, 4 young (8192K), 4 survivors (8192K)
 Metaspace       used 32444K, committed 32832K, reserved 1081344K
  class space    used 3579K, committed 3776K, reserved 1048576K
}
Event: 6.060 GC heap before
{Heap before GC invocations=19 (full 0):
 garbage-first heap   total 165888K, used 129816K [0x0000000702400000, 0x0000000800000000)
  region size 2048K, 43 young (88064K), 4 survivors (8192K)
 Metaspace       used 34615K, committed 35008K, reserved 1081344K
  class space    used 3846K, committed 4032K, reserved 1048576K
}
Event: 6.073 GC heap after
{Heap after GC invocations=20 (full 0):
 garbage-first heap   total 165888K, used 53958K [0x0000000702400000, 0x0000000800000000)
  region size 2048K, 5 young (10240K), 5 survivors (10240K)
 Metaspace       used 34615K, committed 35008K, reserved 1081344K
  class space    used 3846K, committed 4032K, reserved 1048576K
}
Event: 6.528 GC heap before
{Heap before GC invocations=20 (full 0):
 garbage-first heap   total 165888K, used 127686K [0x0000000702400000, 0x0000000800000000)
  region size 2048K, 42 young (86016K), 5 survivors (10240K)
 Metaspace       used 37516K, committed 37952K, reserved 1089536K
  class space    used 4140K, committed 4352K, reserved 1048576K
}
Event: 6.537 GC heap after
{Heap after GC invocations=21 (full 0):
 garbage-first heap   total 165888K, used 56210K [0x0000000702400000, 0x0000000800000000)
  region size 2048K, 5 young (10240K), 5 survivors (10240K)
 Metaspace       used 37516K, committed 37952K, reserved 1089536K
  class space    used 4140K, committed 4352K, reserved 1048576K
}
Event: 6.708 GC heap before
{Heap before GC invocations=21 (full 0):
 garbage-first heap   total 165888K, used 131986K [0x0000000702400000, 0x0000000800000000)
  region size 2048K, 42 young (86016K), 5 survivors (10240K)
 Metaspace       used 37659K, committed 38080K, reserved 1089536K
  class space    used 4141K, committed 4352K, reserved 1048576K
}
Event: 6.715 GC heap after
{Heap after GC invocations=22 (full 0):
 garbage-first heap   total 200704K, used 57319K [0x0000000702400000, 0x0000000800000000)
  region size 2048K, 2 young (4096K), 2 survivors (4096K)
 Metaspace       used 37659K, committed 38080K, reserved 1089536K
  class space    used 4141K, committed 4352K, reserved 1048576K
}

Deoptimization events (20 events):
Event: 6.720 Thread 0x0000029ef699fcc0 DEOPT PACKING pc=0x0000029e81902ea7 sp=0x000000ed97ffcd30
Event: 6.720 Thread 0x0000029ef699fcc0 DEOPT UNPACKING pc=0x0000029e80052b43 sp=0x000000ed97ffc258 mode 0
Event: 6.754 Thread 0x0000029ef699fcc0 DEOPT PACKING pc=0x0000029e81924e24 sp=0x000000ed97ffcf00
Event: 6.754 Thread 0x0000029ef699fcc0 DEOPT UNPACKING pc=0x0000029e80052b43 sp=0x000000ed97ffc490 mode 0
Event: 6.785 Thread 0x0000029ef699fcc0 Uncommon trap: trap_request=0xffffffbe fr.pc=0x0000029e8812d640 relative=0x00000000000011a0
Event: 6.785 Thread 0x0000029ef699fcc0 Uncommon trap: reason=profile_predicate action=maybe_recompile pc=0x0000029e8812d640 method=java.util.regex.Pattern$BnM.match(Ljava/util/regex/Matcher;ILjava/lang/CharSequence;)Z @ 34 c2
Event: 6.785 Thread 0x0000029ef699fcc0 DEOPT PACKING pc=0x0000029e8812d640 sp=0x000000ed97ffd650
Event: 6.785 Thread 0x0000029ef699fcc0 DEOPT UNPACKING pc=0x0000029e800523a3 sp=0x000000ed97ffd618 mode 2
Event: 6.785 Thread 0x0000029ef699fcc0 Uncommon trap: trap_request=0xffffffbe fr.pc=0x0000029e8812d640 relative=0x00000000000011a0
Event: 6.785 Thread 0x0000029ef699fcc0 Uncommon trap: reason=profile_predicate action=maybe_recompile pc=0x0000029e8812d640 method=java.util.regex.Pattern$BnM.match(Ljava/util/regex/Matcher;ILjava/lang/CharSequence;)Z @ 34 c2
Event: 6.785 Thread 0x0000029ef699fcc0 DEOPT PACKING pc=0x0000029e8812d640 sp=0x000000ed97ffd7f0
Event: 6.785 Thread 0x0000029ef699fcc0 DEOPT UNPACKING pc=0x0000029e800523a3 sp=0x000000ed97ffd7b8 mode 2
Event: 6.785 Thread 0x0000029ef699fcc0 Uncommon trap: trap_request=0xffffffbe fr.pc=0x0000029e8812d640 relative=0x00000000000011a0
Event: 6.785 Thread 0x0000029ef699fcc0 Uncommon trap: reason=profile_predicate action=maybe_recompile pc=0x0000029e8812d640 method=java.util.regex.Pattern$BnM.match(Ljava/util/regex/Matcher;ILjava/lang/CharSequence;)Z @ 34 c2
Event: 6.785 Thread 0x0000029ef699fcc0 DEOPT PACKING pc=0x0000029e8812d640 sp=0x000000ed97ffd100
Event: 6.785 Thread 0x0000029ef699fcc0 DEOPT UNPACKING pc=0x0000029e800523a3 sp=0x000000ed97ffd0c8 mode 2
Event: 6.785 Thread 0x0000029ef699fcc0 Uncommon trap: trap_request=0xffffffbe fr.pc=0x0000029e8812d640 relative=0x00000000000011a0
Event: 6.785 Thread 0x0000029ef699fcc0 Uncommon trap: reason=profile_predicate action=maybe_recompile pc=0x0000029e8812d640 method=java.util.regex.Pattern$BnM.match(Ljava/util/regex/Matcher;ILjava/lang/CharSequence;)Z @ 34 c2
Event: 6.785 Thread 0x0000029ef699fcc0 DEOPT PACKING pc=0x0000029e8812d640 sp=0x000000ed97ffccc0
Event: 6.785 Thread 0x0000029ef699fcc0 DEOPT UNPACKING pc=0x0000029e800523a3 sp=0x000000ed97ffcc88 mode 2

Classes unloaded (0 events):
No events

Classes redefined (0 events):
No events

Internal exceptions (20 events):
Event: 5.634 Thread 0x0000029ef699fcc0 Exception <a 'sun/nio/fs/WindowsException'{0x000000070ad34bd0}> (0x000000070ad34bd0) 
thrown [t:\workspace\open\src\hotspot\share\prims\jni.cpp, line 516]
Event: 5.634 Thread 0x0000029ef699fcc0 Exception <a 'sun/nio/fs/WindowsException'{0x000000070ad358c0}> (0x000000070ad358c0) 
thrown [t:\workspace\open\src\hotspot\share\prims\jni.cpp, line 516]
Event: 5.638 Thread 0x0000029ef699fcc0 Exception <a 'sun/nio/fs/WindowsException'{0x000000070adcb528}> (0x000000070adcb528) 
thrown [t:\workspace\open\src\hotspot\share\prims\jni.cpp, line 516]
Event: 5.638 Thread 0x0000029ef699fcc0 Exception <a 'sun/nio/fs/WindowsException'{0x000000070adcbba0}> (0x000000070adcbba0) 
thrown [t:\workspace\open\src\hotspot\share\prims\jni.cpp, line 516]
Event: 5.638 Thread 0x0000029ef699fcc0 Exception <a 'sun/nio/fs/WindowsException'{0x000000070adcc878}> (0x000000070adcc878) 
thrown [t:\workspace\open\src\hotspot\share\prims\jni.cpp, line 516]
Event: 5.642 Thread 0x0000029ef699fcc0 Exception <a 'sun/nio/fs/WindowsException'{0x000000070aaae7a0}> (0x000000070aaae7a0) 
thrown [t:\workspace\open\src\hotspot\share\prims\jni.cpp, line 516]
Event: 5.642 Thread 0x0000029ef699fcc0 Exception <a 'sun/nio/fs/WindowsException'{0x000000070aaaee10}> (0x000000070aaaee10) 
thrown [t:\workspace\open\src\hotspot\share\prims\jni.cpp, line 516]
Event: 5.642 Thread 0x0000029ef699fcc0 Exception <a 'sun/nio/fs/WindowsException'{0x000000070aaafa58}> (0x000000070aaafa58) 
thrown [t:\workspace\open\src\hotspot\share\prims\jni.cpp, line 516]
Event: 5.652 Thread 0x0000029ef699fcc0 Exception <a 'sun/nio/fs/WindowsException'{0x000000070a88f550}> (0x000000070a88f550) 
thrown [t:\workspace\open\src\hotspot\share\prims\jni.cpp, line 516]
Event: 5.652 Thread 0x0000029ef699fcc0 Exception <a 'sun/nio/fs/WindowsException'{0x000000070a88fbe8}> (0x000000070a88fbe8) 
thrown [t:\workspace\open\src\hotspot\share\prims\jni.cpp, line 516]
Event: 5.652 Thread 0x0000029ef699fcc0 Exception <a 'sun/nio/fs/WindowsException'{0x000000070a890a80}> (0x000000070a890a80) 
thrown [t:\workspace\open\src\hotspot\share\prims\jni.cpp, line 516]
Event: 5.654 Thread 0x0000029ef699fcc0 Exception <a 'sun/nio/fs/WindowsException'{0x000000070a8d3b88}> (0x000000070a8d3b88) 
thrown [t:\workspace\open\src\hotspot\share\prims\jni.cpp, line 516]
Event: 5.654 Thread 0x0000029ef699fcc0 Exception <a 'sun/nio/fs/WindowsException'{0x000000070a8d4218}> (0x000000070a8d4218) 
thrown [t:\workspace\open\src\hotspot\share\prims\jni.cpp, line 516]
Event: 5.654 Thread 0x0000029ef699fcc0 Exception <a 'sun/nio/fs/WindowsException'{0x000000070a8d5020}> (0x000000070a8d5020) 
thrown [t:\workspace\open\src\hotspot\share\prims\jni.cpp, line 516]
Event: 5.907 Thread 0x0000029e9d870300 Exception <a 'java/lang/NoSuchMethodError'{0x0000000708b3a3d0}: 'java.lang.Object java.lang.invoke.DirectMethodHandle$Holder.invokeStatic(java.lang.Object, java.lang.Object, long, java.lang.Object)'> (0x0000000708b3a3d0) 
thrown [t:\workspace\open\src\hotspot\share\interpreter\linkResolver.cpp, line 766]
Event: 5.907 Thread 0x0000029e9d870300 Exception <a 'java/lang/NoSuchMethodError'{0x0000000708b3dba8}: 'java.lang.Object java.lang.invoke.DirectMethodHandle$Holder.invokeStaticInit(java.lang.Object, java.lang.Object, long, java.lang.Object)'> (0x0000000708b3dba8) 
thrown [t:\workspace\open\src\hotspot\share\interpreter\linkResolver.cpp, line 766]
Event: 5.907 Thread 0x0000029e9d870300 Exception <a 'java/lang/NoSuchMethodError'{0x0000000708b441f0}: 'java.lang.Object java.lang.invoke.DirectMethodHandle$Holder.newInvokeSpecial(java.lang.Object, java.lang.Object, long)'> (0x0000000708b441f0) 
thrown [t:\workspace\open\src\hotspot\share\interpreter\linkResolver.cpp, line 766]
Event: 5.908 Thread 0x0000029e9d870300 Exception <a 'java/lang/NoSuchMethodError'{0x0000000708b47d60}: 'java.lang.Object java.lang.invoke.Invokers$Holder.linkToTargetMethod(java.lang.Object, long, java.lang.Object)'> (0x0000000708b47d60) 
thrown [t:\workspace\open\src\hotspot\share\interpreter\linkResolver.cpp, line 766]
Event: 6.226 Thread 0x0000029e9f2eac20 Implicit null exception at 0x0000029e880bdd11 to 0x0000029e880bde88
Event: 6.226 Thread 0x0000029ea18b7490 Implicit null exception at 0x0000029e880bdd11 to 0x0000029e880bde88

VM Operations (20 events):
Event: 6.135 Executing VM operation: HandshakeAllThreads
Event: 6.135 Executing VM operation: HandshakeAllThreads done
Event: 6.206 Executing VM operation: HandshakeAllThreads
Event: 6.206 Executing VM operation: HandshakeAllThreads done
Event: 6.214 Executing VM operation: HandshakeAllThreads
Event: 6.214 Executing VM operation: HandshakeAllThreads done
Event: 6.229 Executing VM operation: HandshakeAllThreads
Event: 6.229 Executing VM operation: HandshakeAllThreads done
Event: 6.245 Executing VM operation: HandshakeAllThreads
Event: 6.245 Executing VM operation: HandshakeAllThreads done
Event: 6.247 Executing VM operation: HandshakeAllThreads
Event: 6.247 Executing VM operation: HandshakeAllThreads done
Event: 6.352 Executing VM operation: HandshakeAllThreads
Event: 6.353 Executing VM operation: HandshakeAllThreads done
Event: 6.434 Executing VM operation: ICBufferFull
Event: 6.434 Executing VM operation: ICBufferFull done
Event: 6.528 Executing VM operation: G1CollectForAllocation
Event: 6.537 Executing VM operation: G1CollectForAllocation done
Event: 6.708 Executing VM operation: G1CollectForAllocation
Event: 6.715 Executing VM operation: G1CollectForAllocation done

Events (20 events):
Event: 6.250 loading class java/util/concurrent/ConcurrentLinkedDeque$Itr
Event: 6.250 loading class java/util/concurrent/ConcurrentLinkedDeque$AbstractItr
Event: 6.250 loading class java/util/concurrent/ConcurrentLinkedDeque$AbstractItr done
Event: 6.250 loading class java/util/concurrent/ConcurrentLinkedDeque$Itr done
Event: 6.252 Thread 0x0000029ea19c7b90 Thread exited: 0x0000029ea19c7b90
Event: 6.252 Thread 0x0000029ea19c76c0 Thread exited: 0x0000029ea19c76c0
Event: 6.252 Thread 0x0000029ea19c6850 Thread exited: 0x0000029ea19c6850
Event: 6.252 Thread 0x0000029e9f2eac20 Thread exited: 0x0000029e9f2eac20
Event: 6.252 Thread 0x0000029ea19c5eb0 Thread exited: 0x0000029ea19c5eb0
Event: 6.252 Thread 0x0000029ea19c5040 Thread exited: 0x0000029ea19c5040
Event: 6.252 Thread 0x0000029ea19c8530 Thread exited: 0x0000029ea19c8530
Event: 6.252 Thread 0x0000029ea18b7490 Thread exited: 0x0000029ea18b7490
Event: 6.252 Thread 0x0000029ea19c5510 Thread exited: 0x0000029ea19c5510
Event: 6.252 Thread 0x0000029ea19c8060 Thread exited: 0x0000029ea19c8060
Event: 6.252 Thread 0x0000029ea19c6d20 Thread exited: 0x0000029ea19c6d20
Event: 6.252 Thread 0x0000029e9ee74a60 Thread exited: 0x0000029e9ee74a60
Event: 6.348 loading class java/util/jar/JarOutputStream
Event: 6.348 loading class java/util/jar/JarOutputStream done
Event: 6.413 loading class java/util/zip/ZipOutputStream$XEntry
Event: 6.413 loading class java/util/zip/ZipOutputStream$XEntry done


Dynamic libraries:
0x00007ff7b92c0000 - 0x00007ff7b92d0000 	C:\Program Files\Java\jdk-17.0.3.1\bin\java.exe
0x00007ffef7fd0000 - 0x00007ffef81c5000 	C:\Windows\SYSTEM32\ntdll.dll
0x00007ffef7ca0000 - 0x00007ffef7d5d000 	C:\Windows\System32\KERNEL32.DLL
0x00007ffef5850000 - 0x00007ffef5b18000 	C:\Windows\System32\KERNELBASE.dll
0x00007ffef5b20000 - 0x00007ffef5c20000 	C:\Windows\System32\ucrtbase.dll
0x00007ffee7750000 - 0x00007ffee7768000 	C:\Program Files\Java\jdk-17.0.3.1\bin\jli.dll
0x00007ffedc890000 - 0x00007ffedc8aa000 	C:\Program Files\Java\jdk-17.0.3.1\bin\VCRUNTIME140.dll
0x00007ffef66c0000 - 0x00007ffef676c000 	C:\Windows\System32\ADVAPI32.dll
0x00007ffef7860000 - 0x00007ffef78fe000 	C:\Windows\System32\msvcrt.dll
0x00007ffef6210000 - 0x00007ffef62ab000 	C:\Windows\System32\sechost.dll
0x00007ffef7b70000 - 0x00007ffef7c9b000 	C:\Windows\System32\RPCRT4.dll
0x00007ffef79d0000 - 0x00007ffef7b70000 	C:\Windows\System32\USER32.dll
0x00007ffef5c20000 - 0x00007ffef5c42000 	C:\Windows\System32\win32u.dll
0x00007ffef7830000 - 0x00007ffef785a000 	C:\Windows\System32\GDI32.dll
0x00007ffef5740000 - 0x00007ffef584b000 	C:\Windows\System32\gdi32full.dll
0x00007ffee9430000 - 0x00007ffee96ca000 	C:\Windows\WinSxS\amd64_microsoft.windows.common-controls_6595b64144ccf1df_6.0.19041.844_none_ca00b6081b84eb1d\COMCTL32.dll
0x00007ffef5dd0000 - 0x00007ffef5e6d000 	C:\Windows\System32\msvcp_win.dll
0x00007ffeed900000 - 0x00007ffeed90a000 	C:\Windows\SYSTEM32\VERSION.dll
0x00007ffef7800000 - 0x00007ffef7830000 	C:\Windows\System32\IMM32.DLL
0x00007ffeef240000 - 0x00007ffeef24c000 	C:\Program Files\Java\jdk-17.0.3.1\bin\vcruntime140_1.dll
0x00007ffebe200000 - 0x00007ffebe28d000 	C:\Program Files\Java\jdk-17.0.3.1\bin\msvcp140.dll
0x00007ffe7a8c0000 - 0x00007ffe7b480000 	C:\Program Files\Java\jdk-17.0.3.1\bin\server\jvm.dll
0x00007ffef6050000 - 0x00007ffef6058000 	C:\Windows\System32\PSAPI.DLL
0x00007ffee5b60000 - 0x00007ffee5b87000 	C:\Windows\SYSTEM32\WINMM.dll
0x00007ffed80f0000 - 0x00007ffed80f9000 	C:\Windows\SYSTEM32\WSOCK32.dll
0x00007ffef7f20000 - 0x00007ffef7f8b000 	C:\Windows\System32\WS2_32.dll
0x00007ffef3670000 - 0x00007ffef3682000 	C:\Windows\SYSTEM32\kernel.appcore.dll
0x00007ffee9190000 - 0x00007ffee919a000 	C:\Program Files\Java\jdk-17.0.3.1\bin\jimage.dll
0x00007ffee42d0000 - 0x00007ffee44b4000 	C:\Windows\SYSTEM32\DBGHELP.DLL
0x00007ffec90e0000 - 0x00007ffec910c000 	C:\Windows\SYSTEM32\dbgcore.DLL
0x00007ffef5d50000 - 0x00007ffef5dd0000 	C:\Windows\System32\bcryptPrimitives.dll
0x00007ffed2690000 - 0x00007ffed26b5000 	C:\Program Files\Java\jdk-17.0.3.1\bin\java.dll
0x00007ffeb6a20000 - 0x00007ffeb6af6000 	C:\Program Files\Java\jdk-17.0.3.1\bin\jsvml.dll
0x00007ffef6910000 - 0x00007ffef7052000 	C:\Windows\System32\SHELL32.dll
0x00007ffef3870000 - 0x00007ffef4001000 	C:\Windows\SYSTEM32\windows.storage.dll
0x00007ffef6360000 - 0x00007ffef66b5000 	C:\Windows\System32\combase.dll
0x00007ffef5180000 - 0x00007ffef51ac000 	C:\Windows\SYSTEM32\Wldp.dll
0x00007ffef62b0000 - 0x00007ffef635e000 	C:\Windows\System32\SHCORE.dll
0x00007ffef7ec0000 - 0x00007ffef7f15000 	C:\Windows\System32\shlwapi.dll
0x00007ffef5650000 - 0x00007ffef566f000 	C:\Windows\SYSTEM32\profapi.dll
0x00007ffed4bf0000 - 0x00007ffed4c09000 	C:\Program Files\Java\jdk-17.0.3.1\bin\net.dll
0x00007ffeeed10000 - 0x00007ffeeee1b000 	C:\Windows\SYSTEM32\WINHTTP.dll
0x00007ffef4ef0000 - 0x00007ffef4f5a000 	C:\Windows\system32\mswsock.dll
0x00007ffed2670000 - 0x00007ffed2686000 	C:\Program Files\Java\jdk-17.0.3.1\bin\nio.dll
0x00007ffed0d70000 - 0x00007ffed0d88000 	C:\Program Files\Java\jdk-17.0.3.1\bin\zip.dll
0x00007ffef1590000 - 0x00007ffef15b4000 	D:\apache-maven-3.9.9\lib\jansi-native\Windows\x86_64\jansi.dll
0x00007ffed7d30000 - 0x00007ffed7d40000 	C:\Program Files\Java\jdk-17.0.3.1\bin\verify.dll

dbghelp: loaded successfully - version: 4.0.5 - missing functions: none
symbol engine: initialized successfully - sym options: 0x614 - pdb path: .;C:\Program Files\Java\jdk-17.0.3.1\bin;C:\Windows\SYSTEM32;C:\Windows\WinSxS\amd64_microsoft.windows.common-controls_6595b64144ccf1df_6.0.19041.844_none_ca00b6081b84eb1d;C:\Program Files\Java\jdk-17.0.3.1\bin\server;D:\apache-maven-3.9.9\lib\jansi-native\Windows\x86_64

VM Arguments:
jvm_args: -Dclassworlds.conf=D:\apache-maven-3.9.9\bin\m2.conf -Dmaven.home=D:\apache-maven-3.9.9 -Dlibrary.jansi.path=D:\apache-maven-3.9.9\lib\jansi-native -Dmaven.multiModuleProjectDirectory=D:\我的世界国家插件\Nation 
java_command: org.codehaus.plexus.classworlds.launcher.Launcher clean package
java_class_path (initial): D:\apache-maven-3.9.9\boot\plexus-classworlds-2.8.0.jar
Launcher Type: SUN_STANDARD

[Global flags]
     intx CICompilerCount                          = 4                                         {product} {ergonomic}
     uint ConcGCThreads                            = 3                                         {product} {ergonomic}
     uint G1ConcRefinementThreads                  = 10                                        {product} {ergonomic}
   size_t G1HeapRegionSize                         = 2097152                                   {product} {ergonomic}
    uintx GCDrainStackTargetSize                   = 64                                        {product} {ergonomic}
   size_t InitialHeapSize                          = 266338304                                 {product} {ergonomic}
   size_t MarkStackSize                            = 4194304                                   {product} {ergonomic}
   size_t MaxHeapSize                              = 4257218560                                {product} {ergonomic}
   size_t MaxNewSize                               = 2554331136                                {product} {ergonomic}
   size_t MinHeapDeltaBytes                        = 2097152                                   {product} {ergonomic}
   size_t MinHeapSize                              = 8388608                                   {product} {ergonomic}
    uintx NonNMethodCodeHeapSize                   = 5839372                                {pd product} {ergonomic}
    uintx NonProfiledCodeHeapSize                  = 122909434                              {pd product} {ergonomic}
    uintx ProfiledCodeHeapSize                     = 122909434                              {pd product} {ergonomic}
    uintx ReservedCodeCacheSize                    = 251658240                              {pd product} {ergonomic}
     bool SegmentedCodeCache                       = true                                      {product} {ergonomic}
   size_t SoftMaxHeapSize                          = 4257218560                             {manageable} {ergonomic}
     bool UseCompressedClassPointers               = true                           {product lp64_product} {ergonomic}
     bool UseCompressedOops                        = true                           {product lp64_product} {ergonomic}
     bool UseG1GC                                  = true                                      {product} {ergonomic}
     bool UseLargePagesIndividualAllocation        = false                                  {pd product} {ergonomic}

Logging:
Log output configuration:
 #0: stdout all=warning uptime,level,tags
 #1: stderr all=off uptime,level,tags

Environment Variables:
JAVA_HOME=C:\Program Files\Java\jdk-17.0.3.1
PATH=C:\Program Files\Java\jdk-17.0.3.1\bin;C:\Program Files\Common Files\Oracle\Java\javapath;C:\Program Files (x86)\Common Files\Oracle\Java\java8path;C:\Program Files (x86)\Common Files\Oracle\Java\javapath;c:\Users\Administrator\AppData\Local\Programs\cursor\resources\app\bin;E:\Oracle\product\11.2.0\dbhome_1\bin;C:\Windows\system32;C:\Windows;C:\Windows\System32\Wbem;C:\Windows\System32\WindowsPowerShell\v1.0\;C:\Windows\System32\OpenSSH\;C:\Program Files (x86)\NVIDIA Corporation\PhysX\Common;C:\Program Files\NVIDIA Corporation\NVIDIA NvDLISR;C:\Program Files\Microsoft SQL Server\150\Tools\Binn\;C:\Program Files\Microsoft SQL Server\Client SDK\ODBC\170\Tools\Binn\;C:\Program Files\dotnet\;D:\SVN\bin;C:\Users\Administrator\AppData\Local\Microsoft\WindowsApps;C:\Users\Administrator\.dotnet\tools;c:\Users\Administrator\AppData\Local\Programs\cursor\resources\app\bin;D:\NodeJS\;D:\apache-maven-3.9.9\bin;C:\Users\Administrator\AppData\Local\Microsoft\WindowsApps;C:\Users\Administrator\.dotnet\;C:\Users\Administrator\AppData\Local\Microsoft\WindowsApps;C:\Users\Administrator\.dotnet\tools;D:\Microsoft VS Code\bin;C:\Users\Administrator\AppData\Roaming\npm;D:\IntelliJ IDEA 2024.3\bin;;C:\Users\Administrator\AppData\Local\GitHubDesktop\bin;D:\Windsurf\bin
USERNAME=Administrator
LANG=zh_CN.UTF-8
OS=Windows_NT
PROCESSOR_IDENTIFIER=Intel64 Family 6 Model 151 Stepping 5, GenuineIntel



---------------  S Y S T E M  ---------------

OS:
 Windows 10 , 64 bit Build 19041 (10.0.19041.928)
OS uptime: 0 days 13:43 hours

CPU: total 12 (initial active 12) (6 cores per cpu, 2 threads per core) family 6 model 151 stepping 5 microcode 0x32, cx8, cmov, fxsr, ht, mmx, 3dnowpref, sse, sse2, sse3, ssse3, sse4.1, sse4.2, popcnt, lzcnt, tsc, tscinvbit, avx, avx2, aes, erms, clmul, bmi1, bmi2, adx, sha, fma, vzeroupper, clflush, clflushopt, clwb

Memory: 4k page, system-wide physical 16237M (4113M free)
TotalPageFile size 26611M (AvailPageFile size 6M)
current process WorkingSet (physical memory assigned to process): 441M, peak: 442M
current process commit charge ("private bytes"): 490M, peak: 492M

vm_info: Java HotSpot(TM) 64-Bit Server VM (17.0.3.1+2-LTS-6) for windows-amd64 JRE (17.0.3.1+2-LTS-6), built on Apr 25 2022 22:04:21 by "mach5one" with MS VC++ 16.8 / 16.9 (VS2019)

END.
